20:48:19:011  INFO 11968 --- [main] com.hmall.HMallApplication               : Starting HMallApplication using Java 11.0.15.1 on Liu with PID 11968 (D:\Code\service\day02\hmall\hm-service\target\classes started by 73789 in D:\Code\service\day02\hmall)
20:48:19:041 DEBUG 11968 --- [main] com.hmall.HMallApplication               : Running with Spring Boot v2.7.12, Spring v5.3.27
20:48:19:041  INFO 11968 --- [main] com.hmall.HMallApplication               : The following 1 profile is active: "dev"
20:48:21:004  INFO 11968 --- [main] .s.d.r.c.RepositoryConfigurationDelegate : Multiple Spring Data modules found, entering strict repository configuration mode
20:48:21:009  INFO 11968 --- [main] .s.d.r.c.RepositoryConfigurationDelegate : Bootstrapping Spring Data Redis repositories in DEFAULT mode.
20:48:21:062  INFO 11968 --- [main] .s.d.r.c.RepositoryConfigurationDelegate : Finished Spring Data repository scanning in 20 ms. Found 0 Redis repository interfaces.
20:48:21:775  INFO 11968 --- [main] o.s.b.w.embedded.tomcat.TomcatWebServer  : Tomcat initialized with port(s): 8080 (http)
20:48:21:783  INFO 11968 --- [main] o.apache.catalina.core.StandardService   : Starting service [Tomcat]
20:48:21:784  INFO 11968 --- [main] org.apache.catalina.core.StandardEngine  : Starting Servlet engine: [Apache Tomcat/9.0.75]
20:48:21:878  INFO 11968 --- [main] o.a.c.c.C.[Tomcat].[localhost].[/]       : Initializing Spring embedded WebApplicationContext
20:48:21:878  INFO 11968 --- [main] w.s.c.ServletWebServerApplicationContext : Root WebApplicationContext: initialization completed in 2770 ms
20:48:23:784  INFO 11968 --- [main] pertySourcedRequestMappingHandlerMapping : Mapped URL path [/v2/api-docs] onto method [springfox.documentation.swagger2.web.Swagger2ControllerWebMvc#getDocumentation(String, HttpServletRequest)]
20:48:24:255  INFO 11968 --- [main] o.s.b.w.embedded.tomcat.TomcatWebServer  : Tomcat started on port(s): 8080 (http) with context path ''
20:48:24:257  INFO 11968 --- [main] d.s.w.p.DocumentationPluginsBootstrapper : Documentation plugins bootstrapped
20:48:24:262  INFO 11968 --- [main] d.s.w.p.DocumentationPluginsBootstrapper : Found 1 custom documentation plugin(s)
20:48:24:300  INFO 11968 --- [main] s.d.s.w.s.ApiListingReferenceScanner     : Scanning for api listing references
20:48:24:483  INFO 11968 --- [main] com.hmall.HMallApplication               : Started HMallApplication in 5.888 seconds (JVM running for 6.811)
20:51:08:044  INFO 23932 --- [main] com.hmall.HMallApplication               : Starting HMallApplication using Java 11.0.15.1 on Liu with PID 23932 (D:\Code\service\day02\hmall\hm-service\target\classes started by 73789 in D:\Code\service\day02\hmall)
20:51:08:046 DEBUG 23932 --- [main] com.hmall.HMallApplication               : Running with Spring Boot v2.7.12, Spring v5.3.27
20:51:08:047  INFO 23932 --- [main] com.hmall.HMallApplication               : The following 1 profile is active: "dev"
20:51:09:001  INFO 23932 --- [main] .s.d.r.c.RepositoryConfigurationDelegate : Multiple Spring Data modules found, entering strict repository configuration mode
20:51:09:003  INFO 23932 --- [main] .s.d.r.c.RepositoryConfigurationDelegate : Bootstrapping Spring Data Redis repositories in DEFAULT mode.
20:51:09:043  INFO 23932 --- [main] .s.d.r.c.RepositoryConfigurationDelegate : Finished Spring Data repository scanning in 18 ms. Found 0 Redis repository interfaces.
20:51:09:697  INFO 23932 --- [main] o.s.b.w.embedded.tomcat.TomcatWebServer  : Tomcat initialized with port(s): 8080 (http)
20:51:09:709  INFO 23932 --- [main] o.apache.catalina.core.StandardService   : Starting service [Tomcat]
20:51:09:709  INFO 23932 --- [main] org.apache.catalina.core.StandardEngine  : Starting Servlet engine: [Apache Tomcat/9.0.75]
20:51:09:885  INFO 23932 --- [main] o.a.c.c.C.[Tomcat].[localhost].[/]       : Initializing Spring embedded WebApplicationContext
20:51:09:885  INFO 23932 --- [main] w.s.c.ServletWebServerApplicationContext : Root WebApplicationContext: initialization completed in 1785 ms
20:51:12:686  INFO 23932 --- [main] pertySourcedRequestMappingHandlerMapping : Mapped URL path [/v2/api-docs] onto method [springfox.documentation.swagger2.web.Swagger2ControllerWebMvc#getDocumentation(String, HttpServletRequest)]
20:51:13:260  INFO 23932 --- [main] o.s.b.w.embedded.tomcat.TomcatWebServer  : Tomcat started on port(s): 8080 (http) with context path ''
20:51:13:263  INFO 23932 --- [main] d.s.w.p.DocumentationPluginsBootstrapper : Documentation plugins bootstrapped
20:51:13:270  INFO 23932 --- [main] d.s.w.p.DocumentationPluginsBootstrapper : Found 1 custom documentation plugin(s)
20:51:13:346  INFO 23932 --- [main] s.d.s.w.s.ApiListingReferenceScanner     : Scanning for api listing references
20:51:13:726  INFO 23932 --- [main] com.hmall.HMallApplication               : Started HMallApplication in 6.198 seconds (JVM running for 7.302)
