09:47:44:591  INFO 7636 --- [main] com.hmall.cart.CartApplication           : Starting CartApplication using Java 11.0.15.1 on Liu with PID 7636 (D:\Code\service\day02\hmall\cart-service\target\classes started by 73789 in D:\Code\service\day02\hmall)
09:47:44:596 DEBUG 7636 --- [main] com.hmall.cart.CartApplication           : Running with Spring Boot v2.7.12, Spring v5.3.27
09:47:44:596  INFO 7636 --- [main] com.hmall.cart.CartApplication           : The following 1 profile is active: "dev"
09:47:45:415  INFO 7636 --- [main] o.s.cloud.context.scope.GenericScope     : BeanFactory id=ad7d4ab6-0ed6-317e-abdd-a7ff822481aa
09:47:45:692  INFO 7636 --- [main] o.s.b.w.embedded.tomcat.TomcatWebServer  : Tomcat initialized with port(s): 8082 (http)
09:47:45:703  INFO 7636 --- [main] o.apache.catalina.core.StandardService   : Starting service [Tomcat]
09:47:45:704  INFO 7636 --- [main] org.apache.catalina.core.StandardEngine  : Starting Servlet engine: [Apache Tomcat/9.0.75]
09:47:45:826  INFO 7636 --- [main] o.a.c.c.C.[Tomcat].[localhost].[/]       : Initializing Spring embedded WebApplicationContext
09:47:45:826  INFO 7636 --- [main] w.s.c.ServletWebServerApplicationContext : Root WebApplicationContext: initialization completed in 1198 ms
09:47:47:097  INFO 7636 --- [main] o.s.cloud.commons.util.InetUtils         : Cannot determine local hostname
09:47:48:282  INFO 7636 --- [main] o.s.cloud.commons.util.InetUtils         : Cannot determine local hostname
09:47:48:395  INFO 7636 --- [main] o.s.c.openfeign.FeignClientFactoryBean   : For 'item-service' URL not provided. Will try picking an instance via load-balancing.
09:47:49:484  INFO 7636 --- [main] pertySourcedRequestMappingHandlerMapping : Mapped URL path [/v2/api-docs] onto method [springfox.documentation.swagger2.web.Swagger2ControllerWebMvc#getDocumentation(String, HttpServletRequest)]
09:47:49:658  INFO 7636 --- [main] com.alibaba.nacos.common.remote.client   : [RpcClientFactory] create a new rpc client of 0db57f4f-3feb-4cdb-b5ba-5a2d67a616df
09:47:49:691  INFO 7636 --- [main] org.reflections.Reflections              : Reflections took 18 ms to scan 1 urls, producing 3 keys and 6 values 
09:47:49:714  INFO 7636 --- [main] org.reflections.Reflections              : Reflections took 6 ms to scan 1 urls, producing 4 keys and 9 values 
09:47:49:720  INFO 7636 --- [main] org.reflections.Reflections              : Reflections took 4 ms to scan 1 urls, producing 3 keys and 10 values 
09:47:49:722  WARN 7636 --- [main] org.reflections.Reflections              : given scan urls are empty. set urls in the configuration
09:47:49:737  INFO 7636 --- [main] org.reflections.Reflections              : Reflections took 15 ms to scan 1 urls, producing 1 keys and 5 values 
09:47:49:745  INFO 7636 --- [main] org.reflections.Reflections              : Reflections took 4 ms to scan 1 urls, producing 1 keys and 7 values 
09:47:49:750  INFO 7636 --- [main] org.reflections.Reflections              : Reflections took 4 ms to scan 1 urls, producing 2 keys and 8 values 
09:47:49:752  WARN 7636 --- [main] org.reflections.Reflections              : given scan urls are empty. set urls in the configuration
09:47:49:753  INFO 7636 --- [main] com.alibaba.nacos.common.remote.client   : [0db57f4f-3feb-4cdb-b5ba-5a2d67a616df] RpcClient init label, labels = {module=naming, source=sdk}
09:47:49:755  INFO 7636 --- [main] com.alibaba.nacos.common.remote.client   : [0db57f4f-3feb-4cdb-b5ba-5a2d67a616df] RpcClient init, ServerListFactory = com.alibaba.nacos.client.naming.core.ServerListManager
09:47:49:755  INFO 7636 --- [main] com.alibaba.nacos.common.remote.client   : [0db57f4f-3feb-4cdb-b5ba-5a2d67a616df] Registry connection listener to current client:com.alibaba.nacos.client.naming.remote.gprc.redo.NamingGrpcRedoService
09:47:49:756  INFO 7636 --- [main] com.alibaba.nacos.common.remote.client   : [0db57f4f-3feb-4cdb-b5ba-5a2d67a616df] Register server push request handler:com.alibaba.nacos.client.naming.remote.gprc.NamingPushRequestHandler
09:47:49:756  INFO 7636 --- [main] com.alibaba.nacos.common.remote.client   : [0db57f4f-3feb-4cdb-b5ba-5a2d67a616df] Try to connect to server on start up, server: {serverIp = '192.168.200.146', server main port = 8848}
09:47:50:758  INFO 7636 --- [main] com.alibaba.nacos.common.remote.client   : [0db57f4f-3feb-4cdb-b5ba-5a2d67a616df] Success to connect to server [192.168.200.146:8848] on start up, connectionId = 1700790469428_192.168.200.1_3782
09:47:50:759  INFO 7636 --- [com.alibaba.nacos.client.remote.worker] com.alibaba.nacos.common.remote.client   : [0db57f4f-3feb-4cdb-b5ba-5a2d67a616df] Notify connected event to listeners.
09:47:50:760  INFO 7636 --- [main] com.alibaba.nacos.common.remote.client   : [0db57f4f-3feb-4cdb-b5ba-5a2d67a616df] Register server push request handler:com.alibaba.nacos.common.remote.client.RpcClient$ConnectResetRequestHandler
09:47:50:762  INFO 7636 --- [main] com.alibaba.nacos.common.remote.client   : [0db57f4f-3feb-4cdb-b5ba-5a2d67a616df] Register server push request handler:com.alibaba.nacos.common.remote.client.RpcClient$$Lambda$991/0x0000000800713c40
09:47:50:820  INFO 7636 --- [main] o.s.b.w.embedded.tomcat.TomcatWebServer  : Tomcat started on port(s): 8082 (http) with context path ''
09:47:51:353  INFO 7636 --- [nacos-grpc-client-executor-5] com.alibaba.nacos.common.remote.client   : [0db57f4f-3feb-4cdb-b5ba-5a2d67a616df] Receive server push request, request = NotifySubscriberRequest, requestId = 8
09:47:51:358  INFO 7636 --- [nacos-grpc-client-executor-5] com.alibaba.nacos.common.remote.client   : [0db57f4f-3feb-4cdb-b5ba-5a2d67a616df] Ack server push request, request = NotifySubscriberRequest, requestId = 8
09:47:51:977  INFO 7636 --- [main] o.s.cloud.commons.util.InetUtils         : Cannot determine local hostname
09:47:51:988  INFO 7636 --- [main] c.a.c.n.registry.NacosServiceRegistry    : nacos registry, DEFAULT_GROUP cart-service 192.168.200.1:8082 register finished
09:47:51:990  INFO 7636 --- [main] d.s.w.p.DocumentationPluginsBootstrapper : Documentation plugins bootstrapped
09:47:51:995  INFO 7636 --- [main] d.s.w.p.DocumentationPluginsBootstrapper : Found 1 custom documentation plugin(s)
09:47:52:020  INFO 7636 --- [main] s.d.s.w.s.ApiListingReferenceScanner     : Scanning for api listing references
09:47:52:097  INFO 7636 --- [main] com.hmall.cart.CartApplication           : Started CartApplication in 9.163 seconds (JVM running for 9.852)
09:47:52:547  INFO 7636 --- [nacos-grpc-client-executor-9] com.alibaba.nacos.common.remote.client   : [0db57f4f-3feb-4cdb-b5ba-5a2d67a616df] Receive server push request, request = NotifySubscriberRequest, requestId = 9
09:47:52:557  INFO 7636 --- [nacos-grpc-client-executor-9] com.alibaba.nacos.common.remote.client   : [0db57f4f-3feb-4cdb-b5ba-5a2d67a616df] Ack server push request, request = NotifySubscriberRequest, requestId = 9
11:09:11:174  INFO 7636 --- [com.alibaba.nacos.client.remote.worker] com.alibaba.nacos.common.remote.client   : [0db57f4f-3feb-4cdb-b5ba-5a2d67a616df] Server healthy check fail, currentConnection = 1700790469428_192.168.200.1_3782
11:09:11:177  INFO 7636 --- [com.alibaba.nacos.client.remote.worker] com.alibaba.nacos.common.remote.client   : [0db57f4f-3feb-4cdb-b5ba-5a2d67a616df] Try to reconnect to a new server, server is  not appointed, will choose a random server.
11:09:13:492  INFO 7636 --- [com.alibaba.nacos.client.remote.worker] com.alibaba.nacos.common.remote.client   : [0db57f4f-3feb-4cdb-b5ba-5a2d67a616df] Success to connect a server [192.168.200.146:8848], connectionId = 1700795351940_192.168.200.1_8815
11:09:13:492  INFO 7636 --- [com.alibaba.nacos.client.remote.worker] com.alibaba.nacos.common.remote.client   : [0db57f4f-3feb-4cdb-b5ba-5a2d67a616df] Abandon prev connection, server is 192.168.200.146:8848, connectionId is 1700790469428_192.168.200.1_3782
11:09:13:492  INFO 7636 --- [com.alibaba.nacos.client.remote.worker] com.alibaba.nacos.common.remote.client   : Close current connection 1700790469428_192.168.200.1_3782
11:09:13:506  INFO 7636 --- [com.alibaba.nacos.client.remote.worker] com.alibaba.nacos.common.remote.client   : [0db57f4f-3feb-4cdb-b5ba-5a2d67a616df] Notify disconnected event to listeners
11:09:13:512  WARN 7636 --- [nacos-grpc-client-executor-1038] c.a.n.c.remote.client.grpc.GrpcClient    : [1700790469428_192.168.200.1_3782]Ignore error event,isRunning:true,isAbandon=true
11:09:13:517  INFO 7636 --- [com.alibaba.nacos.client.remote.worker] com.alibaba.nacos.common.remote.client   : [0db57f4f-3feb-4cdb-b5ba-5a2d67a616df] Notify connected event to listeners.
11:09:16:440  INFO 7636 --- [nacos-grpc-client-executor-1043] com.alibaba.nacos.common.remote.client   : [0db57f4f-3feb-4cdb-b5ba-5a2d67a616df] Receive server push request, request = NotifySubscriberRequest, requestId = 28
11:09:16:440  INFO 7636 --- [nacos-grpc-client-executor-1043] com.alibaba.nacos.common.remote.client   : [0db57f4f-3feb-4cdb-b5ba-5a2d67a616df] Ack server push request, request = NotifySubscriberRequest, requestId = 28
15:30:48:380  INFO 7636 --- [http-nio-8082-exec-3] o.a.c.c.C.[Tomcat].[localhost].[/]       : Initializing Spring DispatcherServlet 'dispatcherServlet'
15:30:48:388  INFO 7636 --- [http-nio-8082-exec-3] o.s.web.servlet.DispatcherServlet        : Initializing Servlet 'dispatcherServlet'
15:30:48:487  INFO 7636 --- [http-nio-8082-exec-3] o.s.web.servlet.DispatcherServlet        : Completed initialization in 98 ms
15:30:48:909  INFO 7636 --- [http-nio-8082-exec-3] com.zaxxer.hikari.HikariDataSource       : HikariPool-1 - Starting...
15:30:49:350  INFO 7636 --- [http-nio-8082-exec-3] com.zaxxer.hikari.HikariDataSource       : HikariPool-1 - Start completed.
15:30:49:363 DEBUG 7636 --- [http-nio-8082-exec-3] c.h.cart.mapper.CartMapper.selectList    : ==>  Preparing: SELECT id,user_id,item_id,num,name,spec,price,image,create_time,update_time FROM cart WHERE (user_id = ?)
15:30:49:400 DEBUG 7636 --- [http-nio-8082-exec-3] c.h.cart.mapper.CartMapper.selectList    : ==> Parameters: 1(Long)
15:30:49:517 DEBUG 7636 --- [http-nio-8082-exec-3] c.h.cart.mapper.CartMapper.selectList    : <==      Total: 1
15:30:49:630 DEBUG 7636 --- [http-nio-8082-exec-3] com.hmall.api.client.ItemClient          : [ItemClient#queryItemByIds] ---> GET http://item-service/items?ids=100000006163 HTTP/1.1
15:30:49:631 DEBUG 7636 --- [http-nio-8082-exec-3] com.hmall.api.client.ItemClient          : [ItemClient#queryItemByIds] ---> END HTTP (0-byte body)
15:30:50:143 DEBUG 7636 --- [http-nio-8082-exec-3] com.hmall.api.client.ItemClient          : [ItemClient#queryItemByIds] <--- HTTP/1.1 200  (509ms)
15:30:50:143 DEBUG 7636 --- [http-nio-8082-exec-3] com.hmall.api.client.ItemClient          : [ItemClient#queryItemByIds] connection: keep-alive
15:30:50:143 DEBUG 7636 --- [http-nio-8082-exec-3] com.hmall.api.client.ItemClient          : [ItemClient#queryItemByIds] content-type: application/json
15:30:50:143 DEBUG 7636 --- [http-nio-8082-exec-3] com.hmall.api.client.ItemClient          : [ItemClient#queryItemByIds] date: Fri, 24 Nov 2023 07:30:50 GMT
15:30:50:143 DEBUG 7636 --- [http-nio-8082-exec-3] com.hmall.api.client.ItemClient          : [ItemClient#queryItemByIds] keep-alive: timeout=60
15:30:50:143 DEBUG 7636 --- [http-nio-8082-exec-3] com.hmall.api.client.ItemClient          : [ItemClient#queryItemByIds] transfer-encoding: chunked
15:30:50:143 DEBUG 7636 --- [http-nio-8082-exec-3] com.hmall.api.client.ItemClient          : [ItemClient#queryItemByIds] 
15:30:50:145 DEBUG 7636 --- [http-nio-8082-exec-3] com.hmall.api.client.ItemClient          : [ItemClient#queryItemByIds] [{"id":"100000006163","name":"巴布豆(BOBDOG)柔薄悦动婴儿拉拉裤XXL码80片(15kg以上)","price":67100,"stock":10000,"image":"https://m.360buyimg.com/mobilecms/s720x720_jfs/t23998/350/2363990466/222391/a6e9581d/5b7cba5bN0c18fb4f.jpg!q70.jpg.webp","category":"拉拉裤","brand":"巴布豆","spec":"{}","sold":11,"commentCount":33343434,"isAD":false,"status":2}]
15:30:50:145 DEBUG 7636 --- [http-nio-8082-exec-3] com.hmall.api.client.ItemClient          : [ItemClient#queryItemByIds] <--- END HTTP (371-byte body)
15:30:50:382  INFO 7636 --- [nacos-grpc-client-executor-3908] com.alibaba.nacos.common.remote.client   : [0db57f4f-3feb-4cdb-b5ba-5a2d67a616df] Receive server push request, request = NotifySubscriberRequest, requestId = 48
15:30:50:383  INFO 7636 --- [nacos-grpc-client-executor-3908] com.alibaba.nacos.common.remote.client   : [0db57f4f-3feb-4cdb-b5ba-5a2d67a616df] Ack server push request, request = NotifySubscriberRequest, requestId = 48
15:30:50:903 DEBUG 7636 --- [http-nio-8082-exec-4] c.h.cart.mapper.CartMapper.selectList    : ==>  Preparing: SELECT id,user_id,item_id,num,name,spec,price,image,create_time,update_time FROM cart WHERE (user_id = ?)
15:30:50:903 DEBUG 7636 --- [http-nio-8082-exec-4] c.h.cart.mapper.CartMapper.selectList    : ==> Parameters: 1(Long)
15:30:50:905 DEBUG 7636 --- [http-nio-8082-exec-4] c.h.cart.mapper.CartMapper.selectList    : <==      Total: 1
15:30:50:908 DEBUG 7636 --- [http-nio-8082-exec-4] com.hmall.api.client.ItemClient          : [ItemClient#queryItemByIds] ---> GET http://item-service/items?ids=100000006163 HTTP/1.1
15:30:50:908 DEBUG 7636 --- [http-nio-8082-exec-4] com.hmall.api.client.ItemClient          : [ItemClient#queryItemByIds] ---> END HTTP (0-byte body)
15:30:50:929 DEBUG 7636 --- [http-nio-8082-exec-4] com.hmall.api.client.ItemClient          : [ItemClient#queryItemByIds] <--- HTTP/1.1 200  (21ms)
15:30:50:929 DEBUG 7636 --- [http-nio-8082-exec-4] com.hmall.api.client.ItemClient          : [ItemClient#queryItemByIds] connection: keep-alive
15:30:50:929 DEBUG 7636 --- [http-nio-8082-exec-4] com.hmall.api.client.ItemClient          : [ItemClient#queryItemByIds] content-type: application/json
15:30:50:930 DEBUG 7636 --- [http-nio-8082-exec-4] com.hmall.api.client.ItemClient          : [ItemClient#queryItemByIds] date: Fri, 24 Nov 2023 07:30:50 GMT
15:30:50:930 DEBUG 7636 --- [http-nio-8082-exec-4] com.hmall.api.client.ItemClient          : [ItemClient#queryItemByIds] keep-alive: timeout=60
15:30:50:930 DEBUG 7636 --- [http-nio-8082-exec-4] com.hmall.api.client.ItemClient          : [ItemClient#queryItemByIds] transfer-encoding: chunked
15:30:50:930 DEBUG 7636 --- [http-nio-8082-exec-4] com.hmall.api.client.ItemClient          : [ItemClient#queryItemByIds] 
15:30:50:930 DEBUG 7636 --- [http-nio-8082-exec-4] com.hmall.api.client.ItemClient          : [ItemClient#queryItemByIds] [{"id":"100000006163","name":"巴布豆(BOBDOG)柔薄悦动婴儿拉拉裤XXL码80片(15kg以上)","price":67100,"stock":10000,"image":"https://m.360buyimg.com/mobilecms/s720x720_jfs/t23998/350/2363990466/222391/a6e9581d/5b7cba5bN0c18fb4f.jpg!q70.jpg.webp","category":"拉拉裤","brand":"巴布豆","spec":"{}","sold":11,"commentCount":33343434,"isAD":false,"status":2}]
15:30:50:930 DEBUG 7636 --- [http-nio-8082-exec-4] com.hmall.api.client.ItemClient          : [ItemClient#queryItemByIds] <--- END HTTP (371-byte body)
15:31:08:182 DEBUG 7636 --- [http-nio-8082-exec-5] c.h.cart.mapper.CartMapper.selectList    : ==>  Preparing: SELECT id,user_id,item_id,num,name,spec,price,image,create_time,update_time FROM cart WHERE (user_id = ?)
15:31:08:183 DEBUG 7636 --- [http-nio-8082-exec-5] c.h.cart.mapper.CartMapper.selectList    : ==> Parameters: 1(Long)
15:31:08:185 DEBUG 7636 --- [http-nio-8082-exec-5] c.h.cart.mapper.CartMapper.selectList    : <==      Total: 1
15:31:08:186 DEBUG 7636 --- [http-nio-8082-exec-5] com.hmall.api.client.ItemClient          : [ItemClient#queryItemByIds] ---> GET http://item-service/items?ids=100000006163 HTTP/1.1
15:31:08:188 DEBUG 7636 --- [http-nio-8082-exec-5] com.hmall.api.client.ItemClient          : [ItemClient#queryItemByIds] ---> END HTTP (0-byte body)
15:31:08:211 DEBUG 7636 --- [http-nio-8082-exec-5] com.hmall.api.client.ItemClient          : [ItemClient#queryItemByIds] <--- HTTP/1.1 200  (22ms)
15:31:08:211 DEBUG 7636 --- [http-nio-8082-exec-5] com.hmall.api.client.ItemClient          : [ItemClient#queryItemByIds] connection: keep-alive
15:31:08:211 DEBUG 7636 --- [http-nio-8082-exec-5] com.hmall.api.client.ItemClient          : [ItemClient#queryItemByIds] content-type: application/json
15:31:08:211 DEBUG 7636 --- [http-nio-8082-exec-5] com.hmall.api.client.ItemClient          : [ItemClient#queryItemByIds] date: Fri, 24 Nov 2023 07:31:08 GMT
15:31:08:211 DEBUG 7636 --- [http-nio-8082-exec-5] com.hmall.api.client.ItemClient          : [ItemClient#queryItemByIds] keep-alive: timeout=60
15:31:08:211 DEBUG 7636 --- [http-nio-8082-exec-5] com.hmall.api.client.ItemClient          : [ItemClient#queryItemByIds] transfer-encoding: chunked
15:31:08:211 DEBUG 7636 --- [http-nio-8082-exec-5] com.hmall.api.client.ItemClient          : [ItemClient#queryItemByIds] 
15:31:08:212 DEBUG 7636 --- [http-nio-8082-exec-5] com.hmall.api.client.ItemClient          : [ItemClient#queryItemByIds] [{"id":"100000006163","name":"巴布豆(BOBDOG)柔薄悦动婴儿拉拉裤XXL码80片(15kg以上)","price":67100,"stock":10000,"image":"https://m.360buyimg.com/mobilecms/s720x720_jfs/t23998/350/2363990466/222391/a6e9581d/5b7cba5bN0c18fb4f.jpg!q70.jpg.webp","category":"拉拉裤","brand":"巴布豆","spec":"{}","sold":11,"commentCount":33343434,"isAD":false,"status":2}]
15:31:08:212 DEBUG 7636 --- [http-nio-8082-exec-5] com.hmall.api.client.ItemClient          : [ItemClient#queryItemByIds] <--- END HTTP (371-byte body)
16:15:49:560  WARN 7636 --- [Thread-4] c.a.nacos.common.notify.NotifyCenter     : [NotifyCenter] Start destroying Publisher
16:15:49:560  WARN 7636 --- [Thread-7] c.a.n.common.http.HttpClientBeanHolder   : [HttpClientBeanHolder] Start destroying common HttpClient
16:15:49:560  WARN 7636 --- [Thread-4] c.a.nacos.common.notify.NotifyCenter     : [NotifyCenter] Destruction of the end
16:15:49:561  WARN 7636 --- [Thread-7] c.a.n.common.http.HttpClientBeanHolder   : [HttpClientBeanHolder] Destruction of the end
16:15:49:715  INFO 7636 --- [SpringApplicationShutdownHook] c.a.c.n.registry.NacosServiceRegistry    : De-registering from Nacos Server now...
16:15:49:718  INFO 7636 --- [SpringApplicationShutdownHook] c.a.c.n.registry.NacosServiceRegistry    : De-registration finished.
16:15:50:051  INFO 7636 --- [SpringApplicationShutdownHook] com.alibaba.nacos.common.remote.client   : Shutdown rpc client, set status to shutdown
16:15:50:052  INFO 7636 --- [SpringApplicationShutdownHook] com.alibaba.nacos.common.remote.client   : Shutdown client event executor java.util.concurrent.ScheduledThreadPoolExecutor@6b909e4e[Running, pool size = 2, active threads = 2, queued tasks = 0, completed tasks = 0]
16:15:50:052  INFO 7636 --- [SpringApplicationShutdownHook] com.alibaba.nacos.common.remote.client   : Close current connection 1700795351940_192.168.200.1_8815
16:15:50:054  INFO 7636 --- [nacos-grpc-client-executor-4502] c.a.n.c.remote.client.grpc.GrpcClient    : [1700795351940_192.168.200.1_8815]Ignore complete event,isRunning:false,isAbandon=false
16:15:50:056  INFO 7636 --- [SpringApplicationShutdownHook] c.a.n.c.remote.client.grpc.GrpcClient    : Shutdown grpc executor java.util.concurrent.ThreadPoolExecutor@451d7c7f[Running, pool size = 4, active threads = 0, queued tasks = 0, completed tasks = 4503]
16:15:50:063  INFO 7636 --- [SpringApplicationShutdownHook] com.zaxxer.hikari.HikariDataSource       : HikariPool-1 - Shutdown initiated...
16:15:50:091  INFO 7636 --- [SpringApplicationShutdownHook] com.zaxxer.hikari.HikariDataSource       : HikariPool-1 - Shutdown completed.
16:15:58:541  INFO 9516 --- [main] com.hmall.cart.CartApplication           : Starting CartApplication using Java 11.0.15.1 on Liu with PID 9516 (D:\Code\service\day02\hmall\cart-service\target\classes started by 73789 in D:\Code\service\day02\hmall)
16:15:58:543 DEBUG 9516 --- [main] com.hmall.cart.CartApplication           : Running with Spring Boot v2.7.12, Spring v5.3.27
16:15:58:543  INFO 9516 --- [main] com.hmall.cart.CartApplication           : The following 1 profile is active: "dev"
16:15:59:330  INFO 9516 --- [main] o.s.cloud.context.scope.GenericScope     : BeanFactory id=b9752f6d-c2c2-38cc-a433-094db6ac25f1
16:15:59:592  INFO 9516 --- [main] o.s.b.w.embedded.tomcat.TomcatWebServer  : Tomcat initialized with port(s): 8082 (http)
16:15:59:599  INFO 9516 --- [main] o.apache.catalina.core.StandardService   : Starting service [Tomcat]
16:15:59:600  INFO 9516 --- [main] org.apache.catalina.core.StandardEngine  : Starting Servlet engine: [Apache Tomcat/9.0.75]
16:15:59:695  INFO 9516 --- [main] o.a.c.c.C.[Tomcat].[localhost].[/]       : Initializing Spring embedded WebApplicationContext
16:15:59:696  INFO 9516 --- [main] w.s.c.ServletWebServerApplicationContext : Root WebApplicationContext: initialization completed in 1124 ms
16:16:00:966  INFO 9516 --- [main] o.s.cloud.commons.util.InetUtils         : Cannot determine local hostname
16:16:02:135  INFO 9516 --- [main] o.s.cloud.commons.util.InetUtils         : Cannot determine local hostname
16:16:02:266  INFO 9516 --- [main] o.s.c.openfeign.FeignClientFactoryBean   : For 'item-service' URL not provided. Will try picking an instance via load-balancing.
16:16:03:399  INFO 9516 --- [main] pertySourcedRequestMappingHandlerMapping : Mapped URL path [/v2/api-docs] onto method [springfox.documentation.swagger2.web.Swagger2ControllerWebMvc#getDocumentation(String, HttpServletRequest)]
16:16:03:594  INFO 9516 --- [main] com.alibaba.nacos.common.remote.client   : [RpcClientFactory] create a new rpc client of ae4ee353-da70-4e9f-9a18-588eb1e55c76
16:16:03:630  INFO 9516 --- [main] org.reflections.Reflections              : Reflections took 19 ms to scan 1 urls, producing 3 keys and 6 values 
16:16:03:652  INFO 9516 --- [main] org.reflections.Reflections              : Reflections took 8 ms to scan 1 urls, producing 4 keys and 9 values 
16:16:03:659  INFO 9516 --- [main] org.reflections.Reflections              : Reflections took 5 ms to scan 1 urls, producing 3 keys and 10 values 
16:16:03:661  WARN 9516 --- [main] org.reflections.Reflections              : given scan urls are empty. set urls in the configuration
16:16:03:667  INFO 9516 --- [main] org.reflections.Reflections              : Reflections took 6 ms to scan 1 urls, producing 1 keys and 5 values 
16:16:03:675  INFO 9516 --- [main] org.reflections.Reflections              : Reflections took 6 ms to scan 1 urls, producing 1 keys and 7 values 
16:16:03:683  INFO 9516 --- [main] org.reflections.Reflections              : Reflections took 6 ms to scan 1 urls, producing 2 keys and 8 values 
16:16:03:684  WARN 9516 --- [main] org.reflections.Reflections              : given scan urls are empty. set urls in the configuration
16:16:03:685  INFO 9516 --- [main] com.alibaba.nacos.common.remote.client   : [ae4ee353-da70-4e9f-9a18-588eb1e55c76] RpcClient init label, labels = {module=naming, source=sdk}
16:16:03:687  INFO 9516 --- [main] com.alibaba.nacos.common.remote.client   : [ae4ee353-da70-4e9f-9a18-588eb1e55c76] RpcClient init, ServerListFactory = com.alibaba.nacos.client.naming.core.ServerListManager
16:16:03:687  INFO 9516 --- [main] com.alibaba.nacos.common.remote.client   : [ae4ee353-da70-4e9f-9a18-588eb1e55c76] Registry connection listener to current client:com.alibaba.nacos.client.naming.remote.gprc.redo.NamingGrpcRedoService
16:16:03:688  INFO 9516 --- [main] com.alibaba.nacos.common.remote.client   : [ae4ee353-da70-4e9f-9a18-588eb1e55c76] Register server push request handler:com.alibaba.nacos.client.naming.remote.gprc.NamingPushRequestHandler
16:16:03:690  INFO 9516 --- [main] com.alibaba.nacos.common.remote.client   : [ae4ee353-da70-4e9f-9a18-588eb1e55c76] Try to connect to server on start up, server: {serverIp = '192.168.200.146', server main port = 8848}
16:16:04:807  INFO 9516 --- [main] com.alibaba.nacos.common.remote.client   : [ae4ee353-da70-4e9f-9a18-588eb1e55c76] Success to connect to server [192.168.200.146:8848] on start up, connectionId = 1700813763371_192.168.200.1_14323
16:16:04:808  INFO 9516 --- [com.alibaba.nacos.client.remote.worker] com.alibaba.nacos.common.remote.client   : [ae4ee353-da70-4e9f-9a18-588eb1e55c76] Notify connected event to listeners.
16:16:04:810  INFO 9516 --- [main] com.alibaba.nacos.common.remote.client   : [ae4ee353-da70-4e9f-9a18-588eb1e55c76] Register server push request handler:com.alibaba.nacos.common.remote.client.RpcClient$ConnectResetRequestHandler
16:16:04:810  INFO 9516 --- [main] com.alibaba.nacos.common.remote.client   : [ae4ee353-da70-4e9f-9a18-588eb1e55c76] Register server push request handler:com.alibaba.nacos.common.remote.client.RpcClient$$Lambda$991/0x0000000800713840
16:16:04:868  INFO 9516 --- [main] o.s.b.w.embedded.tomcat.TomcatWebServer  : Tomcat started on port(s): 8082 (http) with context path ''
16:16:05:438  INFO 9516 --- [nacos-grpc-client-executor-6] com.alibaba.nacos.common.remote.client   : [ae4ee353-da70-4e9f-9a18-588eb1e55c76] Receive server push request, request = NotifySubscriberRequest, requestId = 57
16:16:05:445  INFO 9516 --- [nacos-grpc-client-executor-6] com.alibaba.nacos.common.remote.client   : [ae4ee353-da70-4e9f-9a18-588eb1e55c76] Ack server push request, request = NotifySubscriberRequest, requestId = 57
16:16:06:034  INFO 9516 --- [main] o.s.cloud.commons.util.InetUtils         : Cannot determine local hostname
16:16:06:049  INFO 9516 --- [main] c.a.c.n.registry.NacosServiceRegistry    : nacos registry, DEFAULT_GROUP cart-service 192.168.200.1:8082 register finished
16:16:06:051  INFO 9516 --- [main] d.s.w.p.DocumentationPluginsBootstrapper : Documentation plugins bootstrapped
16:16:06:054  INFO 9516 --- [main] d.s.w.p.DocumentationPluginsBootstrapper : Found 1 custom documentation plugin(s)
16:16:06:077  INFO 9516 --- [main] s.d.s.w.s.ApiListingReferenceScanner     : Scanning for api listing references
16:16:06:155  INFO 9516 --- [main] com.hmall.cart.CartApplication           : Started CartApplication in 9.221 seconds (JVM running for 10.133)
16:16:06:653  INFO 9516 --- [nacos-grpc-client-executor-10] com.alibaba.nacos.common.remote.client   : [ae4ee353-da70-4e9f-9a18-588eb1e55c76] Receive server push request, request = NotifySubscriberRequest, requestId = 58
16:16:06:661  INFO 9516 --- [nacos-grpc-client-executor-10] com.alibaba.nacos.common.remote.client   : [ae4ee353-da70-4e9f-9a18-588eb1e55c76] Ack server push request, request = NotifySubscriberRequest, requestId = 58
16:16:29:891  INFO 9516 --- [http-nio-8082-exec-1] o.a.c.c.C.[Tomcat].[localhost].[/]       : Initializing Spring DispatcherServlet 'dispatcherServlet'
16:16:29:891  INFO 9516 --- [http-nio-8082-exec-1] o.s.web.servlet.DispatcherServlet        : Initializing Servlet 'dispatcherServlet'
16:16:29:892  INFO 9516 --- [http-nio-8082-exec-1] o.s.web.servlet.DispatcherServlet        : Completed initialization in 1 ms
16:16:29:985  INFO 9516 --- [http-nio-8082-exec-1] com.zaxxer.hikari.HikariDataSource       : HikariPool-1 - Starting...
16:16:30:206  INFO 9516 --- [http-nio-8082-exec-1] com.zaxxer.hikari.HikariDataSource       : HikariPool-1 - Start completed.
16:16:30:213 DEBUG 9516 --- [http-nio-8082-exec-1] c.h.cart.mapper.CartMapper.selectList    : ==>  Preparing: SELECT id,user_id,item_id,num,name,spec,price,image,create_time,update_time FROM cart WHERE (user_id = ?)
16:16:30:235 DEBUG 9516 --- [http-nio-8082-exec-1] c.h.cart.mapper.CartMapper.selectList    : ==> Parameters: 1(Long)
16:16:30:268 DEBUG 9516 --- [http-nio-8082-exec-1] c.h.cart.mapper.CartMapper.selectList    : <==      Total: 1
16:16:30:330 DEBUG 9516 --- [http-nio-8082-exec-1] com.hmall.api.client.ItemClient          : [ItemClient#queryItemByIds] ---> GET http://item-service/items?ids=100000006163 HTTP/1.1
16:16:30:330 DEBUG 9516 --- [http-nio-8082-exec-1] com.hmall.api.client.ItemClient          : [ItemClient#queryItemByIds] ---> END HTTP (0-byte body)
16:16:30:500 DEBUG 9516 --- [http-nio-8082-exec-1] com.hmall.api.client.ItemClient          : [ItemClient#queryItemByIds] <--- HTTP/1.1 200  (169ms)
16:16:30:500 DEBUG 9516 --- [http-nio-8082-exec-1] com.hmall.api.client.ItemClient          : [ItemClient#queryItemByIds] connection: keep-alive
16:16:30:500 DEBUG 9516 --- [http-nio-8082-exec-1] com.hmall.api.client.ItemClient          : [ItemClient#queryItemByIds] content-type: application/json
16:16:30:500 DEBUG 9516 --- [http-nio-8082-exec-1] com.hmall.api.client.ItemClient          : [ItemClient#queryItemByIds] date: Fri, 24 Nov 2023 08:16:30 GMT
16:16:30:500 DEBUG 9516 --- [http-nio-8082-exec-1] com.hmall.api.client.ItemClient          : [ItemClient#queryItemByIds] keep-alive: timeout=60
16:16:30:500 DEBUG 9516 --- [http-nio-8082-exec-1] com.hmall.api.client.ItemClient          : [ItemClient#queryItemByIds] transfer-encoding: chunked
16:16:30:500 DEBUG 9516 --- [http-nio-8082-exec-1] com.hmall.api.client.ItemClient          : [ItemClient#queryItemByIds] 
16:16:30:501 DEBUG 9516 --- [http-nio-8082-exec-1] com.hmall.api.client.ItemClient          : [ItemClient#queryItemByIds] [{"id":"100000006163","name":"巴布豆(BOBDOG)柔薄悦动婴儿拉拉裤XXL码80片(15kg以上)","price":67100,"stock":10000,"image":"https://m.360buyimg.com/mobilecms/s720x720_jfs/t23998/350/2363990466/222391/a6e9581d/5b7cba5bN0c18fb4f.jpg!q70.jpg.webp","category":"拉拉裤","brand":"巴布豆","spec":"{}","sold":11,"commentCount":33343434,"isAD":false,"status":2}]
16:16:30:501 DEBUG 9516 --- [http-nio-8082-exec-1] com.hmall.api.client.ItemClient          : [ItemClient#queryItemByIds] <--- END HTTP (371-byte body)
16:16:30:957  INFO 9516 --- [nacos-grpc-client-executor-18] com.alibaba.nacos.common.remote.client   : [ae4ee353-da70-4e9f-9a18-588eb1e55c76] Receive server push request, request = NotifySubscriberRequest, requestId = 62
16:16:30:958  INFO 9516 --- [nacos-grpc-client-executor-18] com.alibaba.nacos.common.remote.client   : [ae4ee353-da70-4e9f-9a18-588eb1e55c76] Ack server push request, request = NotifySubscriberRequest, requestId = 62
16:16:35:074 DEBUG 9516 --- [http-nio-8082-exec-5] c.h.cart.mapper.CartMapper.updateById    : ==>  Preparing: UPDATE cart SET num=? WHERE id=?
16:16:35:075 DEBUG 9516 --- [http-nio-8082-exec-5] c.h.cart.mapper.CartMapper.updateById    : ==> Parameters: 2(Integer), 7(Long)
16:16:35:092 DEBUG 9516 --- [http-nio-8082-exec-5] c.h.cart.mapper.CartMapper.updateById    : <==    Updates: 1
16:16:35:113 DEBUG 9516 --- [http-nio-8082-exec-4] c.h.cart.mapper.CartMapper.selectList    : ==>  Preparing: SELECT id,user_id,item_id,num,name,spec,price,image,create_time,update_time FROM cart WHERE (user_id = ?)
16:16:35:113 DEBUG 9516 --- [http-nio-8082-exec-4] c.h.cart.mapper.CartMapper.selectList    : ==> Parameters: 1(Long)
16:16:35:118 DEBUG 9516 --- [http-nio-8082-exec-4] c.h.cart.mapper.CartMapper.selectList    : <==      Total: 1
16:16:35:119 DEBUG 9516 --- [http-nio-8082-exec-4] com.hmall.api.client.ItemClient          : [ItemClient#queryItemByIds] ---> GET http://item-service/items?ids=100000006163 HTTP/1.1
16:16:35:119 DEBUG 9516 --- [http-nio-8082-exec-4] com.hmall.api.client.ItemClient          : [ItemClient#queryItemByIds] ---> END HTTP (0-byte body)
16:16:35:139 DEBUG 9516 --- [http-nio-8082-exec-4] com.hmall.api.client.ItemClient          : [ItemClient#queryItemByIds] <--- HTTP/1.1 200  (18ms)
16:16:35:139 DEBUG 9516 --- [http-nio-8082-exec-4] com.hmall.api.client.ItemClient          : [ItemClient#queryItemByIds] connection: keep-alive
16:16:35:139 DEBUG 9516 --- [http-nio-8082-exec-4] com.hmall.api.client.ItemClient          : [ItemClient#queryItemByIds] content-type: application/json
16:16:35:139 DEBUG 9516 --- [http-nio-8082-exec-4] com.hmall.api.client.ItemClient          : [ItemClient#queryItemByIds] date: Fri, 24 Nov 2023 08:16:35 GMT
16:16:35:139 DEBUG 9516 --- [http-nio-8082-exec-4] com.hmall.api.client.ItemClient          : [ItemClient#queryItemByIds] keep-alive: timeout=60
16:16:35:139 DEBUG 9516 --- [http-nio-8082-exec-4] com.hmall.api.client.ItemClient          : [ItemClient#queryItemByIds] transfer-encoding: chunked
16:16:35:139 DEBUG 9516 --- [http-nio-8082-exec-4] com.hmall.api.client.ItemClient          : [ItemClient#queryItemByIds] 
16:16:35:139 DEBUG 9516 --- [http-nio-8082-exec-4] com.hmall.api.client.ItemClient          : [ItemClient#queryItemByIds] [{"id":"100000006163","name":"巴布豆(BOBDOG)柔薄悦动婴儿拉拉裤XXL码80片(15kg以上)","price":67100,"stock":10000,"image":"https://m.360buyimg.com/mobilecms/s720x720_jfs/t23998/350/2363990466/222391/a6e9581d/5b7cba5bN0c18fb4f.jpg!q70.jpg.webp","category":"拉拉裤","brand":"巴布豆","spec":"{}","sold":11,"commentCount":33343434,"isAD":false,"status":2}]
16:16:35:139 DEBUG 9516 --- [http-nio-8082-exec-4] com.hmall.api.client.ItemClient          : [ItemClient#queryItemByIds] <--- END HTTP (371-byte body)
16:16:35:650 DEBUG 9516 --- [http-nio-8082-exec-3] c.h.cart.mapper.CartMapper.updateById    : ==>  Preparing: UPDATE cart SET num=? WHERE id=?
16:16:35:650 DEBUG 9516 --- [http-nio-8082-exec-3] c.h.cart.mapper.CartMapper.updateById    : ==> Parameters: 3(Integer), 7(Long)
16:16:35:657 DEBUG 9516 --- [http-nio-8082-exec-3] c.h.cart.mapper.CartMapper.updateById    : <==    Updates: 1
16:16:35:673 DEBUG 9516 --- [http-nio-8082-exec-7] c.h.cart.mapper.CartMapper.selectList    : ==>  Preparing: SELECT id,user_id,item_id,num,name,spec,price,image,create_time,update_time FROM cart WHERE (user_id = ?)
16:16:35:674 DEBUG 9516 --- [http-nio-8082-exec-7] c.h.cart.mapper.CartMapper.selectList    : ==> Parameters: 1(Long)
16:16:35:677 DEBUG 9516 --- [http-nio-8082-exec-7] c.h.cart.mapper.CartMapper.selectList    : <==      Total: 1
16:16:35:679 DEBUG 9516 --- [http-nio-8082-exec-7] com.hmall.api.client.ItemClient          : [ItemClient#queryItemByIds] ---> GET http://item-service/items?ids=100000006163 HTTP/1.1
16:16:35:679 DEBUG 9516 --- [http-nio-8082-exec-7] com.hmall.api.client.ItemClient          : [ItemClient#queryItemByIds] ---> END HTTP (0-byte body)
16:16:35:688 DEBUG 9516 --- [http-nio-8082-exec-7] com.hmall.api.client.ItemClient          : [ItemClient#queryItemByIds] <--- HTTP/1.1 200  (8ms)
16:16:35:688 DEBUG 9516 --- [http-nio-8082-exec-7] com.hmall.api.client.ItemClient          : [ItemClient#queryItemByIds] connection: keep-alive
16:16:35:689 DEBUG 9516 --- [http-nio-8082-exec-7] com.hmall.api.client.ItemClient          : [ItemClient#queryItemByIds] content-type: application/json
16:16:35:689 DEBUG 9516 --- [http-nio-8082-exec-7] com.hmall.api.client.ItemClient          : [ItemClient#queryItemByIds] date: Fri, 24 Nov 2023 08:16:35 GMT
16:16:35:689 DEBUG 9516 --- [http-nio-8082-exec-7] com.hmall.api.client.ItemClient          : [ItemClient#queryItemByIds] keep-alive: timeout=60
16:16:35:689 DEBUG 9516 --- [http-nio-8082-exec-7] com.hmall.api.client.ItemClient          : [ItemClient#queryItemByIds] transfer-encoding: chunked
16:16:35:689 DEBUG 9516 --- [http-nio-8082-exec-7] com.hmall.api.client.ItemClient          : [ItemClient#queryItemByIds] 
16:16:35:689 DEBUG 9516 --- [http-nio-8082-exec-7] com.hmall.api.client.ItemClient          : [ItemClient#queryItemByIds] [{"id":"100000006163","name":"巴布豆(BOBDOG)柔薄悦动婴儿拉拉裤XXL码80片(15kg以上)","price":67100,"stock":10000,"image":"https://m.360buyimg.com/mobilecms/s720x720_jfs/t23998/350/2363990466/222391/a6e9581d/5b7cba5bN0c18fb4f.jpg!q70.jpg.webp","category":"拉拉裤","brand":"巴布豆","spec":"{}","sold":11,"commentCount":33343434,"isAD":false,"status":2}]
16:16:35:689 DEBUG 9516 --- [http-nio-8082-exec-7] com.hmall.api.client.ItemClient          : [ItemClient#queryItemByIds] <--- END HTTP (371-byte body)
16:16:49:786 DEBUG 9516 --- [http-nio-8082-exec-10] c.h.cart.mapper.CartMapper.selectList    : ==>  Preparing: SELECT id,user_id,item_id,num,name,spec,price,image,create_time,update_time FROM cart WHERE (user_id = ?)
16:16:49:787 DEBUG 9516 --- [http-nio-8082-exec-10] c.h.cart.mapper.CartMapper.selectList    : ==> Parameters: 1(Long)
16:16:49:789 DEBUG 9516 --- [http-nio-8082-exec-10] c.h.cart.mapper.CartMapper.selectList    : <==      Total: 1
16:16:49:790 DEBUG 9516 --- [http-nio-8082-exec-10] com.hmall.api.client.ItemClient          : [ItemClient#queryItemByIds] ---> GET http://item-service/items?ids=100000006163 HTTP/1.1
16:16:49:790 DEBUG 9516 --- [http-nio-8082-exec-10] com.hmall.api.client.ItemClient          : [ItemClient#queryItemByIds] ---> END HTTP (0-byte body)
16:16:49:797 DEBUG 9516 --- [http-nio-8082-exec-10] com.hmall.api.client.ItemClient          : [ItemClient#queryItemByIds] <--- HTTP/1.1 200  (7ms)
16:16:49:797 DEBUG 9516 --- [http-nio-8082-exec-10] com.hmall.api.client.ItemClient          : [ItemClient#queryItemByIds] connection: keep-alive
16:16:49:797 DEBUG 9516 --- [http-nio-8082-exec-10] com.hmall.api.client.ItemClient          : [ItemClient#queryItemByIds] content-type: application/json
16:16:49:797 DEBUG 9516 --- [http-nio-8082-exec-10] com.hmall.api.client.ItemClient          : [ItemClient#queryItemByIds] date: Fri, 24 Nov 2023 08:16:49 GMT
16:16:49:797 DEBUG 9516 --- [http-nio-8082-exec-10] com.hmall.api.client.ItemClient          : [ItemClient#queryItemByIds] keep-alive: timeout=60
16:16:49:797 DEBUG 9516 --- [http-nio-8082-exec-10] com.hmall.api.client.ItemClient          : [ItemClient#queryItemByIds] transfer-encoding: chunked
16:16:49:797 DEBUG 9516 --- [http-nio-8082-exec-10] com.hmall.api.client.ItemClient          : [ItemClient#queryItemByIds] 
16:16:49:797 DEBUG 9516 --- [http-nio-8082-exec-10] com.hmall.api.client.ItemClient          : [ItemClient#queryItemByIds] [{"id":"100000006163","name":"巴布豆(BOBDOG)柔薄悦动婴儿拉拉裤XXL码80片(15kg以上)","price":67100,"stock":10000,"image":"https://m.360buyimg.com/mobilecms/s720x720_jfs/t23998/350/2363990466/222391/a6e9581d/5b7cba5bN0c18fb4f.jpg!q70.jpg.webp","category":"拉拉裤","brand":"巴布豆","spec":"{}","sold":11,"commentCount":33343434,"isAD":false,"status":2}]
16:16:49:797 DEBUG 9516 --- [http-nio-8082-exec-10] com.hmall.api.client.ItemClient          : [ItemClient#queryItemByIds] <--- END HTTP (371-byte body)
16:18:59:997 DEBUG 9516 --- [http-nio-8082-exec-8] c.h.cart.mapper.CartMapper.selectList    : ==>  Preparing: SELECT id,user_id,item_id,num,name,spec,price,image,create_time,update_time FROM cart WHERE (user_id = ?)
16:18:59:997 DEBUG 9516 --- [http-nio-8082-exec-8] c.h.cart.mapper.CartMapper.selectList    : ==> Parameters: 1(Long)
16:18:59:999 DEBUG 9516 --- [http-nio-8082-exec-8] c.h.cart.mapper.CartMapper.selectList    : <==      Total: 1
16:19:00:000 DEBUG 9516 --- [http-nio-8082-exec-8] com.hmall.api.client.ItemClient          : [ItemClient#queryItemByIds] ---> GET http://item-service/items?ids=100000006163 HTTP/1.1
16:19:00:000 DEBUG 9516 --- [http-nio-8082-exec-8] com.hmall.api.client.ItemClient          : [ItemClient#queryItemByIds] ---> END HTTP (0-byte body)
16:19:00:017 DEBUG 9516 --- [http-nio-8082-exec-8] com.hmall.api.client.ItemClient          : [ItemClient#queryItemByIds] <--- HTTP/1.1 200  (17ms)
16:19:00:017 DEBUG 9516 --- [http-nio-8082-exec-8] com.hmall.api.client.ItemClient          : [ItemClient#queryItemByIds] connection: keep-alive
16:19:00:018 DEBUG 9516 --- [http-nio-8082-exec-8] com.hmall.api.client.ItemClient          : [ItemClient#queryItemByIds] content-type: application/json
16:19:00:018 DEBUG 9516 --- [http-nio-8082-exec-8] com.hmall.api.client.ItemClient          : [ItemClient#queryItemByIds] date: Fri, 24 Nov 2023 08:19:00 GMT
16:19:00:018 DEBUG 9516 --- [http-nio-8082-exec-8] com.hmall.api.client.ItemClient          : [ItemClient#queryItemByIds] keep-alive: timeout=60
16:19:00:018 DEBUG 9516 --- [http-nio-8082-exec-8] com.hmall.api.client.ItemClient          : [ItemClient#queryItemByIds] transfer-encoding: chunked
16:19:00:018 DEBUG 9516 --- [http-nio-8082-exec-8] com.hmall.api.client.ItemClient          : [ItemClient#queryItemByIds] 
16:19:00:018 DEBUG 9516 --- [http-nio-8082-exec-8] com.hmall.api.client.ItemClient          : [ItemClient#queryItemByIds] [{"id":"100000006163","name":"巴布豆(BOBDOG)柔薄悦动婴儿拉拉裤XXL码80片(15kg以上)","price":67100,"stock":10000,"image":"https://m.360buyimg.com/mobilecms/s720x720_jfs/t23998/350/2363990466/222391/a6e9581d/5b7cba5bN0c18fb4f.jpg!q70.jpg.webp","category":"拉拉裤","brand":"巴布豆","spec":"{}","sold":11,"commentCount":33343434,"isAD":false,"status":2}]
16:19:00:018 DEBUG 9516 --- [http-nio-8082-exec-8] com.hmall.api.client.ItemClient          : [ItemClient#queryItemByIds] <--- END HTTP (371-byte body)
16:19:03:385 DEBUG 9516 --- [http-nio-8082-exec-9] c.h.cart.mapper.CartMapper.selectList    : ==>  Preparing: SELECT id,user_id,item_id,num,name,spec,price,image,create_time,update_time FROM cart WHERE (user_id = ?)
16:19:03:385 DEBUG 9516 --- [http-nio-8082-exec-9] c.h.cart.mapper.CartMapper.selectList    : ==> Parameters: 1(Long)
16:19:03:389 DEBUG 9516 --- [http-nio-8082-exec-9] c.h.cart.mapper.CartMapper.selectList    : <==      Total: 1
16:19:03:390 DEBUG 9516 --- [http-nio-8082-exec-9] com.hmall.api.client.ItemClient          : [ItemClient#queryItemByIds] ---> GET http://item-service/items?ids=100000006163 HTTP/1.1
16:19:03:390 DEBUG 9516 --- [http-nio-8082-exec-9] com.hmall.api.client.ItemClient          : [ItemClient#queryItemByIds] ---> END HTTP (0-byte body)
16:19:03:399 DEBUG 9516 --- [http-nio-8082-exec-9] com.hmall.api.client.ItemClient          : [ItemClient#queryItemByIds] <--- HTTP/1.1 200  (9ms)
16:19:03:399 DEBUG 9516 --- [http-nio-8082-exec-9] com.hmall.api.client.ItemClient          : [ItemClient#queryItemByIds] connection: keep-alive
16:19:03:400 DEBUG 9516 --- [http-nio-8082-exec-9] com.hmall.api.client.ItemClient          : [ItemClient#queryItemByIds] content-type: application/json
16:19:03:400 DEBUG 9516 --- [http-nio-8082-exec-9] com.hmall.api.client.ItemClient          : [ItemClient#queryItemByIds] date: Fri, 24 Nov 2023 08:19:03 GMT
16:19:03:400 DEBUG 9516 --- [http-nio-8082-exec-9] com.hmall.api.client.ItemClient          : [ItemClient#queryItemByIds] keep-alive: timeout=60
16:19:03:400 DEBUG 9516 --- [http-nio-8082-exec-9] com.hmall.api.client.ItemClient          : [ItemClient#queryItemByIds] transfer-encoding: chunked
16:19:03:400 DEBUG 9516 --- [http-nio-8082-exec-9] com.hmall.api.client.ItemClient          : [ItemClient#queryItemByIds] 
16:19:03:400 DEBUG 9516 --- [http-nio-8082-exec-9] com.hmall.api.client.ItemClient          : [ItemClient#queryItemByIds] [{"id":"100000006163","name":"巴布豆(BOBDOG)柔薄悦动婴儿拉拉裤XXL码80片(15kg以上)","price":67100,"stock":10000,"image":"https://m.360buyimg.com/mobilecms/s720x720_jfs/t23998/350/2363990466/222391/a6e9581d/5b7cba5bN0c18fb4f.jpg!q70.jpg.webp","category":"拉拉裤","brand":"巴布豆","spec":"{}","sold":11,"commentCount":33343434,"isAD":false,"status":2}]
16:19:03:400 DEBUG 9516 --- [http-nio-8082-exec-9] com.hmall.api.client.ItemClient          : [ItemClient#queryItemByIds] <--- END HTTP (371-byte body)
16:19:53:746 DEBUG 9516 --- [http-nio-8082-exec-6] c.h.cart.mapper.CartMapper.selectList    : ==>  Preparing: SELECT id,user_id,item_id,num,name,spec,price,image,create_time,update_time FROM cart WHERE (user_id = ?)
16:19:53:746 DEBUG 9516 --- [http-nio-8082-exec-6] c.h.cart.mapper.CartMapper.selectList    : ==> Parameters: 1(Long)
16:19:53:748 DEBUG 9516 --- [http-nio-8082-exec-6] c.h.cart.mapper.CartMapper.selectList    : <==      Total: 1
16:19:53:750 DEBUG 9516 --- [http-nio-8082-exec-6] com.hmall.api.client.ItemClient          : [ItemClient#queryItemByIds] ---> GET http://item-service/items?ids=100000006163 HTTP/1.1
16:19:53:750 DEBUG 9516 --- [http-nio-8082-exec-6] com.hmall.api.client.ItemClient          : [ItemClient#queryItemByIds] ---> END HTTP (0-byte body)
16:19:53:760 DEBUG 9516 --- [http-nio-8082-exec-6] com.hmall.api.client.ItemClient          : [ItemClient#queryItemByIds] <--- HTTP/1.1 200  (9ms)
16:19:53:760 DEBUG 9516 --- [http-nio-8082-exec-6] com.hmall.api.client.ItemClient          : [ItemClient#queryItemByIds] connection: keep-alive
16:19:53:760 DEBUG 9516 --- [http-nio-8082-exec-6] com.hmall.api.client.ItemClient          : [ItemClient#queryItemByIds] content-type: application/json
16:19:53:760 DEBUG 9516 --- [http-nio-8082-exec-6] com.hmall.api.client.ItemClient          : [ItemClient#queryItemByIds] date: Fri, 24 Nov 2023 08:19:53 GMT
16:19:53:760 DEBUG 9516 --- [http-nio-8082-exec-6] com.hmall.api.client.ItemClient          : [ItemClient#queryItemByIds] keep-alive: timeout=60
16:19:53:760 DEBUG 9516 --- [http-nio-8082-exec-6] com.hmall.api.client.ItemClient          : [ItemClient#queryItemByIds] transfer-encoding: chunked
16:19:53:760 DEBUG 9516 --- [http-nio-8082-exec-6] com.hmall.api.client.ItemClient          : [ItemClient#queryItemByIds] 
16:19:53:760 DEBUG 9516 --- [http-nio-8082-exec-6] com.hmall.api.client.ItemClient          : [ItemClient#queryItemByIds] [{"id":"100000006163","name":"巴布豆(BOBDOG)柔薄悦动婴儿拉拉裤XXL码80片(15kg以上)","price":67100,"stock":10000,"image":"https://m.360buyimg.com/mobilecms/s720x720_jfs/t23998/350/2363990466/222391/a6e9581d/5b7cba5bN0c18fb4f.jpg!q70.jpg.webp","category":"拉拉裤","brand":"巴布豆","spec":"{}","sold":11,"commentCount":33343434,"isAD":false,"status":2}]
16:19:53:761 DEBUG 9516 --- [http-nio-8082-exec-6] com.hmall.api.client.ItemClient          : [ItemClient#queryItemByIds] <--- END HTTP (371-byte body)
16:32:24:777  WARN 9516 --- [Thread-7] c.a.n.common.http.HttpClientBeanHolder   : [HttpClientBeanHolder] Start destroying common HttpClient
16:32:24:777  WARN 9516 --- [Thread-4] c.a.nacos.common.notify.NotifyCenter     : [NotifyCenter] Start destroying Publisher
16:32:24:777  WARN 9516 --- [Thread-4] c.a.nacos.common.notify.NotifyCenter     : [NotifyCenter] Destruction of the end
16:32:24:777  WARN 9516 --- [Thread-7] c.a.n.common.http.HttpClientBeanHolder   : [HttpClientBeanHolder] Destruction of the end
16:32:24:982  INFO 9516 --- [SpringApplicationShutdownHook] c.a.c.n.registry.NacosServiceRegistry    : De-registering from Nacos Server now...
16:32:24:985  INFO 9516 --- [SpringApplicationShutdownHook] c.a.c.n.registry.NacosServiceRegistry    : De-registration finished.
16:32:25:317  INFO 9516 --- [SpringApplicationShutdownHook] com.alibaba.nacos.common.remote.client   : Shutdown rpc client, set status to shutdown
16:32:25:318  INFO 9516 --- [SpringApplicationShutdownHook] com.alibaba.nacos.common.remote.client   : Shutdown client event executor java.util.concurrent.ScheduledThreadPoolExecutor@35af1df1[Running, pool size = 2, active threads = 2, queued tasks = 0, completed tasks = 0]
16:32:25:318  INFO 9516 --- [SpringApplicationShutdownHook] com.alibaba.nacos.common.remote.client   : Close current connection 1700813763371_192.168.200.1_14323
16:32:25:323  INFO 9516 --- [SpringApplicationShutdownHook] c.a.n.c.remote.client.grpc.GrpcClient    : Shutdown grpc executor java.util.concurrent.ThreadPoolExecutor@5d7d48c1[Running, pool size = 4, active threads = 0, queued tasks = 0, completed tasks = 238]
16:32:25:326  INFO 9516 --- [SpringApplicationShutdownHook] com.zaxxer.hikari.HikariDataSource       : HikariPool-1 - Shutdown initiated...
16:32:25:393  INFO 9516 --- [SpringApplicationShutdownHook] com.zaxxer.hikari.HikariDataSource       : HikariPool-1 - Shutdown completed.
16:32:39:027  INFO 20948 --- [main] com.hmall.cart.CartApplication           : Starting CartApplication using Java 11.0.15.1 on Liu with PID 20948 (D:\Code\service\day02\hmall\cart-service\target\classes started by 73789 in D:\Code\service\day02\hmall)
16:32:39:028 DEBUG 20948 --- [main] com.hmall.cart.CartApplication           : Running with Spring Boot v2.7.12, Spring v5.3.27
16:32:39:029  INFO 20948 --- [main] com.hmall.cart.CartApplication           : The following 1 profile is active: "dev"
16:32:40:189  INFO 20948 --- [main] o.s.cloud.context.scope.GenericScope     : BeanFactory id=b9752f6d-c2c2-38cc-a433-094db6ac25f1
16:32:40:474  INFO 20948 --- [main] o.s.b.w.embedded.tomcat.TomcatWebServer  : Tomcat initialized with port(s): 8082 (http)
16:32:40:483  INFO 20948 --- [main] o.apache.catalina.core.StandardService   : Starting service [Tomcat]
16:32:40:483  INFO 20948 --- [main] org.apache.catalina.core.StandardEngine  : Starting Servlet engine: [Apache Tomcat/9.0.75]
16:32:40:595  INFO 20948 --- [main] o.a.c.c.C.[Tomcat].[localhost].[/]       : Initializing Spring embedded WebApplicationContext
16:32:40:595  INFO 20948 --- [main] w.s.c.ServletWebServerApplicationContext : Root WebApplicationContext: initialization completed in 1531 ms
16:32:41:909  INFO 20948 --- [main] o.s.cloud.commons.util.InetUtils         : Cannot determine local hostname
16:32:43:353  INFO 20948 --- [main] o.s.cloud.commons.util.InetUtils         : Cannot determine local hostname
16:32:43:462  INFO 20948 --- [main] o.s.c.openfeign.FeignClientFactoryBean   : For 'item-service' URL not provided. Will try picking an instance via load-balancing.
16:32:44:768  INFO 20948 --- [main] pertySourcedRequestMappingHandlerMapping : Mapped URL path [/v2/api-docs] onto method [springfox.documentation.swagger2.web.Swagger2ControllerWebMvc#getDocumentation(String, HttpServletRequest)]
16:32:44:948  INFO 20948 --- [main] com.alibaba.nacos.common.remote.client   : [RpcClientFactory] create a new rpc client of 8f100a44-fb76-4b3c-89ce-bf838684a9c3
16:32:44:978  INFO 20948 --- [main] org.reflections.Reflections              : Reflections took 15 ms to scan 1 urls, producing 3 keys and 6 values 
16:32:44:996  INFO 20948 --- [main] org.reflections.Reflections              : Reflections took 6 ms to scan 1 urls, producing 4 keys and 9 values 
16:32:45:005  INFO 20948 --- [main] org.reflections.Reflections              : Reflections took 5 ms to scan 1 urls, producing 3 keys and 10 values 
16:32:45:007  WARN 20948 --- [main] org.reflections.Reflections              : given scan urls are empty. set urls in the configuration
16:32:45:020  INFO 20948 --- [main] org.reflections.Reflections              : Reflections took 13 ms to scan 1 urls, producing 1 keys and 5 values 
16:32:45:028  INFO 20948 --- [main] org.reflections.Reflections              : Reflections took 6 ms to scan 1 urls, producing 1 keys and 7 values 
16:32:45:035  INFO 20948 --- [main] org.reflections.Reflections              : Reflections took 5 ms to scan 1 urls, producing 2 keys and 8 values 
16:32:45:036  WARN 20948 --- [main] org.reflections.Reflections              : given scan urls are empty. set urls in the configuration
16:32:45:037  INFO 20948 --- [main] com.alibaba.nacos.common.remote.client   : [8f100a44-fb76-4b3c-89ce-bf838684a9c3] RpcClient init label, labels = {module=naming, source=sdk}
16:32:45:039  INFO 20948 --- [main] com.alibaba.nacos.common.remote.client   : [8f100a44-fb76-4b3c-89ce-bf838684a9c3] RpcClient init, ServerListFactory = com.alibaba.nacos.client.naming.core.ServerListManager
16:32:45:039  INFO 20948 --- [main] com.alibaba.nacos.common.remote.client   : [8f100a44-fb76-4b3c-89ce-bf838684a9c3] Registry connection listener to current client:com.alibaba.nacos.client.naming.remote.gprc.redo.NamingGrpcRedoService
16:32:45:039  INFO 20948 --- [main] com.alibaba.nacos.common.remote.client   : [8f100a44-fb76-4b3c-89ce-bf838684a9c3] Register server push request handler:com.alibaba.nacos.client.naming.remote.gprc.NamingPushRequestHandler
16:32:45:041  INFO 20948 --- [main] com.alibaba.nacos.common.remote.client   : [8f100a44-fb76-4b3c-89ce-bf838684a9c3] Try to connect to server on start up, server: {serverIp = '192.168.200.146', server main port = 8848}
16:32:46:074  INFO 20948 --- [main] com.alibaba.nacos.common.remote.client   : [8f100a44-fb76-4b3c-89ce-bf838684a9c3] Success to connect to server [192.168.200.146:8848] on start up, connectionId = 1700814764633_192.168.200.1_1729
16:32:46:075  INFO 20948 --- [com.alibaba.nacos.client.remote.worker] com.alibaba.nacos.common.remote.client   : [8f100a44-fb76-4b3c-89ce-bf838684a9c3] Notify connected event to listeners.
16:32:46:077  INFO 20948 --- [main] com.alibaba.nacos.common.remote.client   : [8f100a44-fb76-4b3c-89ce-bf838684a9c3] Register server push request handler:com.alibaba.nacos.common.remote.client.RpcClient$ConnectResetRequestHandler
16:32:46:077  INFO 20948 --- [main] com.alibaba.nacos.common.remote.client   : [8f100a44-fb76-4b3c-89ce-bf838684a9c3] Register server push request handler:com.alibaba.nacos.common.remote.client.RpcClient$$Lambda$991/0x0000000800713040
16:32:46:149  INFO 20948 --- [main] o.s.b.w.embedded.tomcat.TomcatWebServer  : Tomcat started on port(s): 8082 (http) with context path ''
16:32:46:625  INFO 20948 --- [nacos-grpc-client-executor-6] com.alibaba.nacos.common.remote.client   : [8f100a44-fb76-4b3c-89ce-bf838684a9c3] Receive server push request, request = NotifySubscriberRequest, requestId = 68
16:32:46:639  INFO 20948 --- [nacos-grpc-client-executor-6] com.alibaba.nacos.common.remote.client   : [8f100a44-fb76-4b3c-89ce-bf838684a9c3] Ack server push request, request = NotifySubscriberRequest, requestId = 68
16:32:47:318  INFO 20948 --- [main] o.s.cloud.commons.util.InetUtils         : Cannot determine local hostname
16:32:47:331  INFO 20948 --- [main] c.a.c.n.registry.NacosServiceRegistry    : nacos registry, DEFAULT_GROUP cart-service 192.168.200.1:8082 register finished
16:32:47:332  INFO 20948 --- [main] d.s.w.p.DocumentationPluginsBootstrapper : Documentation plugins bootstrapped
16:32:47:336  INFO 20948 --- [main] d.s.w.p.DocumentationPluginsBootstrapper : Found 1 custom documentation plugin(s)
16:32:47:358  INFO 20948 --- [main] s.d.s.w.s.ApiListingReferenceScanner     : Scanning for api listing references
16:32:47:443  INFO 20948 --- [main] com.hmall.cart.CartApplication           : Started CartApplication in 10.18 seconds (JVM running for 11.087)
16:32:47:920  INFO 20948 --- [nacos-grpc-client-executor-10] com.alibaba.nacos.common.remote.client   : [8f100a44-fb76-4b3c-89ce-bf838684a9c3] Receive server push request, request = NotifySubscriberRequest, requestId = 70
16:32:47:930  INFO 20948 --- [nacos-grpc-client-executor-10] com.alibaba.nacos.common.remote.client   : [8f100a44-fb76-4b3c-89ce-bf838684a9c3] Ack server push request, request = NotifySubscriberRequest, requestId = 70
16:32:59:182  INFO 20948 --- [http-nio-8082-exec-1] o.a.c.c.C.[Tomcat].[localhost].[/]       : Initializing Spring DispatcherServlet 'dispatcherServlet'
16:32:59:182  INFO 20948 --- [http-nio-8082-exec-1] o.s.web.servlet.DispatcherServlet        : Initializing Servlet 'dispatcherServlet'
16:32:59:183  INFO 20948 --- [http-nio-8082-exec-1] o.s.web.servlet.DispatcherServlet        : Completed initialization in 1 ms
16:32:59:263  INFO 20948 --- [http-nio-8082-exec-1] com.zaxxer.hikari.HikariDataSource       : HikariPool-1 - Starting...
16:32:59:456  INFO 20948 --- [http-nio-8082-exec-1] com.zaxxer.hikari.HikariDataSource       : HikariPool-1 - Start completed.
16:32:59:462 DEBUG 20948 --- [http-nio-8082-exec-1] c.h.cart.mapper.CartMapper.selectList    : ==>  Preparing: SELECT id,user_id,item_id,num,name,spec,price,image,create_time,update_time FROM cart WHERE (user_id = ?)
16:32:59:480 DEBUG 20948 --- [http-nio-8082-exec-1] c.h.cart.mapper.CartMapper.selectList    : ==> Parameters: 1(Long)
16:32:59:504 DEBUG 20948 --- [http-nio-8082-exec-1] c.h.cart.mapper.CartMapper.selectList    : <==      Total: 1
16:32:59:545 DEBUG 20948 --- [http-nio-8082-exec-1] com.hmall.api.client.ItemClient          : [ItemClient#queryItemByIds] ---> GET http://item-service/items?ids=100000006163 HTTP/1.1
16:32:59:545 DEBUG 20948 --- [http-nio-8082-exec-1] com.hmall.api.client.ItemClient          : [ItemClient#queryItemByIds] user-info: 1
16:32:59:545 DEBUG 20948 --- [http-nio-8082-exec-1] com.hmall.api.client.ItemClient          : [ItemClient#queryItemByIds] ---> END HTTP (0-byte body)
16:32:59:661 DEBUG 20948 --- [http-nio-8082-exec-7] c.h.cart.mapper.CartMapper.selectList    : ==>  Preparing: SELECT id,user_id,item_id,num,name,spec,price,image,create_time,update_time FROM cart WHERE (user_id = ?)
16:32:59:662 DEBUG 20948 --- [http-nio-8082-exec-7] c.h.cart.mapper.CartMapper.selectList    : ==> Parameters: 1(Long)
16:32:59:665 DEBUG 20948 --- [http-nio-8082-exec-7] c.h.cart.mapper.CartMapper.selectList    : <==      Total: 1
16:32:59:666 DEBUG 20948 --- [http-nio-8082-exec-7] com.hmall.api.client.ItemClient          : [ItemClient#queryItemByIds] ---> GET http://item-service/items?ids=100000006163 HTTP/1.1
16:32:59:666 DEBUG 20948 --- [http-nio-8082-exec-7] com.hmall.api.client.ItemClient          : [ItemClient#queryItemByIds] user-info: 1
16:32:59:666 DEBUG 20948 --- [http-nio-8082-exec-7] com.hmall.api.client.ItemClient          : [ItemClient#queryItemByIds] ---> END HTTP (0-byte body)
16:33:00:175 DEBUG 20948 --- [http-nio-8082-exec-7] com.hmall.api.client.ItemClient          : [ItemClient#queryItemByIds] <--- HTTP/1.1 200  (508ms)
16:33:00:175 DEBUG 20948 --- [http-nio-8082-exec-1] com.hmall.api.client.ItemClient          : [ItemClient#queryItemByIds] <--- HTTP/1.1 200  (629ms)
16:33:00:175 DEBUG 20948 --- [http-nio-8082-exec-7] com.hmall.api.client.ItemClient          : [ItemClient#queryItemByIds] connection: keep-alive
16:33:00:175 DEBUG 20948 --- [http-nio-8082-exec-7] com.hmall.api.client.ItemClient          : [ItemClient#queryItemByIds] content-type: application/json
16:33:00:175 DEBUG 20948 --- [http-nio-8082-exec-1] com.hmall.api.client.ItemClient          : [ItemClient#queryItemByIds] connection: keep-alive
16:33:00:175 DEBUG 20948 --- [http-nio-8082-exec-7] com.hmall.api.client.ItemClient          : [ItemClient#queryItemByIds] date: Fri, 24 Nov 2023 08:33:00 GMT
16:33:00:175 DEBUG 20948 --- [http-nio-8082-exec-1] com.hmall.api.client.ItemClient          : [ItemClient#queryItemByIds] content-type: application/json
16:33:00:175 DEBUG 20948 --- [http-nio-8082-exec-1] com.hmall.api.client.ItemClient          : [ItemClient#queryItemByIds] date: Fri, 24 Nov 2023 08:33:00 GMT
16:33:00:175 DEBUG 20948 --- [http-nio-8082-exec-7] com.hmall.api.client.ItemClient          : [ItemClient#queryItemByIds] keep-alive: timeout=60
16:33:00:175 DEBUG 20948 --- [http-nio-8082-exec-1] com.hmall.api.client.ItemClient          : [ItemClient#queryItemByIds] keep-alive: timeout=60
16:33:00:175 DEBUG 20948 --- [http-nio-8082-exec-7] com.hmall.api.client.ItemClient          : [ItemClient#queryItemByIds] transfer-encoding: chunked
16:33:00:175 DEBUG 20948 --- [http-nio-8082-exec-1] com.hmall.api.client.ItemClient          : [ItemClient#queryItemByIds] transfer-encoding: chunked
16:33:00:175 DEBUG 20948 --- [http-nio-8082-exec-1] com.hmall.api.client.ItemClient          : [ItemClient#queryItemByIds] 
16:33:00:175 DEBUG 20948 --- [http-nio-8082-exec-7] com.hmall.api.client.ItemClient          : [ItemClient#queryItemByIds] 
16:33:00:176 DEBUG 20948 --- [http-nio-8082-exec-7] com.hmall.api.client.ItemClient          : [ItemClient#queryItemByIds] [{"id":"100000006163","name":"巴布豆(BOBDOG)柔薄悦动婴儿拉拉裤XXL码80片(15kg以上)","price":67100,"stock":10000,"image":"https://m.360buyimg.com/mobilecms/s720x720_jfs/t23998/350/2363990466/222391/a6e9581d/5b7cba5bN0c18fb4f.jpg!q70.jpg.webp","category":"拉拉裤","brand":"巴布豆","spec":"{}","sold":11,"commentCount":33343434,"isAD":false,"status":2}]
16:33:00:176 DEBUG 20948 --- [http-nio-8082-exec-7] com.hmall.api.client.ItemClient          : [ItemClient#queryItemByIds] <--- END HTTP (371-byte body)
16:33:00:176 DEBUG 20948 --- [http-nio-8082-exec-1] com.hmall.api.client.ItemClient          : [ItemClient#queryItemByIds] [{"id":"100000006163","name":"巴布豆(BOBDOG)柔薄悦动婴儿拉拉裤XXL码80片(15kg以上)","price":67100,"stock":10000,"image":"https://m.360buyimg.com/mobilecms/s720x720_jfs/t23998/350/2363990466/222391/a6e9581d/5b7cba5bN0c18fb4f.jpg!q70.jpg.webp","category":"拉拉裤","brand":"巴布豆","spec":"{}","sold":11,"commentCount":33343434,"isAD":false,"status":2}]
16:33:00:176 DEBUG 20948 --- [http-nio-8082-exec-1] com.hmall.api.client.ItemClient          : [ItemClient#queryItemByIds] <--- END HTTP (371-byte body)
16:33:00:263  INFO 20948 --- [nacos-grpc-client-executor-16] com.alibaba.nacos.common.remote.client   : [8f100a44-fb76-4b3c-89ce-bf838684a9c3] Receive server push request, request = NotifySubscriberRequest, requestId = 74
16:33:00:263  INFO 20948 --- [nacos-grpc-client-executor-16] com.alibaba.nacos.common.remote.client   : [8f100a44-fb76-4b3c-89ce-bf838684a9c3] Ack server push request, request = NotifySubscriberRequest, requestId = 74
17:19:19:675  INFO 20948 --- [nacos-grpc-client-executor-616] com.alibaba.nacos.common.remote.client   : [8f100a44-fb76-4b3c-89ce-bf838684a9c3] Receive server push request, request = NotifySubscriberRequest, requestId = 75
17:19:19:689  INFO 20948 --- [nacos-grpc-client-executor-616] com.alibaba.nacos.common.remote.client   : [8f100a44-fb76-4b3c-89ce-bf838684a9c3] Ack server push request, request = NotifySubscriberRequest, requestId = 75
17:19:22:591  INFO 20948 --- [nacos-grpc-client-executor-617] com.alibaba.nacos.common.remote.client   : [8f100a44-fb76-4b3c-89ce-bf838684a9c3] Receive server push request, request = NotifySubscriberRequest, requestId = 79
17:19:22:604  INFO 20948 --- [nacos-grpc-client-executor-617] com.alibaba.nacos.common.remote.client   : [8f100a44-fb76-4b3c-89ce-bf838684a9c3] Ack server push request, request = NotifySubscriberRequest, requestId = 79
17:37:58:120  WARN 20948 --- [Thread-4] c.a.nacos.common.notify.NotifyCenter     : [NotifyCenter] Start destroying Publisher
17:37:58:120  WARN 20948 --- [Thread-7] c.a.n.common.http.HttpClientBeanHolder   : [HttpClientBeanHolder] Start destroying common HttpClient
17:37:58:120  WARN 20948 --- [Thread-4] c.a.nacos.common.notify.NotifyCenter     : [NotifyCenter] Destruction of the end
17:37:58:121  WARN 20948 --- [Thread-7] c.a.n.common.http.HttpClientBeanHolder   : [HttpClientBeanHolder] Destruction of the end
17:37:58:281  INFO 20948 --- [SpringApplicationShutdownHook] c.a.c.n.registry.NacosServiceRegistry    : De-registering from Nacos Server now...
17:37:58:303  INFO 20948 --- [SpringApplicationShutdownHook] c.a.c.n.registry.NacosServiceRegistry    : De-registration finished.
17:37:58:639  INFO 20948 --- [SpringApplicationShutdownHook] com.alibaba.nacos.common.remote.client   : Shutdown rpc client, set status to shutdown
17:37:58:639  INFO 20948 --- [SpringApplicationShutdownHook] com.alibaba.nacos.common.remote.client   : Shutdown client event executor java.util.concurrent.ScheduledThreadPoolExecutor@37899ce7[Running, pool size = 2, active threads = 2, queued tasks = 0, completed tasks = 0]
17:37:58:640  INFO 20948 --- [SpringApplicationShutdownHook] com.alibaba.nacos.common.remote.client   : Close current connection 1700814764633_192.168.200.1_1729
17:37:58:642  INFO 20948 --- [nacos-grpc-client-executor-861] c.a.n.c.remote.client.grpc.GrpcClient    : [1700814764633_192.168.200.1_1729]Ignore complete event,isRunning:false,isAbandon=false
17:37:58:645  INFO 20948 --- [SpringApplicationShutdownHook] c.a.n.c.remote.client.grpc.GrpcClient    : Shutdown grpc executor java.util.concurrent.ThreadPoolExecutor@2ca5bc9f[Running, pool size = 5, active threads = 0, queued tasks = 0, completed tasks = 862]
17:37:58:649  INFO 20948 --- [SpringApplicationShutdownHook] com.zaxxer.hikari.HikariDataSource       : HikariPool-1 - Shutdown initiated...
17:37:58:664  INFO 20948 --- [SpringApplicationShutdownHook] com.zaxxer.hikari.HikariDataSource       : HikariPool-1 - Shutdown completed.
