09:48:13:983  INFO 3860 --- [main] com.hmall.item.ItemApplication           : Starting ItemApplication using Java 11.0.15.1 on Liu with PID 3860 (D:\Code\service\day02\hmall\item-service\target\classes started by 73789 in D:\Code\service\day02\hmall)
09:48:13:987 DEBUG 3860 --- [main] com.hmall.item.ItemApplication           : Running with Spring Boot v2.7.12, Spring v5.3.27
09:48:13:987  INFO 3860 --- [main] com.hmall.item.ItemApplication           : The following 1 profile is active: "dev"
09:48:14:792  INFO 3860 --- [main] o.s.cloud.context.scope.GenericScope     : BeanFactory id=0acfaab7-bf78-36dd-8453-9e0880529795
09:48:15:062  INFO 3860 --- [main] o.s.b.w.embedded.tomcat.TomcatWebServer  : Tomcat initialized with port(s): 8081 (http)
09:48:15:075  INFO 3860 --- [main] o.apache.catalina.core.StandardService   : Starting service [Tomcat]
09:48:15:076  INFO 3860 --- [main] org.apache.catalina.core.StandardEngine  : Starting Servlet engine: [Apache Tomcat/9.0.75]
09:48:15:177  INFO 3860 --- [main] o.a.c.c.C.[Tomcat].[localhost].[/]       : Initializing Spring embedded WebApplicationContext
09:48:15:177  INFO 3860 --- [main] w.s.c.ServletWebServerApplicationContext : Root WebApplicationContext: initialization completed in 1154 ms
09:48:17:308  INFO 3860 --- [main] o.s.cloud.commons.util.InetUtils         : Cannot determine local hostname
09:48:17:338  INFO 3860 --- [main] pertySourcedRequestMappingHandlerMapping : Mapped URL path [/v2/api-docs] onto method [springfox.documentation.swagger2.web.Swagger2ControllerWebMvc#getDocumentation(String, HttpServletRequest)]
09:48:18:538  INFO 3860 --- [main] o.s.cloud.commons.util.InetUtils         : Cannot determine local hostname
09:48:18:736  INFO 3860 --- [main] com.alibaba.nacos.common.remote.client   : [RpcClientFactory] create a new rpc client of 9893fee8-354e-4132-9338-3ed3b6165f17
09:48:18:771  INFO 3860 --- [main] org.reflections.Reflections              : Reflections took 18 ms to scan 1 urls, producing 3 keys and 6 values 
09:48:18:789  INFO 3860 --- [main] org.reflections.Reflections              : Reflections took 7 ms to scan 1 urls, producing 4 keys and 9 values 
09:48:18:797  INFO 3860 --- [main] org.reflections.Reflections              : Reflections took 4 ms to scan 1 urls, producing 3 keys and 10 values 
09:48:18:798  WARN 3860 --- [main] org.reflections.Reflections              : given scan urls are empty. set urls in the configuration
09:48:18:804  INFO 3860 --- [main] org.reflections.Reflections              : Reflections took 6 ms to scan 1 urls, producing 1 keys and 5 values 
09:48:18:809  INFO 3860 --- [main] org.reflections.Reflections              : Reflections took 4 ms to scan 1 urls, producing 1 keys and 7 values 
09:48:18:815  INFO 3860 --- [main] org.reflections.Reflections              : Reflections took 4 ms to scan 1 urls, producing 2 keys and 8 values 
09:48:18:816  WARN 3860 --- [main] org.reflections.Reflections              : given scan urls are empty. set urls in the configuration
09:48:18:817  INFO 3860 --- [main] com.alibaba.nacos.common.remote.client   : [9893fee8-354e-4132-9338-3ed3b6165f17] RpcClient init label, labels = {module=naming, source=sdk}
09:48:18:819  INFO 3860 --- [main] com.alibaba.nacos.common.remote.client   : [9893fee8-354e-4132-9338-3ed3b6165f17] RpcClient init, ServerListFactory = com.alibaba.nacos.client.naming.core.ServerListManager
09:48:18:819  INFO 3860 --- [main] com.alibaba.nacos.common.remote.client   : [9893fee8-354e-4132-9338-3ed3b6165f17] Registry connection listener to current client:com.alibaba.nacos.client.naming.remote.gprc.redo.NamingGrpcRedoService
09:48:18:819  INFO 3860 --- [main] com.alibaba.nacos.common.remote.client   : [9893fee8-354e-4132-9338-3ed3b6165f17] Register server push request handler:com.alibaba.nacos.client.naming.remote.gprc.NamingPushRequestHandler
09:48:18:833  INFO 3860 --- [main] com.alibaba.nacos.common.remote.client   : [9893fee8-354e-4132-9338-3ed3b6165f17] Try to connect to server on start up, server: {serverIp = '192.168.200.146', server main port = 8848}
09:48:19:810  INFO 3860 --- [main] com.alibaba.nacos.common.remote.client   : [9893fee8-354e-4132-9338-3ed3b6165f17] Success to connect to server [192.168.200.146:8848] on start up, connectionId = 1700790498481_192.168.200.1_3862
09:48:19:813  INFO 3860 --- [main] com.alibaba.nacos.common.remote.client   : [9893fee8-354e-4132-9338-3ed3b6165f17] Register server push request handler:com.alibaba.nacos.common.remote.client.RpcClient$ConnectResetRequestHandler
09:48:19:811  INFO 3860 --- [com.alibaba.nacos.client.remote.worker] com.alibaba.nacos.common.remote.client   : [9893fee8-354e-4132-9338-3ed3b6165f17] Notify connected event to listeners.
09:48:19:814  INFO 3860 --- [main] com.alibaba.nacos.common.remote.client   : [9893fee8-354e-4132-9338-3ed3b6165f17] Register server push request handler:com.alibaba.nacos.common.remote.client.RpcClient$$Lambda$939/0x00000008006c3c40
09:48:19:872  INFO 3860 --- [main] o.s.b.w.embedded.tomcat.TomcatWebServer  : Tomcat started on port(s): 8081 (http) with context path ''
09:48:19:887  INFO 3860 --- [main] c.a.c.n.registry.NacosServiceRegistry    : nacos registry, DEFAULT_GROUP item-service 192.168.200.1:8081 register finished
09:48:20:412  INFO 3860 --- [nacos-grpc-client-executor-8] com.alibaba.nacos.common.remote.client   : [9893fee8-354e-4132-9338-3ed3b6165f17] Receive server push request, request = NotifySubscriberRequest, requestId = 10
09:48:20:417  INFO 3860 --- [nacos-grpc-client-executor-8] com.alibaba.nacos.common.remote.client   : [9893fee8-354e-4132-9338-3ed3b6165f17] Ack server push request, request = NotifySubscriberRequest, requestId = 10
09:48:21:041  INFO 3860 --- [main] o.s.cloud.commons.util.InetUtils         : Cannot determine local hostname
09:48:21:042  INFO 3860 --- [main] d.s.w.p.DocumentationPluginsBootstrapper : Documentation plugins bootstrapped
09:48:21:048  INFO 3860 --- [main] d.s.w.p.DocumentationPluginsBootstrapper : Found 1 custom documentation plugin(s)
09:48:21:075  INFO 3860 --- [main] s.d.s.w.s.ApiListingReferenceScanner     : Scanning for api listing references
09:48:21:178  INFO 3860 --- [main] com.hmall.item.ItemApplication           : Started ItemApplication in 8.839 seconds (JVM running for 9.653)
10:28:53:983  INFO 3860 --- [http-nio-8081-exec-2] o.a.c.c.C.[Tomcat].[localhost].[/]       : Initializing Spring DispatcherServlet 'dispatcherServlet'
10:28:53:984  INFO 3860 --- [http-nio-8081-exec-2] o.s.web.servlet.DispatcherServlet        : Initializing Servlet 'dispatcherServlet'
10:28:53:985  INFO 3860 --- [http-nio-8081-exec-2] o.s.web.servlet.DispatcherServlet        : Completed initialization in 1 ms
10:28:54:105  INFO 3860 --- [http-nio-8081-exec-2] com.zaxxer.hikari.HikariDataSource       : HikariPool-1 - Starting...
10:28:54:548  INFO 3860 --- [http-nio-8081-exec-2] com.zaxxer.hikari.HikariDataSource       : HikariPool-1 - Start completed.
10:28:54:556 DEBUG 3860 --- [http-nio-8081-exec-2] c.h.i.m.ItemMapper.selectPage_mpCount    : ==>  Preparing: SELECT COUNT(*) FROM item
10:28:54:574 DEBUG 3860 --- [http-nio-8081-exec-2] c.h.i.m.ItemMapper.selectPage_mpCount    : ==> Parameters: 
10:28:55:522 DEBUG 3860 --- [http-nio-8081-exec-2] c.h.i.m.ItemMapper.selectPage_mpCount    : <==      Total: 1
10:28:55:545 DEBUG 3860 --- [http-nio-8081-exec-2] c.h.item.mapper.ItemMapper.selectPage    : ==>  Preparing: SELECT id, name, price, stock, image, category, brand, spec, sold, comment_count, isAD, status, create_time, update_time, creater, updater FROM item ORDER BY update_time DESC LIMIT ?
10:28:55:546 DEBUG 3860 --- [http-nio-8081-exec-2] c.h.item.mapper.ItemMapper.selectPage    : ==> Parameters: 20(Long)
10:28:55:569 DEBUG 3860 --- [http-nio-8081-exec-2] c.h.item.mapper.ItemMapper.selectPage    : <==      Total: 20
10:29:20:744 DEBUG 3860 --- [http-nio-8081-exec-3] c.h.i.m.ItemMapper.selectPage_mpCount    : ==>  Preparing: SELECT COUNT(*) FROM item
10:29:20:745 DEBUG 3860 --- [http-nio-8081-exec-3] c.h.i.m.ItemMapper.selectPage_mpCount    : ==> Parameters: 
10:29:20:771 DEBUG 3860 --- [http-nio-8081-exec-3] c.h.i.m.ItemMapper.selectPage_mpCount    : <==      Total: 1
10:29:20:772 DEBUG 3860 --- [http-nio-8081-exec-3] c.h.item.mapper.ItemMapper.selectPage    : ==>  Preparing: SELECT id, name, price, stock, image, category, brand, spec, sold, comment_count, isAD, status, create_time, update_time, creater, updater FROM item ORDER BY update_time DESC LIMIT ?
10:29:20:773 DEBUG 3860 --- [http-nio-8081-exec-3] c.h.item.mapper.ItemMapper.selectPage    : ==> Parameters: 20(Long)
10:29:20:778 DEBUG 3860 --- [http-nio-8081-exec-3] c.h.item.mapper.ItemMapper.selectPage    : <==      Total: 20
11:01:29:445  WARN 3860 --- [Thread-7] c.a.n.common.http.HttpClientBeanHolder   : [HttpClientBeanHolder] Start destroying common HttpClient
11:01:29:445  WARN 3860 --- [Thread-4] c.a.nacos.common.notify.NotifyCenter     : [NotifyCenter] Start destroying Publisher
11:01:29:445  WARN 3860 --- [Thread-4] c.a.nacos.common.notify.NotifyCenter     : [NotifyCenter] Destruction of the end
11:01:29:446  WARN 3860 --- [Thread-7] c.a.n.common.http.HttpClientBeanHolder   : [HttpClientBeanHolder] Destruction of the end
11:01:29:588  INFO 3860 --- [SpringApplicationShutdownHook] c.a.c.n.registry.NacosServiceRegistry    : De-registering from Nacos Server now...
11:01:29:595  INFO 3860 --- [SpringApplicationShutdownHook] c.a.c.n.registry.NacosServiceRegistry    : De-registration finished.
11:01:29:929  INFO 3860 --- [SpringApplicationShutdownHook] com.alibaba.nacos.common.remote.client   : Shutdown rpc client, set status to shutdown
11:01:29:929  INFO 3860 --- [SpringApplicationShutdownHook] com.alibaba.nacos.common.remote.client   : Shutdown client event executor java.util.concurrent.ScheduledThreadPoolExecutor@6c488748[Running, pool size = 2, active threads = 2, queued tasks = 0, completed tasks = 0]
11:01:29:929  INFO 3860 --- [SpringApplicationShutdownHook] com.alibaba.nacos.common.remote.client   : Close current connection 1700790498481_192.168.200.1_3862
11:01:29:932  INFO 3860 --- [nacos-grpc-client-executor-948] c.a.n.c.remote.client.grpc.GrpcClient    : [1700790498481_192.168.200.1_3862]Ignore complete event,isRunning:false,isAbandon=false
11:01:29:935  INFO 3860 --- [SpringApplicationShutdownHook] c.a.n.c.remote.client.grpc.GrpcClient    : Shutdown grpc executor java.util.concurrent.ThreadPoolExecutor@497a57ba[Running, pool size = 5, active threads = 0, queued tasks = 0, completed tasks = 949]
11:01:29:940  INFO 3860 --- [SpringApplicationShutdownHook] com.zaxxer.hikari.HikariDataSource       : HikariPool-1 - Shutdown initiated...
11:01:29:990  INFO 3860 --- [SpringApplicationShutdownHook] com.zaxxer.hikari.HikariDataSource       : HikariPool-1 - Shutdown completed.
11:01:56:272  INFO 16828 --- [main] com.hmall.item.ItemApplication           : Starting ItemApplication using Java 11.0.15.1 on Liu with PID 16828 (D:\Code\service\day02\hmall\item-service\target\classes started by 73789 in D:\Code\service\day02\hmall)
11:01:56:274 DEBUG 16828 --- [main] com.hmall.item.ItemApplication           : Running with Spring Boot v2.7.12, Spring v5.3.27
11:01:56:274  INFO 16828 --- [main] com.hmall.item.ItemApplication           : The following 1 profile is active: "dev"
11:01:57:189  INFO 16828 --- [main] o.s.cloud.context.scope.GenericScope     : BeanFactory id=0acfaab7-bf78-36dd-8453-9e0880529795
11:01:57:463  INFO 16828 --- [main] o.s.b.w.embedded.tomcat.TomcatWebServer  : Tomcat initialized with port(s): 8081 (http)
11:01:57:472  INFO 16828 --- [main] o.apache.catalina.core.StandardService   : Starting service [Tomcat]
11:01:57:473  INFO 16828 --- [main] org.apache.catalina.core.StandardEngine  : Starting Servlet engine: [Apache Tomcat/9.0.75]
11:01:57:618  INFO 16828 --- [main] o.a.c.c.C.[Tomcat].[localhost].[/]       : Initializing Spring embedded WebApplicationContext
11:01:57:619  INFO 16828 --- [main] w.s.c.ServletWebServerApplicationContext : Root WebApplicationContext: initialization completed in 1312 ms
11:01:59:840  INFO 16828 --- [main] o.s.cloud.commons.util.InetUtils         : Cannot determine local hostname
11:01:59:872  INFO 16828 --- [main] pertySourcedRequestMappingHandlerMapping : Mapped URL path [/v2/api-docs] onto method [springfox.documentation.swagger2.web.Swagger2ControllerWebMvc#getDocumentation(String, HttpServletRequest)]
11:02:01:122  INFO 16828 --- [main] o.s.cloud.commons.util.InetUtils         : Cannot determine local hostname
11:02:01:358  INFO 16828 --- [main] com.alibaba.nacos.common.remote.client   : [RpcClientFactory] create a new rpc client of b1364d41-898f-49d9-958f-83de7860d5aa
11:02:01:405  INFO 16828 --- [main] org.reflections.Reflections              : Reflections took 21 ms to scan 1 urls, producing 3 keys and 6 values 
11:02:01:426  INFO 16828 --- [main] org.reflections.Reflections              : Reflections took 7 ms to scan 1 urls, producing 4 keys and 9 values 
11:02:01:433  INFO 16828 --- [main] org.reflections.Reflections              : Reflections took 5 ms to scan 1 urls, producing 3 keys and 10 values 
11:02:01:436  WARN 16828 --- [main] org.reflections.Reflections              : given scan urls are empty. set urls in the configuration
11:02:01:441  INFO 16828 --- [main] org.reflections.Reflections              : Reflections took 5 ms to scan 1 urls, producing 1 keys and 5 values 
11:02:01:448  INFO 16828 --- [main] org.reflections.Reflections              : Reflections took 4 ms to scan 1 urls, producing 1 keys and 7 values 
11:02:01:454  INFO 16828 --- [main] org.reflections.Reflections              : Reflections took 4 ms to scan 1 urls, producing 2 keys and 8 values 
11:02:01:456  WARN 16828 --- [main] org.reflections.Reflections              : given scan urls are empty. set urls in the configuration
11:02:01:457  INFO 16828 --- [main] com.alibaba.nacos.common.remote.client   : [b1364d41-898f-49d9-958f-83de7860d5aa] RpcClient init label, labels = {module=naming, source=sdk}
11:02:01:460  INFO 16828 --- [main] com.alibaba.nacos.common.remote.client   : [b1364d41-898f-49d9-958f-83de7860d5aa] RpcClient init, ServerListFactory = com.alibaba.nacos.client.naming.core.ServerListManager
11:02:01:460  INFO 16828 --- [main] com.alibaba.nacos.common.remote.client   : [b1364d41-898f-49d9-958f-83de7860d5aa] Registry connection listener to current client:com.alibaba.nacos.client.naming.remote.gprc.redo.NamingGrpcRedoService
11:02:01:460  INFO 16828 --- [main] com.alibaba.nacos.common.remote.client   : [b1364d41-898f-49d9-958f-83de7860d5aa] Register server push request handler:com.alibaba.nacos.client.naming.remote.gprc.NamingPushRequestHandler
11:02:01:472  INFO 16828 --- [main] com.alibaba.nacos.common.remote.client   : [b1364d41-898f-49d9-958f-83de7860d5aa] Try to connect to server on start up, server: {serverIp = '192.168.200.146', server main port = 8848}
11:02:02:608  INFO 16828 --- [main] com.alibaba.nacos.common.remote.client   : [b1364d41-898f-49d9-958f-83de7860d5aa] Success to connect to server [192.168.200.146:8848] on start up, connectionId = 1700794921245_192.168.200.1_8000
11:02:02:609  INFO 16828 --- [com.alibaba.nacos.client.remote.worker] com.alibaba.nacos.common.remote.client   : [b1364d41-898f-49d9-958f-83de7860d5aa] Notify connected event to listeners.
11:02:02:611  INFO 16828 --- [main] com.alibaba.nacos.common.remote.client   : [b1364d41-898f-49d9-958f-83de7860d5aa] Register server push request handler:com.alibaba.nacos.common.remote.client.RpcClient$ConnectResetRequestHandler
11:02:02:612  INFO 16828 --- [main] com.alibaba.nacos.common.remote.client   : [b1364d41-898f-49d9-958f-83de7860d5aa] Register server push request handler:com.alibaba.nacos.common.remote.client.RpcClient$$Lambda$939/0x00000008007f8040
11:02:02:668  INFO 16828 --- [main] o.s.b.w.embedded.tomcat.TomcatWebServer  : Tomcat started on port(s): 8081 (http) with context path ''
11:02:02:683  INFO 16828 --- [main] c.a.c.n.registry.NacosServiceRegistry    : nacos registry, DEFAULT_GROUP item-service 192.168.200.1:8081 register finished
11:02:03:211  INFO 16828 --- [nacos-grpc-client-executor-9] com.alibaba.nacos.common.remote.client   : [b1364d41-898f-49d9-958f-83de7860d5aa] Receive server push request, request = NotifySubscriberRequest, requestId = 17
11:02:03:224  INFO 16828 --- [nacos-grpc-client-executor-9] com.alibaba.nacos.common.remote.client   : [b1364d41-898f-49d9-958f-83de7860d5aa] Ack server push request, request = NotifySubscriberRequest, requestId = 17
11:02:03:875  INFO 16828 --- [main] o.s.cloud.commons.util.InetUtils         : Cannot determine local hostname
11:02:03:875  INFO 16828 --- [main] d.s.w.p.DocumentationPluginsBootstrapper : Documentation plugins bootstrapped
11:02:03:879  INFO 16828 --- [main] d.s.w.p.DocumentationPluginsBootstrapper : Found 1 custom documentation plugin(s)
11:02:03:909  INFO 16828 --- [main] s.d.s.w.s.ApiListingReferenceScanner     : Scanning for api listing references
11:02:04:006  INFO 16828 --- [main] com.hmall.item.ItemApplication           : Started ItemApplication in 9.493 seconds (JVM running for 10.296)
11:02:15:639  INFO 16828 --- [http-nio-8081-exec-2] o.a.c.c.C.[Tomcat].[localhost].[/]       : Initializing Spring DispatcherServlet 'dispatcherServlet'
11:02:15:639  INFO 16828 --- [http-nio-8081-exec-2] o.s.web.servlet.DispatcherServlet        : Initializing Servlet 'dispatcherServlet'
11:02:15:640  INFO 16828 --- [http-nio-8081-exec-2] o.s.web.servlet.DispatcherServlet        : Completed initialization in 1 ms
11:02:15:740  INFO 16828 --- [http-nio-8081-exec-2] com.zaxxer.hikari.HikariDataSource       : HikariPool-1 - Starting...
11:02:16:140  INFO 16828 --- [http-nio-8081-exec-2] com.zaxxer.hikari.HikariDataSource       : HikariPool-1 - Start completed.
11:02:16:147 DEBUG 16828 --- [http-nio-8081-exec-2] c.h.i.m.ItemMapper.selectPage_mpCount    : ==>  Preparing: SELECT COUNT(*) FROM item
11:02:16:161 DEBUG 16828 --- [http-nio-8081-exec-2] c.h.i.m.ItemMapper.selectPage_mpCount    : ==> Parameters: 
11:02:16:216 DEBUG 16828 --- [http-nio-8081-exec-2] c.h.i.m.ItemMapper.selectPage_mpCount    : <==      Total: 1
11:02:16:228 DEBUG 16828 --- [http-nio-8081-exec-2] c.h.item.mapper.ItemMapper.selectPage    : ==>  Preparing: SELECT id, name, price, stock, image, category, brand, spec, sold, comment_count, isAD, status, create_time, update_time, creater, updater FROM item ORDER BY update_time DESC LIMIT ?
11:02:16:228 DEBUG 16828 --- [http-nio-8081-exec-2] c.h.item.mapper.ItemMapper.selectPage    : ==> Parameters: 20(Long)
11:02:16:241 DEBUG 16828 --- [http-nio-8081-exec-2] c.h.item.mapper.ItemMapper.selectPage    : <==      Total: 20
11:02:40:077  WARN 16828 --- [http-nio-8081-exec-4] .w.s.m.s.DefaultHandlerExceptionResolver : Resolved [org.springframework.web.bind.MissingRequestHeaderException: Required request header 'testadd' for method parameter type String is not present]
11:02:44:006  WARN 16828 --- [http-nio-8081-exec-1] .w.s.m.s.DefaultHandlerExceptionResolver : Resolved [org.springframework.web.bind.MissingRequestHeaderException: Required request header 'testadd' for method parameter type String is not present]
11:02:44:753  WARN 16828 --- [http-nio-8081-exec-3] .w.s.m.s.DefaultHandlerExceptionResolver : Resolved [org.springframework.web.bind.MissingRequestHeaderException: Required request header 'testadd' for method parameter type String is not present]
11:02:45:272  WARN 16828 --- [http-nio-8081-exec-6] .w.s.m.s.DefaultHandlerExceptionResolver : Resolved [org.springframework.web.bind.MissingRequestHeaderException: Required request header 'testadd' for method parameter type String is not present]
11:02:45:481  WARN 16828 --- [http-nio-8081-exec-5] .w.s.m.s.DefaultHandlerExceptionResolver : Resolved [org.springframework.web.bind.MissingRequestHeaderException: Required request header 'testadd' for method parameter type String is not present]
11:02:45:840  WARN 16828 --- [http-nio-8081-exec-7] .w.s.m.s.DefaultHandlerExceptionResolver : Resolved [org.springframework.web.bind.MissingRequestHeaderException: Required request header 'testadd' for method parameter type String is not present]
11:02:46:058  WARN 16828 --- [http-nio-8081-exec-8] .w.s.m.s.DefaultHandlerExceptionResolver : Resolved [org.springframework.web.bind.MissingRequestHeaderException: Required request header 'testadd' for method parameter type String is not present]
11:02:46:266  WARN 16828 --- [http-nio-8081-exec-9] .w.s.m.s.DefaultHandlerExceptionResolver : Resolved [org.springframework.web.bind.MissingRequestHeaderException: Required request header 'testadd' for method parameter type String is not present]
11:02:46:440  WARN 16828 --- [http-nio-8081-exec-10] .w.s.m.s.DefaultHandlerExceptionResolver : Resolved [org.springframework.web.bind.MissingRequestHeaderException: Required request header 'testadd' for method parameter type String is not present]
11:03:06:317  WARN 16828 --- [Thread-4] c.a.nacos.common.notify.NotifyCenter     : [NotifyCenter] Start destroying Publisher
11:03:06:317  WARN 16828 --- [Thread-7] c.a.n.common.http.HttpClientBeanHolder   : [HttpClientBeanHolder] Start destroying common HttpClient
11:03:06:317  WARN 16828 --- [Thread-4] c.a.nacos.common.notify.NotifyCenter     : [NotifyCenter] Destruction of the end
11:03:06:318  WARN 16828 --- [Thread-7] c.a.n.common.http.HttpClientBeanHolder   : [HttpClientBeanHolder] Destruction of the end
11:03:06:468  INFO 16828 --- [SpringApplicationShutdownHook] c.a.c.n.registry.NacosServiceRegistry    : De-registering from Nacos Server now...
11:03:06:483  INFO 16828 --- [SpringApplicationShutdownHook] c.a.c.n.registry.NacosServiceRegistry    : De-registration finished.
11:03:06:830  INFO 16828 --- [SpringApplicationShutdownHook] com.alibaba.nacos.common.remote.client   : Shutdown rpc client, set status to shutdown
11:03:06:830  INFO 16828 --- [SpringApplicationShutdownHook] com.alibaba.nacos.common.remote.client   : Shutdown client event executor java.util.concurrent.ScheduledThreadPoolExecutor@40cdcdc8[Running, pool size = 2, active threads = 2, queued tasks = 0, completed tasks = 0]
11:03:06:830  INFO 16828 --- [SpringApplicationShutdownHook] com.alibaba.nacos.common.remote.client   : Close current connection 1700794921245_192.168.200.1_8000
11:03:06:833  INFO 16828 --- [nacos-grpc-client-executor-27] c.a.n.c.remote.client.grpc.GrpcClient    : [1700794921245_192.168.200.1_8000]Ignore complete event,isRunning:false,isAbandon=false
11:03:06:835  INFO 16828 --- [SpringApplicationShutdownHook] c.a.n.c.remote.client.grpc.GrpcClient    : Shutdown grpc executor java.util.concurrent.ThreadPoolExecutor@4b94d0be[Running, pool size = 6, active threads = 0, queued tasks = 0, completed tasks = 28]
11:03:06:839  INFO 16828 --- [SpringApplicationShutdownHook] com.zaxxer.hikari.HikariDataSource       : HikariPool-1 - Shutdown initiated...
11:03:06:868  INFO 16828 --- [SpringApplicationShutdownHook] com.zaxxer.hikari.HikariDataSource       : HikariPool-1 - Shutdown completed.
11:03:25:399  INFO 5096 --- [main] com.hmall.item.ItemApplication           : Starting ItemApplication using Java 11.0.15.1 on Liu with PID 5096 (D:\Code\service\day02\hmall\item-service\target\classes started by 73789 in D:\Code\service\day02\hmall)
11:03:25:400 DEBUG 5096 --- [main] com.hmall.item.ItemApplication           : Running with Spring Boot v2.7.12, Spring v5.3.27
11:03:25:401  INFO 5096 --- [main] com.hmall.item.ItemApplication           : The following 1 profile is active: "dev"
11:03:26:397  INFO 5096 --- [main] o.s.cloud.context.scope.GenericScope     : BeanFactory id=0acfaab7-bf78-36dd-8453-9e0880529795
11:03:26:685  INFO 5096 --- [main] o.s.b.w.embedded.tomcat.TomcatWebServer  : Tomcat initialized with port(s): 8081 (http)
11:03:26:692  INFO 5096 --- [main] o.apache.catalina.core.StandardService   : Starting service [Tomcat]
11:03:26:692  INFO 5096 --- [main] org.apache.catalina.core.StandardEngine  : Starting Servlet engine: [Apache Tomcat/9.0.75]
11:03:26:811  INFO 5096 --- [main] o.a.c.c.C.[Tomcat].[localhost].[/]       : Initializing Spring embedded WebApplicationContext
11:03:26:811  INFO 5096 --- [main] w.s.c.ServletWebServerApplicationContext : Root WebApplicationContext: initialization completed in 1373 ms
11:03:29:089  INFO 5096 --- [main] o.s.cloud.commons.util.InetUtils         : Cannot determine local hostname
11:03:29:120  INFO 5096 --- [main] pertySourcedRequestMappingHandlerMapping : Mapped URL path [/v2/api-docs] onto method [springfox.documentation.swagger2.web.Swagger2ControllerWebMvc#getDocumentation(String, HttpServletRequest)]
11:03:30:318  INFO 5096 --- [main] o.s.cloud.commons.util.InetUtils         : Cannot determine local hostname
11:03:30:530  INFO 5096 --- [main] com.alibaba.nacos.common.remote.client   : [RpcClientFactory] create a new rpc client of 7dfc54e8-b993-4f11-a72c-5e662d4625e6
11:03:30:571  INFO 5096 --- [main] org.reflections.Reflections              : Reflections took 19 ms to scan 1 urls, producing 3 keys and 6 values 
11:03:30:591  INFO 5096 --- [main] org.reflections.Reflections              : Reflections took 7 ms to scan 1 urls, producing 4 keys and 9 values 
11:03:30:598  INFO 5096 --- [main] org.reflections.Reflections              : Reflections took 5 ms to scan 1 urls, producing 3 keys and 10 values 
11:03:30:600  WARN 5096 --- [main] org.reflections.Reflections              : given scan urls are empty. set urls in the configuration
11:03:30:605  INFO 5096 --- [main] org.reflections.Reflections              : Reflections took 4 ms to scan 1 urls, producing 1 keys and 5 values 
11:03:30:611  INFO 5096 --- [main] org.reflections.Reflections              : Reflections took 4 ms to scan 1 urls, producing 1 keys and 7 values 
11:03:30:617  INFO 5096 --- [main] org.reflections.Reflections              : Reflections took 4 ms to scan 1 urls, producing 2 keys and 8 values 
11:03:30:619  WARN 5096 --- [main] org.reflections.Reflections              : given scan urls are empty. set urls in the configuration
11:03:30:620  INFO 5096 --- [main] com.alibaba.nacos.common.remote.client   : [7dfc54e8-b993-4f11-a72c-5e662d4625e6] RpcClient init label, labels = {module=naming, source=sdk}
11:03:30:637  INFO 5096 --- [main] com.alibaba.nacos.common.remote.client   : [7dfc54e8-b993-4f11-a72c-5e662d4625e6] RpcClient init, ServerListFactory = com.alibaba.nacos.client.naming.core.ServerListManager
11:03:30:637  INFO 5096 --- [main] com.alibaba.nacos.common.remote.client   : [7dfc54e8-b993-4f11-a72c-5e662d4625e6] Registry connection listener to current client:com.alibaba.nacos.client.naming.remote.gprc.redo.NamingGrpcRedoService
11:03:30:638  INFO 5096 --- [main] com.alibaba.nacos.common.remote.client   : [7dfc54e8-b993-4f11-a72c-5e662d4625e6] Register server push request handler:com.alibaba.nacos.client.naming.remote.gprc.NamingPushRequestHandler
11:03:30:639  INFO 5096 --- [main] com.alibaba.nacos.common.remote.client   : [7dfc54e8-b993-4f11-a72c-5e662d4625e6] Try to connect to server on start up, server: {serverIp = '192.168.200.146', server main port = 8848}
11:03:31:891  INFO 5096 --- [main] com.alibaba.nacos.common.remote.client   : [7dfc54e8-b993-4f11-a72c-5e662d4625e6] Success to connect to server [192.168.200.146:8848] on start up, connectionId = 1700795010528_192.168.200.1_8347
11:03:31:893  INFO 5096 --- [com.alibaba.nacos.client.remote.worker] com.alibaba.nacos.common.remote.client   : [7dfc54e8-b993-4f11-a72c-5e662d4625e6] Notify connected event to listeners.
11:03:31:895  INFO 5096 --- [main] com.alibaba.nacos.common.remote.client   : [7dfc54e8-b993-4f11-a72c-5e662d4625e6] Register server push request handler:com.alibaba.nacos.common.remote.client.RpcClient$ConnectResetRequestHandler
11:03:31:897  INFO 5096 --- [main] com.alibaba.nacos.common.remote.client   : [7dfc54e8-b993-4f11-a72c-5e662d4625e6] Register server push request handler:com.alibaba.nacos.common.remote.client.RpcClient$$Lambda$939/0x00000008007f8040
11:03:31:967  INFO 5096 --- [main] o.s.b.w.embedded.tomcat.TomcatWebServer  : Tomcat started on port(s): 8081 (http) with context path ''
11:03:31:979  INFO 5096 --- [main] c.a.c.n.registry.NacosServiceRegistry    : nacos registry, DEFAULT_GROUP item-service 192.168.200.1:8081 register finished
11:03:32:518  INFO 5096 --- [nacos-grpc-client-executor-10] com.alibaba.nacos.common.remote.client   : [7dfc54e8-b993-4f11-a72c-5e662d4625e6] Receive server push request, request = NotifySubscriberRequest, requestId = 23
11:03:32:526  INFO 5096 --- [nacos-grpc-client-executor-10] com.alibaba.nacos.common.remote.client   : [7dfc54e8-b993-4f11-a72c-5e662d4625e6] Ack server push request, request = NotifySubscriberRequest, requestId = 23
11:03:33:142  INFO 5096 --- [main] o.s.cloud.commons.util.InetUtils         : Cannot determine local hostname
11:03:33:143  INFO 5096 --- [main] d.s.w.p.DocumentationPluginsBootstrapper : Documentation plugins bootstrapped
11:03:33:146  INFO 5096 --- [main] d.s.w.p.DocumentationPluginsBootstrapper : Found 1 custom documentation plugin(s)
11:03:33:167  INFO 5096 --- [main] s.d.s.w.s.ApiListingReferenceScanner     : Scanning for api listing references
11:03:33:274  INFO 5096 --- [main] com.hmall.item.ItemApplication           : Started ItemApplication in 9.499 seconds (JVM running for 10.336)
11:04:24:479  INFO 5096 --- [http-nio-8081-exec-2] o.a.c.c.C.[Tomcat].[localhost].[/]       : Initializing Spring DispatcherServlet 'dispatcherServlet'
11:04:24:480  INFO 5096 --- [http-nio-8081-exec-2] o.s.web.servlet.DispatcherServlet        : Initializing Servlet 'dispatcherServlet'
11:04:24:481  INFO 5096 --- [http-nio-8081-exec-2] o.s.web.servlet.DispatcherServlet        : Completed initialization in 1 ms
11:04:24:588  INFO 5096 --- [http-nio-8081-exec-2] com.zaxxer.hikari.HikariDataSource       : HikariPool-1 - Starting...
11:04:24:861  INFO 5096 --- [http-nio-8081-exec-2] com.zaxxer.hikari.HikariDataSource       : HikariPool-1 - Start completed.
11:04:24:867 DEBUG 5096 --- [http-nio-8081-exec-2] c.h.i.m.ItemMapper.selectPage_mpCount    : ==>  Preparing: SELECT COUNT(*) FROM item
11:04:24:885 DEBUG 5096 --- [http-nio-8081-exec-2] c.h.i.m.ItemMapper.selectPage_mpCount    : ==> Parameters: 
11:04:24:963 DEBUG 5096 --- [http-nio-8081-exec-2] c.h.i.m.ItemMapper.selectPage_mpCount    : <==      Total: 1
11:04:24:973 DEBUG 5096 --- [http-nio-8081-exec-2] c.h.item.mapper.ItemMapper.selectPage    : ==>  Preparing: SELECT id, name, price, stock, image, category, brand, spec, sold, comment_count, isAD, status, create_time, update_time, creater, updater FROM item ORDER BY update_time DESC LIMIT ?
11:04:24:974 DEBUG 5096 --- [http-nio-8081-exec-2] c.h.item.mapper.ItemMapper.selectPage    : ==> Parameters: 20(Long)
11:04:24:991 DEBUG 5096 --- [http-nio-8081-exec-2] c.h.item.mapper.ItemMapper.selectPage    : <==      Total: 20
11:04:37:325 DEBUG 5096 --- [http-nio-8081-exec-4] c.h.i.m.ItemMapper.selectPage_mpCount    : ==>  Preparing: SELECT COUNT(*) FROM item
11:04:37:325 DEBUG 5096 --- [http-nio-8081-exec-4] c.h.i.m.ItemMapper.selectPage_mpCount    : ==> Parameters: 
11:04:37:337 DEBUG 5096 --- [http-nio-8081-exec-4] c.h.i.m.ItemMapper.selectPage_mpCount    : <==      Total: 1
11:04:37:339 DEBUG 5096 --- [http-nio-8081-exec-4] c.h.item.mapper.ItemMapper.selectPage    : ==>  Preparing: SELECT id, name, price, stock, image, category, brand, spec, sold, comment_count, isAD, status, create_time, update_time, creater, updater FROM item ORDER BY update_time DESC LIMIT ?
11:04:37:339 DEBUG 5096 --- [http-nio-8081-exec-4] c.h.item.mapper.ItemMapper.selectPage    : ==> Parameters: 20(Long)
11:04:37:343 DEBUG 5096 --- [http-nio-8081-exec-4] c.h.item.mapper.ItemMapper.selectPage    : <==      Total: 20
11:09:09:593  INFO 5096 --- [com.alibaba.nacos.client.remote.worker] com.alibaba.nacos.common.remote.client   : [7dfc54e8-b993-4f11-a72c-5e662d4625e6] Server healthy check fail, currentConnection = 1700795010528_192.168.200.1_8347
11:09:09:594  INFO 5096 --- [com.alibaba.nacos.client.remote.worker] com.alibaba.nacos.common.remote.client   : [7dfc54e8-b993-4f11-a72c-5e662d4625e6] Try to reconnect to a new server, server is  not appointed, will choose a random server.
11:09:12:615 ERROR 5096 --- [com.alibaba.nacos.client.remote.worker] c.a.n.c.remote.client.grpc.GrpcClient    : Server check fail, please check server 192.168.200.146 ,port 9848 is available , error ={}

java.util.concurrent.TimeoutException: Waited 3000 milliseconds (plus 15 milliseconds, 518000 nanoseconds delay) for com.alibaba.nacos.shaded.io.grpc.stub.ClientCalls$GrpcFuture@4f059fb4[status=PENDING, info=[GrpcFuture{clientCall={delegate={delegate=ClientCallImpl{method=MethodDescriptor{fullMethodName=Request/request, type=UNARY, idempotent=false, safe=false, sampledToLocalTracing=true, requestMarshaller=com.alibaba.nacos.shaded.io.grpc.protobuf.lite.ProtoLiteUtils$MessageMarshaller@7b9b92a1, responseMarshaller=com.alibaba.nacos.shaded.io.grpc.protobuf.lite.ProtoLiteUtils$MessageMarshaller@707573a3, schemaDescriptor=com.alibaba.nacos.api.grpc.auto.RequestGrpc$RequestMethodDescriptorSupplier@6778c342}}}}}]]
	at com.alibaba.nacos.shaded.com.google.common.util.concurrent.AbstractFuture.get(AbstractFuture.java:508) ~[nacos-client-2.0.4.jar:na]
	at com.alibaba.nacos.common.remote.client.grpc.GrpcClient.serverCheck(GrpcClient.java:148) ~[nacos-client-2.0.4.jar:na]
	at com.alibaba.nacos.common.remote.client.grpc.GrpcClient.connectToServer(GrpcClient.java:264) ~[nacos-client-2.0.4.jar:na]
	at com.alibaba.nacos.common.remote.client.RpcClient.reconnect(RpcClient.java:522) ~[nacos-client-2.0.4.jar:na]
	at com.alibaba.nacos.common.remote.client.RpcClient.lambda$start$2(RpcClient.java:370) ~[nacos-client-2.0.4.jar:na]
	at java.base/java.util.concurrent.Executors$RunnableAdapter.call(Executors.java:515) ~[na:na]
	at java.base/java.util.concurrent.FutureTask.run$$$capture(FutureTask.java:264) ~[na:na]
	at java.base/java.util.concurrent.FutureTask.run(FutureTask.java) ~[na:na]
	at java.base/java.util.concurrent.ScheduledThreadPoolExecutor$ScheduledFutureTask.run(ScheduledThreadPoolExecutor.java:304) ~[na:na]
	at java.base/java.util.concurrent.ThreadPoolExecutor.runWorker(ThreadPoolExecutor.java:1128) ~[na:na]
	at java.base/java.util.concurrent.ThreadPoolExecutor$Worker.run(ThreadPoolExecutor.java:628) ~[na:na]
	at java.base/java.lang.Thread.run(Thread.java:834) ~[na:na]

11:09:13:492  INFO 5096 --- [com.alibaba.nacos.client.remote.worker] com.alibaba.nacos.common.remote.client   : [7dfc54e8-b993-4f11-a72c-5e662d4625e6] Success to connect a server [192.168.200.146:8848], connectionId = 1700795351993_192.168.200.1_8817
11:09:13:492  INFO 5096 --- [com.alibaba.nacos.client.remote.worker] com.alibaba.nacos.common.remote.client   : [7dfc54e8-b993-4f11-a72c-5e662d4625e6] Abandon prev connection, server is 192.168.200.146:8848, connectionId is 1700795010528_192.168.200.1_8347
11:09:13:492  INFO 5096 --- [com.alibaba.nacos.client.remote.worker] com.alibaba.nacos.common.remote.client   : Close current connection 1700795010528_192.168.200.1_8347
11:09:13:493  INFO 5096 --- [com.alibaba.nacos.client.remote.worker] com.alibaba.nacos.common.remote.client   : [7dfc54e8-b993-4f11-a72c-5e662d4625e6] Notify disconnected event to listeners
11:09:13:496  INFO 5096 --- [com.alibaba.nacos.client.remote.worker] com.alibaba.nacos.common.remote.client   : [7dfc54e8-b993-4f11-a72c-5e662d4625e6] Notify connected event to listeners.
11:09:13:496  WARN 5096 --- [nacos-grpc-client-executor-86] c.a.n.c.remote.client.grpc.GrpcClient    : [1700795010528_192.168.200.1_8347]Ignore error event,isRunning:true,isAbandon=true
11:09:14:107  INFO 5096 --- [nacos-grpc-client-executor-90] com.alibaba.nacos.common.remote.client   : [7dfc54e8-b993-4f11-a72c-5e662d4625e6] Receive server push request, request = NotifySubscriberRequest, requestId = 24
11:09:14:107  INFO 5096 --- [nacos-grpc-client-executor-90] com.alibaba.nacos.common.remote.client   : [7dfc54e8-b993-4f11-a72c-5e662d4625e6] Ack server push request, request = NotifySubscriberRequest, requestId = 24
11:24:01:292 DEBUG 5096 --- [http-nio-8081-exec-6] c.h.i.m.ItemMapper.selectPage_mpCount    : ==>  Preparing: SELECT COUNT(*) FROM item
11:24:01:292 DEBUG 5096 --- [http-nio-8081-exec-6] c.h.i.m.ItemMapper.selectPage_mpCount    : ==> Parameters: 
11:24:01:356 DEBUG 5096 --- [http-nio-8081-exec-6] c.h.i.m.ItemMapper.selectPage_mpCount    : <==      Total: 1
11:24:01:358 DEBUG 5096 --- [http-nio-8081-exec-6] c.h.item.mapper.ItemMapper.selectPage    : ==>  Preparing: SELECT id, name, price, stock, image, category, brand, spec, sold, comment_count, isAD, status, create_time, update_time, creater, updater FROM item ORDER BY update_time DESC LIMIT ?
11:24:01:358 DEBUG 5096 --- [http-nio-8081-exec-6] c.h.item.mapper.ItemMapper.selectPage    : ==> Parameters: 20(Long)
11:24:01:362 DEBUG 5096 --- [http-nio-8081-exec-6] c.h.item.mapper.ItemMapper.selectPage    : <==      Total: 20
11:24:08:703 DEBUG 5096 --- [http-nio-8081-exec-3] c.h.i.m.ItemMapper.selectPage_mpCount    : ==>  Preparing: SELECT COUNT(*) FROM item
11:24:08:703 DEBUG 5096 --- [http-nio-8081-exec-3] c.h.i.m.ItemMapper.selectPage_mpCount    : ==> Parameters: 
11:24:08:722 DEBUG 5096 --- [http-nio-8081-exec-3] c.h.i.m.ItemMapper.selectPage_mpCount    : <==      Total: 1
11:24:08:724 DEBUG 5096 --- [http-nio-8081-exec-3] c.h.item.mapper.ItemMapper.selectPage    : ==>  Preparing: SELECT id, name, price, stock, image, category, brand, spec, sold, comment_count, isAD, status, create_time, update_time, creater, updater FROM item ORDER BY update_time DESC LIMIT ?
11:24:08:724 DEBUG 5096 --- [http-nio-8081-exec-3] c.h.item.mapper.ItemMapper.selectPage    : ==> Parameters: 20(Long)
11:24:08:740 DEBUG 5096 --- [http-nio-8081-exec-3] c.h.item.mapper.ItemMapper.selectPage    : <==      Total: 20
11:24:08:997 DEBUG 5096 --- [http-nio-8081-exec-7] c.h.i.m.ItemMapper.selectPage_mpCount    : ==>  Preparing: SELECT COUNT(*) FROM item
11:24:08:998 DEBUG 5096 --- [http-nio-8081-exec-7] c.h.i.m.ItemMapper.selectPage_mpCount    : ==> Parameters: 
11:24:09:012 DEBUG 5096 --- [http-nio-8081-exec-7] c.h.i.m.ItemMapper.selectPage_mpCount    : <==      Total: 1
11:24:09:014 DEBUG 5096 --- [http-nio-8081-exec-7] c.h.item.mapper.ItemMapper.selectPage    : ==>  Preparing: SELECT id, name, price, stock, image, category, brand, spec, sold, comment_count, isAD, status, create_time, update_time, creater, updater FROM item ORDER BY update_time DESC LIMIT ?
11:24:09:014 DEBUG 5096 --- [http-nio-8081-exec-7] c.h.item.mapper.ItemMapper.selectPage    : ==> Parameters: 20(Long)
11:24:09:017 DEBUG 5096 --- [http-nio-8081-exec-7] c.h.item.mapper.ItemMapper.selectPage    : <==      Total: 20
11:24:09:191 DEBUG 5096 --- [http-nio-8081-exec-10] c.h.i.m.ItemMapper.selectPage_mpCount    : ==>  Preparing: SELECT COUNT(*) FROM item
11:24:09:191 DEBUG 5096 --- [http-nio-8081-exec-10] c.h.i.m.ItemMapper.selectPage_mpCount    : ==> Parameters: 
11:24:09:208 DEBUG 5096 --- [http-nio-8081-exec-10] c.h.i.m.ItemMapper.selectPage_mpCount    : <==      Total: 1
11:24:09:210 DEBUG 5096 --- [http-nio-8081-exec-10] c.h.item.mapper.ItemMapper.selectPage    : ==>  Preparing: SELECT id, name, price, stock, image, category, brand, spec, sold, comment_count, isAD, status, create_time, update_time, creater, updater FROM item ORDER BY update_time DESC LIMIT ?
11:24:09:210 DEBUG 5096 --- [http-nio-8081-exec-10] c.h.item.mapper.ItemMapper.selectPage    : ==> Parameters: 20(Long)
11:24:09:213 DEBUG 5096 --- [http-nio-8081-exec-10] c.h.item.mapper.ItemMapper.selectPage    : <==      Total: 20
11:24:09:476 DEBUG 5096 --- [http-nio-8081-exec-9] c.h.i.m.ItemMapper.selectPage_mpCount    : ==>  Preparing: SELECT COUNT(*) FROM item
11:24:09:476 DEBUG 5096 --- [http-nio-8081-exec-9] c.h.i.m.ItemMapper.selectPage_mpCount    : ==> Parameters: 
11:24:09:490 DEBUG 5096 --- [http-nio-8081-exec-9] c.h.i.m.ItemMapper.selectPage_mpCount    : <==      Total: 1
11:24:09:491 DEBUG 5096 --- [http-nio-8081-exec-9] c.h.item.mapper.ItemMapper.selectPage    : ==>  Preparing: SELECT id, name, price, stock, image, category, brand, spec, sold, comment_count, isAD, status, create_time, update_time, creater, updater FROM item ORDER BY update_time DESC LIMIT ?
11:24:09:492 DEBUG 5096 --- [http-nio-8081-exec-9] c.h.item.mapper.ItemMapper.selectPage    : ==> Parameters: 20(Long)
11:24:09:494 DEBUG 5096 --- [http-nio-8081-exec-9] c.h.item.mapper.ItemMapper.selectPage    : <==      Total: 20
11:24:09:824 DEBUG 5096 --- [http-nio-8081-exec-8] c.h.i.m.ItemMapper.selectPage_mpCount    : ==>  Preparing: SELECT COUNT(*) FROM item
11:24:09:824 DEBUG 5096 --- [http-nio-8081-exec-8] c.h.i.m.ItemMapper.selectPage_mpCount    : ==> Parameters: 
11:24:09:840 DEBUG 5096 --- [http-nio-8081-exec-8] c.h.i.m.ItemMapper.selectPage_mpCount    : <==      Total: 1
11:24:09:842 DEBUG 5096 --- [http-nio-8081-exec-8] c.h.item.mapper.ItemMapper.selectPage    : ==>  Preparing: SELECT id, name, price, stock, image, category, brand, spec, sold, comment_count, isAD, status, create_time, update_time, creater, updater FROM item ORDER BY update_time DESC LIMIT ?
11:24:09:843 DEBUG 5096 --- [http-nio-8081-exec-8] c.h.item.mapper.ItemMapper.selectPage    : ==> Parameters: 20(Long)
11:24:09:847 DEBUG 5096 --- [http-nio-8081-exec-8] c.h.item.mapper.ItemMapper.selectPage    : <==      Total: 20
11:24:10:023 DEBUG 5096 --- [http-nio-8081-exec-2] c.h.i.m.ItemMapper.selectPage_mpCount    : ==>  Preparing: SELECT COUNT(*) FROM item
11:24:10:024 DEBUG 5096 --- [http-nio-8081-exec-2] c.h.i.m.ItemMapper.selectPage_mpCount    : ==> Parameters: 
11:24:10:045 DEBUG 5096 --- [http-nio-8081-exec-2] c.h.i.m.ItemMapper.selectPage_mpCount    : <==      Total: 1
11:24:10:048 DEBUG 5096 --- [http-nio-8081-exec-2] c.h.item.mapper.ItemMapper.selectPage    : ==>  Preparing: SELECT id, name, price, stock, image, category, brand, spec, sold, comment_count, isAD, status, create_time, update_time, creater, updater FROM item ORDER BY update_time DESC LIMIT ?
11:24:10:048 DEBUG 5096 --- [http-nio-8081-exec-2] c.h.item.mapper.ItemMapper.selectPage    : ==> Parameters: 20(Long)
11:24:10:050 DEBUG 5096 --- [http-nio-8081-exec-2] c.h.item.mapper.ItemMapper.selectPage    : <==      Total: 20
12:00:47:166 DEBUG 5096 --- [http-nio-8081-exec-1] c.h.i.m.ItemMapper.selectPage_mpCount    : ==>  Preparing: SELECT COUNT(*) FROM item
12:00:47:166 DEBUG 5096 --- [http-nio-8081-exec-1] c.h.i.m.ItemMapper.selectPage_mpCount    : ==> Parameters: 
12:00:47:318 DEBUG 5096 --- [http-nio-8081-exec-1] c.h.i.m.ItemMapper.selectPage_mpCount    : <==      Total: 1
12:00:47:320 DEBUG 5096 --- [http-nio-8081-exec-1] c.h.item.mapper.ItemMapper.selectPage    : ==>  Preparing: SELECT id, name, price, stock, image, category, brand, spec, sold, comment_count, isAD, status, create_time, update_time, creater, updater FROM item ORDER BY update_time DESC LIMIT ?
12:00:47:320 DEBUG 5096 --- [http-nio-8081-exec-1] c.h.item.mapper.ItemMapper.selectPage    : ==> Parameters: 20(Long)
12:00:47:329 DEBUG 5096 --- [http-nio-8081-exec-1] c.h.item.mapper.ItemMapper.selectPage    : <==      Total: 20
12:04:24:593 DEBUG 5096 --- [http-nio-8081-exec-6] c.h.i.m.ItemMapper.selectPage_mpCount    : ==>  Preparing: SELECT COUNT(*) FROM item
12:04:24:593 DEBUG 5096 --- [http-nio-8081-exec-6] c.h.i.m.ItemMapper.selectPage_mpCount    : ==> Parameters: 
12:04:24:642 DEBUG 5096 --- [http-nio-8081-exec-6] c.h.i.m.ItemMapper.selectPage_mpCount    : <==      Total: 1
12:04:24:644 DEBUG 5096 --- [http-nio-8081-exec-6] c.h.item.mapper.ItemMapper.selectPage    : ==>  Preparing: SELECT id, name, price, stock, image, category, brand, spec, sold, comment_count, isAD, status, create_time, update_time, creater, updater FROM item ORDER BY update_time DESC LIMIT ?
12:04:24:644 DEBUG 5096 --- [http-nio-8081-exec-6] c.h.item.mapper.ItemMapper.selectPage    : ==> Parameters: 20(Long)
12:04:24:648 DEBUG 5096 --- [http-nio-8081-exec-6] c.h.item.mapper.ItemMapper.selectPage    : <==      Total: 20
12:06:14:419 DEBUG 5096 --- [http-nio-8081-exec-7] c.h.i.m.ItemMapper.selectPage_mpCount    : ==>  Preparing: SELECT COUNT(*) FROM item
12:06:14:419 DEBUG 5096 --- [http-nio-8081-exec-7] c.h.i.m.ItemMapper.selectPage_mpCount    : ==> Parameters: 
12:06:14:435 DEBUG 5096 --- [http-nio-8081-exec-7] c.h.i.m.ItemMapper.selectPage_mpCount    : <==      Total: 1
12:06:14:436 DEBUG 5096 --- [http-nio-8081-exec-7] c.h.item.mapper.ItemMapper.selectPage    : ==>  Preparing: SELECT id, name, price, stock, image, category, brand, spec, sold, comment_count, isAD, status, create_time, update_time, creater, updater FROM item ORDER BY update_time DESC LIMIT ?
12:06:14:436 DEBUG 5096 --- [http-nio-8081-exec-7] c.h.item.mapper.ItemMapper.selectPage    : ==> Parameters: 20(Long)
12:06:14:440 DEBUG 5096 --- [http-nio-8081-exec-7] c.h.item.mapper.ItemMapper.selectPage    : <==      Total: 20
14:07:54:745  WARN 5096 --- [HikariPool-1 housekeeper] com.zaxxer.hikari.pool.HikariPool        : HikariPool-1 - Thread starvation or clock leap detected (housekeeper delta=37m27s436ms853µs700ns).
15:27:33:876 DEBUG 5096 --- [http-nio-8081-exec-9] c.h.i.m.ItemMapper.selectPage_mpCount    : ==>  Preparing: SELECT COUNT(*) FROM item
15:27:33:880 DEBUG 5096 --- [http-nio-8081-exec-9] c.h.i.m.ItemMapper.selectPage_mpCount    : ==> Parameters: 
15:27:35:671 DEBUG 5096 --- [http-nio-8081-exec-9] c.h.i.m.ItemMapper.selectPage_mpCount    : <==      Total: 1
15:27:35:673 DEBUG 5096 --- [http-nio-8081-exec-9] c.h.item.mapper.ItemMapper.selectPage    : ==>  Preparing: SELECT id, name, price, stock, image, category, brand, spec, sold, comment_count, isAD, status, create_time, update_time, creater, updater FROM item ORDER BY update_time DESC LIMIT ?
15:27:35:674 DEBUG 5096 --- [http-nio-8081-exec-9] c.h.item.mapper.ItemMapper.selectPage    : ==> Parameters: 20(Long)
15:27:35:750 DEBUG 5096 --- [http-nio-8081-exec-9] c.h.item.mapper.ItemMapper.selectPage    : <==      Total: 20
15:27:38:050 DEBUG 5096 --- [http-nio-8081-exec-8] c.h.i.m.ItemMapper.selectPage_mpCount    : ==>  Preparing: SELECT COUNT(*) FROM item
15:27:38:050 DEBUG 5096 --- [http-nio-8081-exec-8] c.h.i.m.ItemMapper.selectPage_mpCount    : ==> Parameters: 
15:27:38:095 DEBUG 5096 --- [http-nio-8081-exec-8] c.h.i.m.ItemMapper.selectPage_mpCount    : <==      Total: 1
15:27:38:096 DEBUG 5096 --- [http-nio-8081-exec-8] c.h.item.mapper.ItemMapper.selectPage    : ==>  Preparing: SELECT id, name, price, stock, image, category, brand, spec, sold, comment_count, isAD, status, create_time, update_time, creater, updater FROM item ORDER BY update_time DESC LIMIT ?
15:27:38:096 DEBUG 5096 --- [http-nio-8081-exec-8] c.h.item.mapper.ItemMapper.selectPage    : ==> Parameters: 20(Long)
15:27:38:099 DEBUG 5096 --- [http-nio-8081-exec-8] c.h.item.mapper.ItemMapper.selectPage    : <==      Total: 20
15:30:50:081 DEBUG 5096 --- [http-nio-8081-exec-4] c.h.i.mapper.ItemMapper.selectBatchIds   : ==>  Preparing: SELECT id,name,price,stock,image,category,brand,spec,sold,comment_count,isAD,status,create_time,update_time,creater,updater FROM item WHERE id IN ( ? )
15:30:50:081 DEBUG 5096 --- [http-nio-8081-exec-4] c.h.i.mapper.ItemMapper.selectBatchIds   : ==> Parameters: 100000006163(Long)
15:30:50:091 DEBUG 5096 --- [http-nio-8081-exec-4] c.h.i.mapper.ItemMapper.selectBatchIds   : <==      Total: 1
15:30:50:921 DEBUG 5096 --- [http-nio-8081-exec-1] c.h.i.mapper.ItemMapper.selectBatchIds   : ==>  Preparing: SELECT id,name,price,stock,image,category,brand,spec,sold,comment_count,isAD,status,create_time,update_time,creater,updater FROM item WHERE id IN ( ? )
15:30:50:922 DEBUG 5096 --- [http-nio-8081-exec-1] c.h.i.mapper.ItemMapper.selectBatchIds   : ==> Parameters: 100000006163(Long)
15:30:50:927 DEBUG 5096 --- [http-nio-8081-exec-1] c.h.i.mapper.ItemMapper.selectBatchIds   : <==      Total: 1
15:31:08:194 DEBUG 5096 --- [http-nio-8081-exec-5] c.h.i.mapper.ItemMapper.selectBatchIds   : ==>  Preparing: SELECT id,name,price,stock,image,category,brand,spec,sold,comment_count,isAD,status,create_time,update_time,creater,updater FROM item WHERE id IN ( ? )
15:31:08:194 DEBUG 5096 --- [http-nio-8081-exec-5] c.h.i.mapper.ItemMapper.selectBatchIds   : ==> Parameters: 100000006163(Long)
15:31:08:209 DEBUG 5096 --- [http-nio-8081-exec-5] c.h.i.mapper.ItemMapper.selectBatchIds   : <==      Total: 1
15:31:16:334 DEBUG 5096 --- [http-nio-8081-exec-6] c.h.i.m.ItemMapper.selectPage_mpCount    : ==>  Preparing: SELECT COUNT(*) FROM item WHERE (status = ?)
15:31:16:336 DEBUG 5096 --- [http-nio-8081-exec-6] c.h.i.m.ItemMapper.selectPage_mpCount    : ==> Parameters: 1(Integer)
15:31:16:534 DEBUG 5096 --- [http-nio-8081-exec-6] c.h.i.m.ItemMapper.selectPage_mpCount    : <==      Total: 1
15:31:16:535 DEBUG 5096 --- [http-nio-8081-exec-6] c.h.item.mapper.ItemMapper.selectPage    : ==>  Preparing: SELECT id, name, price, stock, image, category, brand, spec, sold, comment_count, isAD, status, create_time, update_time, creater, updater FROM item WHERE (status = ?) ORDER BY update_time DESC LIMIT ?
15:31:16:536 DEBUG 5096 --- [http-nio-8081-exec-6] c.h.item.mapper.ItemMapper.selectPage    : ==> Parameters: 1(Integer), 20(Long)
15:31:16:546 DEBUG 5096 --- [http-nio-8081-exec-6] c.h.item.mapper.ItemMapper.selectPage    : <==      Total: 20
15:31:27:082 DEBUG 5096 --- [http-nio-8081-exec-3] c.h.i.m.ItemMapper.selectPage_mpCount    : ==>  Preparing: SELECT COUNT(*) FROM item WHERE (category = ? AND status = ?)
15:31:27:084 DEBUG 5096 --- [http-nio-8081-exec-3] c.h.i.m.ItemMapper.selectPage_mpCount    : ==> Parameters: 硬盘(String), 1(Integer)
15:31:27:214 DEBUG 5096 --- [http-nio-8081-exec-3] c.h.i.m.ItemMapper.selectPage_mpCount    : <==      Total: 1
15:31:27:215 DEBUG 5096 --- [http-nio-8081-exec-3] c.h.item.mapper.ItemMapper.selectPage    : ==>  Preparing: SELECT id, name, price, stock, image, category, brand, spec, sold, comment_count, isAD, status, create_time, update_time, creater, updater FROM item WHERE (category = ? AND status = ?) ORDER BY update_time DESC LIMIT ?
15:31:27:216 DEBUG 5096 --- [http-nio-8081-exec-3] c.h.item.mapper.ItemMapper.selectPage    : ==> Parameters: 硬盘(String), 1(Integer), 20(Long)
15:31:27:294 DEBUG 5096 --- [http-nio-8081-exec-3] c.h.item.mapper.ItemMapper.selectPage    : <==      Total: 20
15:31:30:205 DEBUG 5096 --- [http-nio-8081-exec-7] c.h.i.m.ItemMapper.selectPage_mpCount    : ==>  Preparing: SELECT COUNT(*) FROM item WHERE (brand = ? AND category = ? AND status = ?)
15:31:30:206 DEBUG 5096 --- [http-nio-8081-exec-7] c.h.i.m.ItemMapper.selectPage_mpCount    : ==> Parameters: Apple(String), 硬盘(String), 1(Integer)
15:31:30:260 DEBUG 5096 --- [http-nio-8081-exec-7] c.h.i.m.ItemMapper.selectPage_mpCount    : <==      Total: 1
15:31:32:206 DEBUG 5096 --- [http-nio-8081-exec-10] c.h.i.m.ItemMapper.selectPage_mpCount    : ==>  Preparing: SELECT COUNT(*) FROM item WHERE (brand = ? AND status = ?)
15:31:32:207 DEBUG 5096 --- [http-nio-8081-exec-10] c.h.i.m.ItemMapper.selectPage_mpCount    : ==> Parameters: Apple(String), 1(Integer)
15:31:32:407 DEBUG 5096 --- [http-nio-8081-exec-10] c.h.i.m.ItemMapper.selectPage_mpCount    : <==      Total: 1
15:31:32:409 DEBUG 5096 --- [http-nio-8081-exec-10] c.h.item.mapper.ItemMapper.selectPage    : ==>  Preparing: SELECT id, name, price, stock, image, category, brand, spec, sold, comment_count, isAD, status, create_time, update_time, creater, updater FROM item WHERE (brand = ? AND status = ?) ORDER BY update_time DESC LIMIT ?
15:31:32:409 DEBUG 5096 --- [http-nio-8081-exec-10] c.h.item.mapper.ItemMapper.selectPage    : ==> Parameters: Apple(String), 1(Integer), 20(Long)
15:31:32:430 DEBUG 5096 --- [http-nio-8081-exec-10] c.h.item.mapper.ItemMapper.selectPage    : <==      Total: 20
15:31:36:193 DEBUG 5096 --- [http-nio-8081-exec-9] c.h.i.m.ItemMapper.selectPage_mpCount    : ==>  Preparing: SELECT COUNT(*) FROM item WHERE (status = ?)
15:31:36:193 DEBUG 5096 --- [http-nio-8081-exec-9] c.h.i.m.ItemMapper.selectPage_mpCount    : ==> Parameters: 1(Integer)
15:31:36:225 DEBUG 5096 --- [http-nio-8081-exec-9] c.h.i.m.ItemMapper.selectPage_mpCount    : <==      Total: 1
15:31:36:226 DEBUG 5096 --- [http-nio-8081-exec-9] c.h.item.mapper.ItemMapper.selectPage    : ==>  Preparing: SELECT id, name, price, stock, image, category, brand, spec, sold, comment_count, isAD, status, create_time, update_time, creater, updater FROM item WHERE (status = ?) ORDER BY update_time DESC LIMIT ?
15:31:36:226 DEBUG 5096 --- [http-nio-8081-exec-9] c.h.item.mapper.ItemMapper.selectPage    : ==> Parameters: 1(Integer), 20(Long)
15:31:36:230 DEBUG 5096 --- [http-nio-8081-exec-9] c.h.item.mapper.ItemMapper.selectPage    : <==      Total: 20
15:31:38:416 DEBUG 5096 --- [http-nio-8081-exec-8] c.h.i.m.ItemMapper.selectPage_mpCount    : ==>  Preparing: SELECT COUNT(*) FROM item WHERE (category = ? AND status = ?)
15:31:38:417 DEBUG 5096 --- [http-nio-8081-exec-8] c.h.i.m.ItemMapper.selectPage_mpCount    : ==> Parameters: 拉杆箱(String), 1(Integer)
15:31:38:497 DEBUG 5096 --- [http-nio-8081-exec-8] c.h.i.m.ItemMapper.selectPage_mpCount    : <==      Total: 1
15:31:38:499 DEBUG 5096 --- [http-nio-8081-exec-8] c.h.item.mapper.ItemMapper.selectPage    : ==>  Preparing: SELECT id, name, price, stock, image, category, brand, spec, sold, comment_count, isAD, status, create_time, update_time, creater, updater FROM item WHERE (category = ? AND status = ?) ORDER BY update_time DESC LIMIT ?
15:31:38:500 DEBUG 5096 --- [http-nio-8081-exec-8] c.h.item.mapper.ItemMapper.selectPage    : ==> Parameters: 拉杆箱(String), 1(Integer), 20(Long)
15:31:38:503 DEBUG 5096 --- [http-nio-8081-exec-8] c.h.item.mapper.ItemMapper.selectPage    : <==      Total: 20
15:31:43:375 DEBUG 5096 --- [http-nio-8081-exec-2] c.h.i.m.ItemMapper.selectPage_mpCount    : ==>  Preparing: SELECT COUNT(*) FROM item WHERE (status = ?)
15:31:43:376 DEBUG 5096 --- [http-nio-8081-exec-2] c.h.i.m.ItemMapper.selectPage_mpCount    : ==> Parameters: 1(Integer)
15:31:43:392 DEBUG 5096 --- [http-nio-8081-exec-2] c.h.i.m.ItemMapper.selectPage_mpCount    : <==      Total: 1
15:31:43:393 DEBUG 5096 --- [http-nio-8081-exec-2] c.h.item.mapper.ItemMapper.selectPage    : ==>  Preparing: SELECT id, name, price, stock, image, category, brand, spec, sold, comment_count, isAD, status, create_time, update_time, creater, updater FROM item WHERE (status = ?) ORDER BY update_time DESC LIMIT ?
15:31:43:393 DEBUG 5096 --- [http-nio-8081-exec-2] c.h.item.mapper.ItemMapper.selectPage    : ==> Parameters: 1(Integer), 20(Long)
15:31:43:396 DEBUG 5096 --- [http-nio-8081-exec-2] c.h.item.mapper.ItemMapper.selectPage    : <==      Total: 20
15:31:44:516 DEBUG 5096 --- [http-nio-8081-exec-4] c.h.i.m.ItemMapper.selectPage_mpCount    : ==>  Preparing: SELECT COUNT(*) FROM item WHERE (category = ? AND status = ?)
15:31:44:516 DEBUG 5096 --- [http-nio-8081-exec-4] c.h.i.m.ItemMapper.selectPage_mpCount    : ==> Parameters: 手机(String), 1(Integer)
15:31:44:567 DEBUG 5096 --- [http-nio-8081-exec-4] c.h.i.m.ItemMapper.selectPage_mpCount    : <==      Total: 1
15:31:44:570 DEBUG 5096 --- [http-nio-8081-exec-4] c.h.item.mapper.ItemMapper.selectPage    : ==>  Preparing: SELECT id, name, price, stock, image, category, brand, spec, sold, comment_count, isAD, status, create_time, update_time, creater, updater FROM item WHERE (category = ? AND status = ?) ORDER BY update_time DESC LIMIT ?
15:31:44:571 DEBUG 5096 --- [http-nio-8081-exec-4] c.h.item.mapper.ItemMapper.selectPage    : ==> Parameters: 手机(String), 1(Integer), 20(Long)
15:31:44:639 DEBUG 5096 --- [http-nio-8081-exec-4] c.h.item.mapper.ItemMapper.selectPage    : <==      Total: 20
15:31:54:402 DEBUG 5096 --- [http-nio-8081-exec-1] c.h.i.m.ItemMapper.selectPage_mpCount    : ==>  Preparing: SELECT COUNT(*) FROM item WHERE (status = ?)
15:31:54:404 DEBUG 5096 --- [http-nio-8081-exec-1] c.h.i.m.ItemMapper.selectPage_mpCount    : ==> Parameters: 1(Integer)
15:31:54:433 DEBUG 5096 --- [http-nio-8081-exec-1] c.h.i.m.ItemMapper.selectPage_mpCount    : <==      Total: 1
15:31:54:434 DEBUG 5096 --- [http-nio-8081-exec-1] c.h.item.mapper.ItemMapper.selectPage    : ==>  Preparing: SELECT id, name, price, stock, image, category, brand, spec, sold, comment_count, isAD, status, create_time, update_time, creater, updater FROM item WHERE (status = ?) ORDER BY update_time DESC LIMIT ?
15:31:54:435 DEBUG 5096 --- [http-nio-8081-exec-1] c.h.item.mapper.ItemMapper.selectPage    : ==> Parameters: 1(Integer), 20(Long)
15:31:54:438 DEBUG 5096 --- [http-nio-8081-exec-1] c.h.item.mapper.ItemMapper.selectPage    : <==      Total: 20
15:31:58:745 DEBUG 5096 --- [http-nio-8081-exec-5] c.h.i.m.ItemMapper.selectPage_mpCount    : ==>  Preparing: SELECT COUNT(*) FROM item WHERE (brand = ? AND status = ?)
15:31:58:745 DEBUG 5096 --- [http-nio-8081-exec-5] c.h.i.m.ItemMapper.selectPage_mpCount    : ==> Parameters: Apple(String), 1(Integer)
15:31:58:883 DEBUG 5096 --- [http-nio-8081-exec-5] c.h.i.m.ItemMapper.selectPage_mpCount    : <==      Total: 1
15:31:58:885 DEBUG 5096 --- [http-nio-8081-exec-5] c.h.item.mapper.ItemMapper.selectPage    : ==>  Preparing: SELECT id, name, price, stock, image, category, brand, spec, sold, comment_count, isAD, status, create_time, update_time, creater, updater FROM item WHERE (brand = ? AND status = ?) ORDER BY update_time DESC LIMIT ?
15:31:58:885 DEBUG 5096 --- [http-nio-8081-exec-5] c.h.item.mapper.ItemMapper.selectPage    : ==> Parameters: Apple(String), 1(Integer), 20(Long)
15:31:58:898 DEBUG 5096 --- [http-nio-8081-exec-5] c.h.item.mapper.ItemMapper.selectPage    : <==      Total: 20
15:32:03:729 DEBUG 5096 --- [http-nio-8081-exec-6] c.h.i.m.ItemMapper.selectPage_mpCount    : ==>  Preparing: SELECT COUNT(*) FROM item WHERE (brand = ? AND status = ?)
15:32:03:729 DEBUG 5096 --- [http-nio-8081-exec-6] c.h.i.m.ItemMapper.selectPage_mpCount    : ==> Parameters: Apple(String), 1(Integer)
15:32:03:857 DEBUG 5096 --- [http-nio-8081-exec-6] c.h.i.m.ItemMapper.selectPage_mpCount    : <==      Total: 1
15:32:03:858 DEBUG 5096 --- [http-nio-8081-exec-6] c.h.item.mapper.ItemMapper.selectPage    : ==>  Preparing: SELECT id, name, price, stock, image, category, brand, spec, sold, comment_count, isAD, status, create_time, update_time, creater, updater FROM item WHERE (brand = ? AND status = ?) ORDER BY price DESC LIMIT ?
15:32:03:859 DEBUG 5096 --- [http-nio-8081-exec-6] c.h.item.mapper.ItemMapper.selectPage    : ==> Parameters: Apple(String), 1(Integer), 20(Long)
15:32:04:057 DEBUG 5096 --- [http-nio-8081-exec-6] c.h.item.mapper.ItemMapper.selectPage    : <==      Total: 20
15:32:16:736 DEBUG 5096 --- [http-nio-8081-exec-7] c.h.i.m.ItemMapper.selectPage_mpCount    : ==>  Preparing: SELECT COUNT(*) FROM item WHERE (brand = ? AND category = ? AND status = ?)
15:32:16:737 DEBUG 5096 --- [http-nio-8081-exec-7] c.h.i.m.ItemMapper.selectPage_mpCount    : ==> Parameters: Apple(String), 曲面电视(String), 1(Integer)
15:32:16:777 DEBUG 5096 --- [http-nio-8081-exec-7] c.h.i.m.ItemMapper.selectPage_mpCount    : <==      Total: 1
15:32:18:655 DEBUG 5096 --- [http-nio-8081-exec-10] c.h.i.m.ItemMapper.selectPage_mpCount    : ==>  Preparing: SELECT COUNT(*) FROM item WHERE (category = ? AND status = ?)
15:32:18:655 DEBUG 5096 --- [http-nio-8081-exec-10] c.h.i.m.ItemMapper.selectPage_mpCount    : ==> Parameters: 曲面电视(String), 1(Integer)
15:32:18:696 DEBUG 5096 --- [http-nio-8081-exec-10] c.h.i.m.ItemMapper.selectPage_mpCount    : <==      Total: 1
15:32:18:697 DEBUG 5096 --- [http-nio-8081-exec-10] c.h.item.mapper.ItemMapper.selectPage    : ==>  Preparing: SELECT id, name, price, stock, image, category, brand, spec, sold, comment_count, isAD, status, create_time, update_time, creater, updater FROM item WHERE (category = ? AND status = ?) ORDER BY price DESC LIMIT ?
15:32:18:697 DEBUG 5096 --- [http-nio-8081-exec-10] c.h.item.mapper.ItemMapper.selectPage    : ==> Parameters: 曲面电视(String), 1(Integer), 20(Long)
15:32:18:743 DEBUG 5096 --- [http-nio-8081-exec-10] c.h.item.mapper.ItemMapper.selectPage    : <==      Total: 20
16:16:26:885 DEBUG 5096 --- [http-nio-8081-exec-8] c.h.i.m.ItemMapper.selectPage_mpCount    : ==>  Preparing: SELECT COUNT(*) FROM item WHERE (status = ?)
16:16:26:885 DEBUG 5096 --- [http-nio-8081-exec-8] c.h.i.m.ItemMapper.selectPage_mpCount    : ==> Parameters: 1(Integer)
16:16:26:970 DEBUG 5096 --- [http-nio-8081-exec-8] c.h.i.m.ItemMapper.selectPage_mpCount    : <==      Total: 1
16:16:26:972 DEBUG 5096 --- [http-nio-8081-exec-8] c.h.item.mapper.ItemMapper.selectPage    : ==>  Preparing: SELECT id, name, price, stock, image, category, brand, spec, sold, comment_count, isAD, status, create_time, update_time, creater, updater FROM item WHERE (status = ?) ORDER BY update_time DESC LIMIT ?
16:16:26:972 DEBUG 5096 --- [http-nio-8081-exec-8] c.h.item.mapper.ItemMapper.selectPage    : ==> Parameters: 1(Integer), 20(Long)
16:16:27:019 DEBUG 5096 --- [http-nio-8081-exec-8] c.h.item.mapper.ItemMapper.selectPage    : <==      Total: 20
16:16:30:487 DEBUG 5096 --- [http-nio-8081-exec-2] c.h.i.mapper.ItemMapper.selectBatchIds   : ==>  Preparing: SELECT id,name,price,stock,image,category,brand,spec,sold,comment_count,isAD,status,create_time,update_time,creater,updater FROM item WHERE id IN ( ? )
16:16:30:487 DEBUG 5096 --- [http-nio-8081-exec-2] c.h.i.mapper.ItemMapper.selectBatchIds   : ==> Parameters: 100000006163(Long)
16:16:30:490 DEBUG 5096 --- [http-nio-8081-exec-2] c.h.i.mapper.ItemMapper.selectBatchIds   : <==      Total: 1
16:16:35:127 DEBUG 5096 --- [http-nio-8081-exec-4] c.h.i.mapper.ItemMapper.selectBatchIds   : ==>  Preparing: SELECT id,name,price,stock,image,category,brand,spec,sold,comment_count,isAD,status,create_time,update_time,creater,updater FROM item WHERE id IN ( ? )
16:16:35:127 DEBUG 5096 --- [http-nio-8081-exec-4] c.h.i.mapper.ItemMapper.selectBatchIds   : ==> Parameters: 100000006163(Long)
16:16:35:135 DEBUG 5096 --- [http-nio-8081-exec-4] c.h.i.mapper.ItemMapper.selectBatchIds   : <==      Total: 1
16:16:35:683 DEBUG 5096 --- [http-nio-8081-exec-1] c.h.i.mapper.ItemMapper.selectBatchIds   : ==>  Preparing: SELECT id,name,price,stock,image,category,brand,spec,sold,comment_count,isAD,status,create_time,update_time,creater,updater FROM item WHERE id IN ( ? )
16:16:35:684 DEBUG 5096 --- [http-nio-8081-exec-1] c.h.i.mapper.ItemMapper.selectBatchIds   : ==> Parameters: 100000006163(Long)
16:16:35:686 DEBUG 5096 --- [http-nio-8081-exec-1] c.h.i.mapper.ItemMapper.selectBatchIds   : <==      Total: 1
16:16:49:793 DEBUG 5096 --- [http-nio-8081-exec-5] c.h.i.mapper.ItemMapper.selectBatchIds   : ==>  Preparing: SELECT id,name,price,stock,image,category,brand,spec,sold,comment_count,isAD,status,create_time,update_time,creater,updater FROM item WHERE id IN ( ? )
16:16:49:793 DEBUG 5096 --- [http-nio-8081-exec-5] c.h.i.mapper.ItemMapper.selectBatchIds   : ==> Parameters: 100000006163(Long)
16:16:49:795 DEBUG 5096 --- [http-nio-8081-exec-5] c.h.i.mapper.ItemMapper.selectBatchIds   : <==      Total: 1
16:19:00:013 DEBUG 5096 --- [http-nio-8081-exec-7] c.h.i.mapper.ItemMapper.selectBatchIds   : ==>  Preparing: SELECT id,name,price,stock,image,category,brand,spec,sold,comment_count,isAD,status,create_time,update_time,creater,updater FROM item WHERE id IN ( ? )
16:19:00:013 DEBUG 5096 --- [http-nio-8081-exec-7] c.h.i.mapper.ItemMapper.selectBatchIds   : ==> Parameters: 100000006163(Long)
16:19:00:016 DEBUG 5096 --- [http-nio-8081-exec-7] c.h.i.mapper.ItemMapper.selectBatchIds   : <==      Total: 1
16:19:03:395 DEBUG 5096 --- [http-nio-8081-exec-10] c.h.i.mapper.ItemMapper.selectBatchIds   : ==>  Preparing: SELECT id,name,price,stock,image,category,brand,spec,sold,comment_count,isAD,status,create_time,update_time,creater,updater FROM item WHERE id IN ( ? )
16:19:03:395 DEBUG 5096 --- [http-nio-8081-exec-10] c.h.i.mapper.ItemMapper.selectBatchIds   : ==> Parameters: 100000006163(Long)
16:19:03:397 DEBUG 5096 --- [http-nio-8081-exec-10] c.h.i.mapper.ItemMapper.selectBatchIds   : <==      Total: 1
16:19:53:754 DEBUG 5096 --- [http-nio-8081-exec-9] c.h.i.mapper.ItemMapper.selectBatchIds   : ==>  Preparing: SELECT id,name,price,stock,image,category,brand,spec,sold,comment_count,isAD,status,create_time,update_time,creater,updater FROM item WHERE id IN ( ? )
16:19:53:755 DEBUG 5096 --- [http-nio-8081-exec-9] c.h.i.mapper.ItemMapper.selectBatchIds   : ==> Parameters: 100000006163(Long)
16:19:53:757 DEBUG 5096 --- [http-nio-8081-exec-9] c.h.i.mapper.ItemMapper.selectBatchIds   : <==      Total: 1
16:32:24:818  WARN 5096 --- [Thread-4] c.a.nacos.common.notify.NotifyCenter     : [NotifyCenter] Start destroying Publisher
16:32:24:818  WARN 5096 --- [Thread-7] c.a.n.common.http.HttpClientBeanHolder   : [HttpClientBeanHolder] Start destroying common HttpClient
16:32:24:818  WARN 5096 --- [Thread-4] c.a.nacos.common.notify.NotifyCenter     : [NotifyCenter] Destruction of the end
16:32:24:823  WARN 5096 --- [Thread-7] c.a.n.common.http.HttpClientBeanHolder   : [HttpClientBeanHolder] Destruction of the end
16:32:25:109  INFO 5096 --- [SpringApplicationShutdownHook] c.a.c.n.registry.NacosServiceRegistry    : De-registering from Nacos Server now...
16:32:25:114  INFO 5096 --- [SpringApplicationShutdownHook] c.a.c.n.registry.NacosServiceRegistry    : De-registration finished.
16:32:25:444  INFO 5096 --- [SpringApplicationShutdownHook] com.alibaba.nacos.common.remote.client   : Shutdown rpc client, set status to shutdown
16:32:25:444  INFO 5096 --- [SpringApplicationShutdownHook] com.alibaba.nacos.common.remote.client   : Shutdown client event executor java.util.concurrent.ScheduledThreadPoolExecutor@bf73257[Running, pool size = 2, active threads = 2, queued tasks = 0, completed tasks = 0]
16:32:25:444  INFO 5096 --- [SpringApplicationShutdownHook] com.alibaba.nacos.common.remote.client   : Close current connection 1700795351993_192.168.200.1_8817
16:32:25:448  INFO 5096 --- [nacos-grpc-client-executor-3794] c.a.n.c.remote.client.grpc.GrpcClient    : [1700795351993_192.168.200.1_8817]Ignore complete event,isRunning:false,isAbandon=false
16:32:25:452  INFO 5096 --- [SpringApplicationShutdownHook] c.a.n.c.remote.client.grpc.GrpcClient    : Shutdown grpc executor java.util.concurrent.ThreadPoolExecutor@6b769226[Running, pool size = 5, active threads = 0, queued tasks = 0, completed tasks = 3795]
16:32:25:464  INFO 5096 --- [SpringApplicationShutdownHook] com.zaxxer.hikari.HikariDataSource       : HikariPool-1 - Shutdown initiated...
16:32:25:518  INFO 5096 --- [SpringApplicationShutdownHook] com.zaxxer.hikari.HikariDataSource       : HikariPool-1 - Shutdown completed.
