01:03:08:201  INFO 22452 --- [main] com.hmall.gateway.GatewayApplication     : Starting GatewayApplication using Java 11.0.15.1 on Liu with PID 22452 (D:\Code\service\day02\hmall\hm-gateway\target\classes started by 73789 in D:\Code\service\day02\hmall)
01:03:08:205 DEBUG 22452 --- [main] com.hmall.gateway.GatewayApplication     : Running with Spring Boot v2.7.12, Spring v5.3.27
01:03:08:206  INFO 22452 --- [main] com.hmall.gateway.GatewayApplication     : No active profile set, falling back to 1 default profile: "default"
01:03:08:778  INFO 22452 --- [main] o.s.cloud.context.scope.GenericScope     : BeanFactory id=e0999818-e6db-3115-be3a-66246bd18c96
01:03:08:825  INFO 22452 --- [main] trationDelegate$BeanPostProcessorChecker : Bean 'org.springframework.cloud.client.loadbalancer.reactive.LoadBalancerBeanPostProcessorAutoConfiguration' of type [org.springframework.cloud.client.loadbalancer.reactive.LoadBalancerBeanPostProcessorAutoConfiguration] is not eligible for getting processed by all BeanPostProcessors (for example: not eligible for auto-proxying)
01:03:08:827  INFO 22452 --- [main] trationDelegate$BeanPostProcessorChecker : Bean 'org.springframework.cloud.client.loadbalancer.reactive.LoadBalancerBeanPostProcessorAutoConfiguration$ReactorDeferringLoadBalancerFilterConfig' of type [org.springframework.cloud.client.loadbalancer.reactive.LoadBalancerBeanPostProcessorAutoConfiguration$ReactorDeferringLoadBalancerFilterConfig] is not eligible for getting processed by all BeanPostProcessors (for example: not eligible for auto-proxying)
01:03:08:827  INFO 22452 --- [main] trationDelegate$BeanPostProcessorChecker : Bean 'reactorDeferringLoadBalancerExchangeFilterFunction' of type [org.springframework.cloud.client.loadbalancer.reactive.DeferringLoadBalancerExchangeFilterFunction] is not eligible for getting processed by all BeanPostProcessors (for example: not eligible for auto-proxying)
01:03:09:908  INFO 22452 --- [main] o.s.c.g.r.RouteDefinitionRouteLocator    : Loaded RoutePredicateFactory [After]
01:03:09:908  INFO 22452 --- [main] o.s.c.g.r.RouteDefinitionRouteLocator    : Loaded RoutePredicateFactory [Before]
01:03:09:909  INFO 22452 --- [main] o.s.c.g.r.RouteDefinitionRouteLocator    : Loaded RoutePredicateFactory [Between]
01:03:09:909  INFO 22452 --- [main] o.s.c.g.r.RouteDefinitionRouteLocator    : Loaded RoutePredicateFactory [Cookie]
01:03:09:909  INFO 22452 --- [main] o.s.c.g.r.RouteDefinitionRouteLocator    : Loaded RoutePredicateFactory [Header]
01:03:09:909  INFO 22452 --- [main] o.s.c.g.r.RouteDefinitionRouteLocator    : Loaded RoutePredicateFactory [Host]
01:03:09:909  INFO 22452 --- [main] o.s.c.g.r.RouteDefinitionRouteLocator    : Loaded RoutePredicateFactory [Method]
01:03:09:909  INFO 22452 --- [main] o.s.c.g.r.RouteDefinitionRouteLocator    : Loaded RoutePredicateFactory [Path]
01:03:09:909  INFO 22452 --- [main] o.s.c.g.r.RouteDefinitionRouteLocator    : Loaded RoutePredicateFactory [Query]
01:03:09:909  INFO 22452 --- [main] o.s.c.g.r.RouteDefinitionRouteLocator    : Loaded RoutePredicateFactory [ReadBody]
01:03:09:909  INFO 22452 --- [main] o.s.c.g.r.RouteDefinitionRouteLocator    : Loaded RoutePredicateFactory [RemoteAddr]
01:03:09:909  INFO 22452 --- [main] o.s.c.g.r.RouteDefinitionRouteLocator    : Loaded RoutePredicateFactory [XForwardedRemoteAddr]
01:03:09:909  INFO 22452 --- [main] o.s.c.g.r.RouteDefinitionRouteLocator    : Loaded RoutePredicateFactory [Weight]
01:03:09:909  INFO 22452 --- [main] o.s.c.g.r.RouteDefinitionRouteLocator    : Loaded RoutePredicateFactory [CloudFoundryRouteService]
01:03:10:350  INFO 22452 --- [main] com.alibaba.nacos.common.remote.client   : [RpcClientFactory] create a new rpc client of 947a59a6-943c-4995-a061-3f7b081740d3
01:03:10:375  INFO 22452 --- [main] org.reflections.Reflections              : Reflections took 13 ms to scan 1 urls, producing 3 keys and 6 values 
01:03:10:390  INFO 22452 --- [main] org.reflections.Reflections              : Reflections took 7 ms to scan 1 urls, producing 4 keys and 9 values 
01:03:10:396  INFO 22452 --- [main] org.reflections.Reflections              : Reflections took 5 ms to scan 1 urls, producing 3 keys and 10 values 
01:03:10:398  WARN 22452 --- [main] org.reflections.Reflections              : given scan urls are empty. set urls in the configuration
01:03:10:403  INFO 22452 --- [main] org.reflections.Reflections              : Reflections took 5 ms to scan 1 urls, producing 1 keys and 5 values 
01:03:10:409  INFO 22452 --- [main] org.reflections.Reflections              : Reflections took 5 ms to scan 1 urls, producing 1 keys and 7 values 
01:03:10:415  INFO 22452 --- [main] org.reflections.Reflections              : Reflections took 5 ms to scan 1 urls, producing 2 keys and 8 values 
01:03:10:416  WARN 22452 --- [main] org.reflections.Reflections              : given scan urls are empty. set urls in the configuration
01:03:10:417  INFO 22452 --- [main] com.alibaba.nacos.common.remote.client   : [947a59a6-943c-4995-a061-3f7b081740d3] RpcClient init label, labels = {module=naming, source=sdk}
01:03:10:418  INFO 22452 --- [main] com.alibaba.nacos.common.remote.client   : [947a59a6-943c-4995-a061-3f7b081740d3] RpcClient init, ServerListFactory = com.alibaba.nacos.client.naming.core.ServerListManager
01:03:10:418  INFO 22452 --- [main] com.alibaba.nacos.common.remote.client   : [947a59a6-943c-4995-a061-3f7b081740d3] Registry connection listener to current client:com.alibaba.nacos.client.naming.remote.gprc.redo.NamingGrpcRedoService
01:03:10:418  INFO 22452 --- [main] com.alibaba.nacos.common.remote.client   : [947a59a6-943c-4995-a061-3f7b081740d3] Register server push request handler:com.alibaba.nacos.client.naming.remote.gprc.NamingPushRequestHandler
01:03:10:419  INFO 22452 --- [main] com.alibaba.nacos.common.remote.client   : [947a59a6-943c-4995-a061-3f7b081740d3] Try to connect to server on start up, server: {serverIp = '192.168.200.146', server main port = 8848}
01:03:11:245  INFO 22452 --- [main] com.alibaba.nacos.common.remote.client   : [947a59a6-943c-4995-a061-3f7b081740d3] Success to connect to server [192.168.200.146:8848] on start up, connectionId = 1700845389656_192.168.200.1_8371
01:03:11:246  INFO 22452 --- [com.alibaba.nacos.client.remote.worker] com.alibaba.nacos.common.remote.client   : [947a59a6-943c-4995-a061-3f7b081740d3] Notify connected event to listeners.
01:03:11:248  INFO 22452 --- [main] com.alibaba.nacos.common.remote.client   : [947a59a6-943c-4995-a061-3f7b081740d3] Register server push request handler:com.alibaba.nacos.common.remote.client.RpcClient$ConnectResetRequestHandler
01:03:11:250  INFO 22452 --- [main] com.alibaba.nacos.common.remote.client   : [947a59a6-943c-4995-a061-3f7b081740d3] Register server push request handler:com.alibaba.nacos.common.remote.client.RpcClient$$Lambda$792/0x000000080064e040
01:03:11:494  INFO 22452 --- [main] o.s.b.web.embedded.netty.NettyWebServer  : Netty started on port 8080
01:03:11:834  INFO 22452 --- [main] c.a.c.n.registry.NacosServiceRegistry    : nacos registry, DEFAULT_GROUP hm-gateway 192.168.200.1:8080 register finished
01:03:11:836  INFO 22452 --- [nacos-grpc-client-executor-7] com.alibaba.nacos.common.remote.client   : [947a59a6-943c-4995-a061-3f7b081740d3] Receive server push request, request = NotifySubscriberRequest, requestId = 6
01:03:11:843  INFO 22452 --- [nacos-grpc-client-executor-7] com.alibaba.nacos.common.remote.client   : [947a59a6-943c-4995-a061-3f7b081740d3] Ack server push request, request = NotifySubscriberRequest, requestId = 6
01:03:11:855  INFO 22452 --- [main] com.hmall.gateway.GatewayApplication     : Started GatewayApplication in 4.261 seconds (JVM running for 4.984)
01:03:12:422  INFO 22452 --- [nacos-grpc-client-executor-12] com.alibaba.nacos.common.remote.client   : [947a59a6-943c-4995-a061-3f7b081740d3] Receive server push request, request = NotifySubscriberRequest, requestId = 7
01:03:12:432  INFO 22452 --- [nacos-grpc-client-executor-12] com.alibaba.nacos.common.remote.client   : [947a59a6-943c-4995-a061-3f7b081740d3] Ack server push request, request = NotifySubscriberRequest, requestId = 7
01:03:20:047  INFO 22452 --- [nacos-grpc-client-executor-15] com.alibaba.nacos.common.remote.client   : [947a59a6-943c-4995-a061-3f7b081740d3] Receive server push request, request = NotifySubscriberRequest, requestId = 8
01:03:20:048  INFO 22452 --- [nacos-grpc-client-executor-15] com.alibaba.nacos.common.remote.client   : [947a59a6-943c-4995-a061-3f7b081740d3] Ack server push request, request = NotifySubscriberRequest, requestId = 8
01:03:21:584  INFO 22452 --- [nacos-grpc-client-executor-18] com.alibaba.nacos.common.remote.client   : [947a59a6-943c-4995-a061-3f7b081740d3] Receive server push request, request = NotifySubscriberRequest, requestId = 9
01:03:21:596  INFO 22452 --- [nacos-grpc-client-executor-18] com.alibaba.nacos.common.remote.client   : [947a59a6-943c-4995-a061-3f7b081740d3] Ack server push request, request = NotifySubscriberRequest, requestId = 9
01:03:26:215  INFO 22452 --- [nacos-grpc-client-executor-21] com.alibaba.nacos.common.remote.client   : [947a59a6-943c-4995-a061-3f7b081740d3] Receive server push request, request = NotifySubscriberRequest, requestId = 11
01:03:26:216  INFO 22452 --- [nacos-grpc-client-executor-21] com.alibaba.nacos.common.remote.client   : [947a59a6-943c-4995-a061-3f7b081740d3] Ack server push request, request = NotifySubscriberRequest, requestId = 11
01:04:59:512  INFO 22452 --- [nacos-grpc-client-executor-40] com.alibaba.nacos.common.remote.client   : [947a59a6-943c-4995-a061-3f7b081740d3] Receive server push request, request = NotifySubscriberRequest, requestId = 12
01:04:59:538  INFO 22452 --- [nacos-grpc-client-executor-40] com.alibaba.nacos.common.remote.client   : [947a59a6-943c-4995-a061-3f7b081740d3] Ack server push request, request = NotifySubscriberRequest, requestId = 12
01:05:00:740  INFO 22452 --- [nacos-grpc-client-executor-41] com.alibaba.nacos.common.remote.client   : [947a59a6-943c-4995-a061-3f7b081740d3] Receive server push request, request = NotifySubscriberRequest, requestId = 16
01:05:00:754  INFO 22452 --- [nacos-grpc-client-executor-41] com.alibaba.nacos.common.remote.client   : [947a59a6-943c-4995-a061-3f7b081740d3] Ack server push request, request = NotifySubscriberRequest, requestId = 16
01:08:17:273  INFO 22452 --- [nacos-grpc-client-executor-86] com.alibaba.nacos.common.remote.client   : [947a59a6-943c-4995-a061-3f7b081740d3] Receive server push request, request = NotifySubscriberRequest, requestId = 18
01:08:17:281  INFO 22452 --- [nacos-grpc-client-executor-86] com.alibaba.nacos.common.remote.client   : [947a59a6-943c-4995-a061-3f7b081740d3] Ack server push request, request = NotifySubscriberRequest, requestId = 18
01:08:26:734  INFO 22452 --- [nacos-grpc-client-executor-89] com.alibaba.nacos.common.remote.client   : [947a59a6-943c-4995-a061-3f7b081740d3] Receive server push request, request = NotifySubscriberRequest, requestId = 19
01:08:26:749  INFO 22452 --- [nacos-grpc-client-executor-89] com.alibaba.nacos.common.remote.client   : [947a59a6-943c-4995-a061-3f7b081740d3] Ack server push request, request = NotifySubscriberRequest, requestId = 19
01:16:32:914  INFO 22452 --- [nacos-grpc-client-executor-198] com.alibaba.nacos.common.remote.client   : [947a59a6-943c-4995-a061-3f7b081740d3] Receive server push request, request = NotifySubscriberRequest, requestId = 22
01:16:32:922  INFO 22452 --- [nacos-grpc-client-executor-198] com.alibaba.nacos.common.remote.client   : [947a59a6-943c-4995-a061-3f7b081740d3] Ack server push request, request = NotifySubscriberRequest, requestId = 22
01:16:41:461  INFO 22452 --- [nacos-grpc-client-executor-200] com.alibaba.nacos.common.remote.client   : [947a59a6-943c-4995-a061-3f7b081740d3] Receive server push request, request = NotifySubscriberRequest, requestId = 23
01:16:41:469  INFO 22452 --- [nacos-grpc-client-executor-200] com.alibaba.nacos.common.remote.client   : [947a59a6-943c-4995-a061-3f7b081740d3] Ack server push request, request = NotifySubscriberRequest, requestId = 23
01:17:35:398  WARN 22452 --- [Thread-7] c.a.n.common.http.HttpClientBeanHolder   : [HttpClientBeanHolder] Start destroying common HttpClient
01:17:35:399  WARN 22452 --- [Thread-4] c.a.nacos.common.notify.NotifyCenter     : [NotifyCenter] Start destroying Publisher
01:17:35:399  WARN 22452 --- [Thread-7] c.a.n.common.http.HttpClientBeanHolder   : [HttpClientBeanHolder] Destruction of the end
01:17:35:399  WARN 22452 --- [Thread-4] c.a.nacos.common.notify.NotifyCenter     : [NotifyCenter] Destruction of the end
01:17:35:429  INFO 22452 --- [SpringApplicationShutdownHook] c.a.c.n.registry.NacosServiceRegistry    : De-registering from Nacos Server now...
01:17:35:445  INFO 22452 --- [SpringApplicationShutdownHook] c.a.c.n.registry.NacosServiceRegistry    : De-registration finished.
01:17:35:782  INFO 22452 --- [SpringApplicationShutdownHook] com.alibaba.nacos.common.remote.client   : Shutdown rpc client, set status to shutdown
01:17:35:783  INFO 22452 --- [SpringApplicationShutdownHook] com.alibaba.nacos.common.remote.client   : Shutdown client event executor java.util.concurrent.ScheduledThreadPoolExecutor@cf809d[Running, pool size = 2, active threads = 2, queued tasks = 0, completed tasks = 0]
01:17:35:783  INFO 22452 --- [SpringApplicationShutdownHook] com.alibaba.nacos.common.remote.client   : Close current connection 1700845389656_192.168.200.1_8371
01:17:35:792  INFO 22452 --- [nacos-grpc-client-executor-212] c.a.n.c.remote.client.grpc.GrpcClient    : [1700845389656_192.168.200.1_8371]Ignore complete event,isRunning:false,isAbandon=false
01:17:35:798  INFO 22452 --- [SpringApplicationShutdownHook] c.a.n.c.remote.client.grpc.GrpcClient    : Shutdown grpc executor java.util.concurrent.ThreadPoolExecutor@24b0308e[Running, pool size = 5, active threads = 0, queued tasks = 0, completed tasks = 213]
10:44:15:922  INFO 22616 --- [main] com.hmall.gateway.GatewayApplication     : Starting GatewayApplication using Java 11.0.15.1 on Liu with PID 22616 (D:\Code\service\day02\hmall\hm-gateway\target\classes started by 73789 in D:\Code\service\day02\hmall)
10:44:15:925 DEBUG 22616 --- [main] com.hmall.gateway.GatewayApplication     : Running with Spring Boot v2.7.12, Spring v5.3.27
10:44:15:925  INFO 22616 --- [main] com.hmall.gateway.GatewayApplication     : No active profile set, falling back to 1 default profile: "default"
10:44:16:501  INFO 22616 --- [main] o.s.cloud.context.scope.GenericScope     : BeanFactory id=e0999818-e6db-3115-be3a-66246bd18c96
10:44:16:550  INFO 22616 --- [main] trationDelegate$BeanPostProcessorChecker : Bean 'org.springframework.cloud.client.loadbalancer.reactive.LoadBalancerBeanPostProcessorAutoConfiguration' of type [org.springframework.cloud.client.loadbalancer.reactive.LoadBalancerBeanPostProcessorAutoConfiguration] is not eligible for getting processed by all BeanPostProcessors (for example: not eligible for auto-proxying)
10:44:16:551  INFO 22616 --- [main] trationDelegate$BeanPostProcessorChecker : Bean 'org.springframework.cloud.client.loadbalancer.reactive.LoadBalancerBeanPostProcessorAutoConfiguration$ReactorDeferringLoadBalancerFilterConfig' of type [org.springframework.cloud.client.loadbalancer.reactive.LoadBalancerBeanPostProcessorAutoConfiguration$ReactorDeferringLoadBalancerFilterConfig] is not eligible for getting processed by all BeanPostProcessors (for example: not eligible for auto-proxying)
10:44:16:552  INFO 22616 --- [main] trationDelegate$BeanPostProcessorChecker : Bean 'reactorDeferringLoadBalancerExchangeFilterFunction' of type [org.springframework.cloud.client.loadbalancer.reactive.DeferringLoadBalancerExchangeFilterFunction] is not eligible for getting processed by all BeanPostProcessors (for example: not eligible for auto-proxying)
10:44:18:313  INFO 22616 --- [main] o.s.cloud.commons.util.InetUtils         : Cannot determine local hostname
10:44:19:486  INFO 22616 --- [main] o.s.cloud.commons.util.InetUtils         : Cannot determine local hostname
10:44:19:762  INFO 22616 --- [main] o.s.c.g.r.RouteDefinitionRouteLocator    : Loaded RoutePredicateFactory [After]
10:44:19:762  INFO 22616 --- [main] o.s.c.g.r.RouteDefinitionRouteLocator    : Loaded RoutePredicateFactory [Before]
10:44:19:762  INFO 22616 --- [main] o.s.c.g.r.RouteDefinitionRouteLocator    : Loaded RoutePredicateFactory [Between]
10:44:19:762  INFO 22616 --- [main] o.s.c.g.r.RouteDefinitionRouteLocator    : Loaded RoutePredicateFactory [Cookie]
10:44:19:762  INFO 22616 --- [main] o.s.c.g.r.RouteDefinitionRouteLocator    : Loaded RoutePredicateFactory [Header]
10:44:19:763  INFO 22616 --- [main] o.s.c.g.r.RouteDefinitionRouteLocator    : Loaded RoutePredicateFactory [Host]
10:44:19:763  INFO 22616 --- [main] o.s.c.g.r.RouteDefinitionRouteLocator    : Loaded RoutePredicateFactory [Method]
10:44:19:763  INFO 22616 --- [main] o.s.c.g.r.RouteDefinitionRouteLocator    : Loaded RoutePredicateFactory [Path]
10:44:19:763  INFO 22616 --- [main] o.s.c.g.r.RouteDefinitionRouteLocator    : Loaded RoutePredicateFactory [Query]
10:44:19:763  INFO 22616 --- [main] o.s.c.g.r.RouteDefinitionRouteLocator    : Loaded RoutePredicateFactory [ReadBody]
10:44:19:763  INFO 22616 --- [main] o.s.c.g.r.RouteDefinitionRouteLocator    : Loaded RoutePredicateFactory [RemoteAddr]
10:44:19:763  INFO 22616 --- [main] o.s.c.g.r.RouteDefinitionRouteLocator    : Loaded RoutePredicateFactory [XForwardedRemoteAddr]
10:44:19:763  INFO 22616 --- [main] o.s.c.g.r.RouteDefinitionRouteLocator    : Loaded RoutePredicateFactory [Weight]
10:44:19:763  INFO 22616 --- [main] o.s.c.g.r.RouteDefinitionRouteLocator    : Loaded RoutePredicateFactory [CloudFoundryRouteService]
10:44:21:063  INFO 22616 --- [main] o.s.cloud.commons.util.InetUtils         : Cannot determine local hostname
10:44:21:252  INFO 22616 --- [main] com.alibaba.nacos.common.remote.client   : [RpcClientFactory] create a new rpc client of 8911da5b-08c4-498a-8279-8d265e96cf60
10:44:21:293  INFO 22616 --- [main] org.reflections.Reflections              : Reflections took 28 ms to scan 1 urls, producing 3 keys and 6 values 
10:44:21:310  INFO 22616 --- [main] org.reflections.Reflections              : Reflections took 7 ms to scan 1 urls, producing 4 keys and 9 values 
10:44:21:316  INFO 22616 --- [main] org.reflections.Reflections              : Reflections took 5 ms to scan 1 urls, producing 3 keys and 10 values 
10:44:21:318  WARN 22616 --- [main] org.reflections.Reflections              : given scan urls are empty. set urls in the configuration
10:44:21:323  INFO 22616 --- [main] org.reflections.Reflections              : Reflections took 4 ms to scan 1 urls, producing 1 keys and 5 values 
10:44:21:329  INFO 22616 --- [main] org.reflections.Reflections              : Reflections took 5 ms to scan 1 urls, producing 1 keys and 7 values 
10:44:21:335  INFO 22616 --- [main] org.reflections.Reflections              : Reflections took 3 ms to scan 1 urls, producing 2 keys and 8 values 
10:44:21:337  WARN 22616 --- [main] org.reflections.Reflections              : given scan urls are empty. set urls in the configuration
10:44:21:338  INFO 22616 --- [main] com.alibaba.nacos.common.remote.client   : [8911da5b-08c4-498a-8279-8d265e96cf60] RpcClient init label, labels = {module=naming, source=sdk}
10:44:21:339  INFO 22616 --- [main] com.alibaba.nacos.common.remote.client   : [8911da5b-08c4-498a-8279-8d265e96cf60] RpcClient init, ServerListFactory = com.alibaba.nacos.client.naming.core.ServerListManager
10:44:21:339  INFO 22616 --- [main] com.alibaba.nacos.common.remote.client   : [8911da5b-08c4-498a-8279-8d265e96cf60] Registry connection listener to current client:com.alibaba.nacos.client.naming.remote.gprc.redo.NamingGrpcRedoService
10:44:21:339  INFO 22616 --- [main] com.alibaba.nacos.common.remote.client   : [8911da5b-08c4-498a-8279-8d265e96cf60] Register server push request handler:com.alibaba.nacos.client.naming.remote.gprc.NamingPushRequestHandler
10:44:21:341  INFO 22616 --- [main] com.alibaba.nacos.common.remote.client   : [8911da5b-08c4-498a-8279-8d265e96cf60] Try to connect to server on start up, server: {serverIp = '192.168.200.146', server main port = 8848}
10:44:22:239  INFO 22616 --- [main] com.alibaba.nacos.common.remote.client   : [8911da5b-08c4-498a-8279-8d265e96cf60] Success to connect to server [192.168.200.146:8848] on start up, connectionId = 1700880261132_192.168.200.1_11793
10:44:22:242  INFO 22616 --- [com.alibaba.nacos.client.remote.worker] com.alibaba.nacos.common.remote.client   : [8911da5b-08c4-498a-8279-8d265e96cf60] Notify connected event to listeners.
10:44:22:243  INFO 22616 --- [main] com.alibaba.nacos.common.remote.client   : [8911da5b-08c4-498a-8279-8d265e96cf60] Register server push request handler:com.alibaba.nacos.common.remote.client.RpcClient$ConnectResetRequestHandler
10:44:22:246  INFO 22616 --- [main] com.alibaba.nacos.common.remote.client   : [8911da5b-08c4-498a-8279-8d265e96cf60] Register server push request handler:com.alibaba.nacos.common.remote.client.RpcClient$$Lambda$792/0x000000080067ec40
10:44:22:519  INFO 22616 --- [main] o.s.b.web.embedded.netty.NettyWebServer  : Netty started on port 8080
10:44:22:796  INFO 22616 --- [nacos-grpc-client-executor-6] com.alibaba.nacos.common.remote.client   : [8911da5b-08c4-498a-8279-8d265e96cf60] Receive server push request, request = NotifySubscriberRequest, requestId = 16
10:44:22:810  INFO 22616 --- [nacos-grpc-client-executor-6] com.alibaba.nacos.common.remote.client   : [8911da5b-08c4-498a-8279-8d265e96cf60] Ack server push request, request = NotifySubscriberRequest, requestId = 16
10:44:23:688  INFO 22616 --- [main] o.s.cloud.commons.util.InetUtils         : Cannot determine local hostname
10:44:24:857  INFO 22616 --- [main] o.s.cloud.commons.util.InetUtils         : Cannot determine local hostname
10:44:24:883  INFO 22616 --- [main] c.a.c.n.registry.NacosServiceRegistry    : nacos registry, DEFAULT_GROUP hm-gateway 192.168.200.1:8080 register finished
10:44:24:906  INFO 22616 --- [main] com.hmall.gateway.GatewayApplication     : Started GatewayApplication in 10.582 seconds (JVM running for 11.366)
10:44:25:401  INFO 22616 --- [nacos-grpc-client-executor-12] com.alibaba.nacos.common.remote.client   : [8911da5b-08c4-498a-8279-8d265e96cf60] Receive server push request, request = NotifySubscriberRequest, requestId = 17
10:44:25:406  INFO 22616 --- [nacos-grpc-client-executor-12] com.alibaba.nacos.common.remote.client   : [8911da5b-08c4-498a-8279-8d265e96cf60] Ack server push request, request = NotifySubscriberRequest, requestId = 17
10:46:13:271  WARN 22616 --- [Thread-7] c.a.n.common.http.HttpClientBeanHolder   : [HttpClientBeanHolder] Start destroying common HttpClient
10:46:13:272  WARN 22616 --- [Thread-4] c.a.nacos.common.notify.NotifyCenter     : [NotifyCenter] Start destroying Publisher
10:46:13:272  WARN 22616 --- [Thread-4] c.a.nacos.common.notify.NotifyCenter     : [NotifyCenter] Destruction of the end
10:46:13:272  WARN 22616 --- [Thread-7] c.a.n.common.http.HttpClientBeanHolder   : [HttpClientBeanHolder] Destruction of the end
10:46:13:290  INFO 22616 --- [SpringApplicationShutdownHook] c.a.c.n.registry.NacosServiceRegistry    : De-registering from Nacos Server now...
10:46:13:298  INFO 22616 --- [SpringApplicationShutdownHook] c.a.c.n.registry.NacosServiceRegistry    : De-registration finished.
10:46:13:628  INFO 22616 --- [SpringApplicationShutdownHook] com.alibaba.nacos.common.remote.client   : Shutdown rpc client, set status to shutdown
10:46:13:628  INFO 22616 --- [SpringApplicationShutdownHook] com.alibaba.nacos.common.remote.client   : Shutdown client event executor java.util.concurrent.ScheduledThreadPoolExecutor@2dfcc407[Running, pool size = 2, active threads = 2, queued tasks = 0, completed tasks = 0]
10:46:13:628  INFO 22616 --- [SpringApplicationShutdownHook] com.alibaba.nacos.common.remote.client   : Close current connection 1700880261132_192.168.200.1_11793
10:46:13:632  INFO 22616 --- [nacos-grpc-client-executor-36] c.a.n.c.remote.client.grpc.GrpcClient    : [1700880261132_192.168.200.1_11793]Ignore complete event,isRunning:false,isAbandon=false
10:46:13:633  INFO 22616 --- [SpringApplicationShutdownHook] c.a.n.c.remote.client.grpc.GrpcClient    : Shutdown grpc executor java.util.concurrent.ThreadPoolExecutor@bd58ede[Running, pool size = 5, active threads = 0, queued tasks = 0, completed tasks = 37]
10:46:56:929  INFO 8616 --- [main] com.hmall.gateway.GatewayApplication     : Starting GatewayApplication using Java 11.0.15.1 on Liu with PID 8616 (D:\Code\service\day02\hmall\hm-gateway\target\classes started by 73789 in D:\Code\service\day02\hmall)
10:46:56:931 DEBUG 8616 --- [main] com.hmall.gateway.GatewayApplication     : Running with Spring Boot v2.7.12, Spring v5.3.27
10:46:56:931  INFO 8616 --- [main] com.hmall.gateway.GatewayApplication     : No active profile set, falling back to 1 default profile: "default"
10:46:57:368  INFO 8616 --- [main] o.s.cloud.context.scope.GenericScope     : BeanFactory id=e0999818-e6db-3115-be3a-66246bd18c96
10:46:57:418  INFO 8616 --- [main] trationDelegate$BeanPostProcessorChecker : Bean 'org.springframework.cloud.client.loadbalancer.reactive.LoadBalancerBeanPostProcessorAutoConfiguration' of type [org.springframework.cloud.client.loadbalancer.reactive.LoadBalancerBeanPostProcessorAutoConfiguration] is not eligible for getting processed by all BeanPostProcessors (for example: not eligible for auto-proxying)
10:46:57:419  INFO 8616 --- [main] trationDelegate$BeanPostProcessorChecker : Bean 'org.springframework.cloud.client.loadbalancer.reactive.LoadBalancerBeanPostProcessorAutoConfiguration$ReactorDeferringLoadBalancerFilterConfig' of type [org.springframework.cloud.client.loadbalancer.reactive.LoadBalancerBeanPostProcessorAutoConfiguration$ReactorDeferringLoadBalancerFilterConfig] is not eligible for getting processed by all BeanPostProcessors (for example: not eligible for auto-proxying)
10:46:57:420  INFO 8616 --- [main] trationDelegate$BeanPostProcessorChecker : Bean 'reactorDeferringLoadBalancerExchangeFilterFunction' of type [org.springframework.cloud.client.loadbalancer.reactive.DeferringLoadBalancerExchangeFilterFunction] is not eligible for getting processed by all BeanPostProcessors (for example: not eligible for auto-proxying)
10:46:59:070  INFO 8616 --- [main] o.s.cloud.commons.util.InetUtils         : Cannot determine local hostname
10:47:00:241  INFO 8616 --- [main] o.s.cloud.commons.util.InetUtils         : Cannot determine local hostname
10:47:00:434  INFO 8616 --- [main] o.s.c.g.r.RouteDefinitionRouteLocator    : Loaded RoutePredicateFactory [After]
10:47:00:434  INFO 8616 --- [main] o.s.c.g.r.RouteDefinitionRouteLocator    : Loaded RoutePredicateFactory [Before]
10:47:00:435  INFO 8616 --- [main] o.s.c.g.r.RouteDefinitionRouteLocator    : Loaded RoutePredicateFactory [Between]
10:47:00:435  INFO 8616 --- [main] o.s.c.g.r.RouteDefinitionRouteLocator    : Loaded RoutePredicateFactory [Cookie]
10:47:00:435  INFO 8616 --- [main] o.s.c.g.r.RouteDefinitionRouteLocator    : Loaded RoutePredicateFactory [Header]
10:47:00:435  INFO 8616 --- [main] o.s.c.g.r.RouteDefinitionRouteLocator    : Loaded RoutePredicateFactory [Host]
10:47:00:435  INFO 8616 --- [main] o.s.c.g.r.RouteDefinitionRouteLocator    : Loaded RoutePredicateFactory [Method]
10:47:00:435  INFO 8616 --- [main] o.s.c.g.r.RouteDefinitionRouteLocator    : Loaded RoutePredicateFactory [Path]
10:47:00:435  INFO 8616 --- [main] o.s.c.g.r.RouteDefinitionRouteLocator    : Loaded RoutePredicateFactory [Query]
10:47:00:435  INFO 8616 --- [main] o.s.c.g.r.RouteDefinitionRouteLocator    : Loaded RoutePredicateFactory [ReadBody]
10:47:00:435  INFO 8616 --- [main] o.s.c.g.r.RouteDefinitionRouteLocator    : Loaded RoutePredicateFactory [RemoteAddr]
10:47:00:435  INFO 8616 --- [main] o.s.c.g.r.RouteDefinitionRouteLocator    : Loaded RoutePredicateFactory [XForwardedRemoteAddr]
10:47:00:435  INFO 8616 --- [main] o.s.c.g.r.RouteDefinitionRouteLocator    : Loaded RoutePredicateFactory [Weight]
10:47:00:435  INFO 8616 --- [main] o.s.c.g.r.RouteDefinitionRouteLocator    : Loaded RoutePredicateFactory [CloudFoundryRouteService]
10:47:01:696  INFO 8616 --- [main] o.s.cloud.commons.util.InetUtils         : Cannot determine local hostname
10:47:01:832  INFO 8616 --- [main] com.alibaba.nacos.common.remote.client   : [RpcClientFactory] create a new rpc client of d73b8c85-16c6-4f56-ae2a-f13a59a17886
10:47:01:863  INFO 8616 --- [main] org.reflections.Reflections              : Reflections took 21 ms to scan 1 urls, producing 3 keys and 6 values 
10:47:01:877  INFO 8616 --- [main] org.reflections.Reflections              : Reflections took 5 ms to scan 1 urls, producing 4 keys and 9 values 
10:47:01:883  INFO 8616 --- [main] org.reflections.Reflections              : Reflections took 5 ms to scan 1 urls, producing 3 keys and 10 values 
10:47:01:884  WARN 8616 --- [main] org.reflections.Reflections              : given scan urls are empty. set urls in the configuration
10:47:01:889  INFO 8616 --- [main] org.reflections.Reflections              : Reflections took 4 ms to scan 1 urls, producing 1 keys and 5 values 
10:47:01:895  INFO 8616 --- [main] org.reflections.Reflections              : Reflections took 4 ms to scan 1 urls, producing 1 keys and 7 values 
10:47:01:900  INFO 8616 --- [main] org.reflections.Reflections              : Reflections took 4 ms to scan 1 urls, producing 2 keys and 8 values 
10:47:01:902  WARN 8616 --- [main] org.reflections.Reflections              : given scan urls are empty. set urls in the configuration
10:47:01:902  INFO 8616 --- [main] com.alibaba.nacos.common.remote.client   : [d73b8c85-16c6-4f56-ae2a-f13a59a17886] RpcClient init label, labels = {module=naming, source=sdk}
10:47:01:904  INFO 8616 --- [main] com.alibaba.nacos.common.remote.client   : [d73b8c85-16c6-4f56-ae2a-f13a59a17886] RpcClient init, ServerListFactory = com.alibaba.nacos.client.naming.core.ServerListManager
10:47:01:904  INFO 8616 --- [main] com.alibaba.nacos.common.remote.client   : [d73b8c85-16c6-4f56-ae2a-f13a59a17886] Registry connection listener to current client:com.alibaba.nacos.client.naming.remote.gprc.redo.NamingGrpcRedoService
10:47:01:904  INFO 8616 --- [main] com.alibaba.nacos.common.remote.client   : [d73b8c85-16c6-4f56-ae2a-f13a59a17886] Register server push request handler:com.alibaba.nacos.client.naming.remote.gprc.NamingPushRequestHandler
10:47:01:905  INFO 8616 --- [main] com.alibaba.nacos.common.remote.client   : [d73b8c85-16c6-4f56-ae2a-f13a59a17886] Try to connect to server on start up, server: {serverIp = '192.168.200.146', server main port = 8848}
10:47:02:733  INFO 8616 --- [main] com.alibaba.nacos.common.remote.client   : [d73b8c85-16c6-4f56-ae2a-f13a59a17886] Success to connect to server [192.168.200.146:8848] on start up, connectionId = 1700880421629_192.168.200.1_12081
10:47:02:734  INFO 8616 --- [main] com.alibaba.nacos.common.remote.client   : [d73b8c85-16c6-4f56-ae2a-f13a59a17886] Register server push request handler:com.alibaba.nacos.common.remote.client.RpcClient$ConnectResetRequestHandler
10:47:02:734  INFO 8616 --- [com.alibaba.nacos.client.remote.worker] com.alibaba.nacos.common.remote.client   : [d73b8c85-16c6-4f56-ae2a-f13a59a17886] Notify connected event to listeners.
10:47:02:736  INFO 8616 --- [main] com.alibaba.nacos.common.remote.client   : [d73b8c85-16c6-4f56-ae2a-f13a59a17886] Register server push request handler:com.alibaba.nacos.common.remote.client.RpcClient$$Lambda$792/0x000000080064e040
10:47:02:955  INFO 8616 --- [main] o.s.b.web.embedded.netty.NettyWebServer  : Netty started on port 8080
10:47:03:332  INFO 8616 --- [nacos-grpc-client-executor-6] com.alibaba.nacos.common.remote.client   : [d73b8c85-16c6-4f56-ae2a-f13a59a17886] Receive server push request, request = NotifySubscriberRequest, requestId = 18
10:47:03:339  INFO 8616 --- [nacos-grpc-client-executor-6] com.alibaba.nacos.common.remote.client   : [d73b8c85-16c6-4f56-ae2a-f13a59a17886] Ack server push request, request = NotifySubscriberRequest, requestId = 18
10:47:04:123  INFO 8616 --- [main] o.s.cloud.commons.util.InetUtils         : Cannot determine local hostname
10:47:05:290  INFO 8616 --- [main] o.s.cloud.commons.util.InetUtils         : Cannot determine local hostname
10:47:05:301  INFO 8616 --- [main] c.a.c.n.registry.NacosServiceRegistry    : nacos registry, DEFAULT_GROUP hm-gateway 192.168.200.1:8080 register finished
10:47:05:320  INFO 8616 --- [main] com.hmall.gateway.GatewayApplication     : Started GatewayApplication in 9.948 seconds (JVM running for 10.603)
10:47:05:833  INFO 8616 --- [nacos-grpc-client-executor-11] com.alibaba.nacos.common.remote.client   : [d73b8c85-16c6-4f56-ae2a-f13a59a17886] Receive server push request, request = NotifySubscriberRequest, requestId = 19
10:47:05:849  INFO 8616 --- [nacos-grpc-client-executor-11] com.alibaba.nacos.common.remote.client   : [d73b8c85-16c6-4f56-ae2a-f13a59a17886] Ack server push request, request = NotifySubscriberRequest, requestId = 19
10:49:33:906  WARN 8616 --- [Thread-4] c.a.nacos.common.notify.NotifyCenter     : [NotifyCenter] Start destroying Publisher
10:49:33:907  WARN 8616 --- [Thread-7] c.a.n.common.http.HttpClientBeanHolder   : [HttpClientBeanHolder] Start destroying common HttpClient
10:49:33:907  WARN 8616 --- [Thread-4] c.a.nacos.common.notify.NotifyCenter     : [NotifyCenter] Destruction of the end
10:49:33:907  WARN 8616 --- [Thread-7] c.a.n.common.http.HttpClientBeanHolder   : [HttpClientBeanHolder] Destruction of the end
10:49:33:926  INFO 8616 --- [SpringApplicationShutdownHook] c.a.c.n.registry.NacosServiceRegistry    : De-registering from Nacos Server now...
10:49:33:936  INFO 8616 --- [SpringApplicationShutdownHook] c.a.c.n.registry.NacosServiceRegistry    : De-registration finished.
10:49:34:259  INFO 8616 --- [SpringApplicationShutdownHook] com.alibaba.nacos.common.remote.client   : Shutdown rpc client, set status to shutdown
10:49:34:259  INFO 8616 --- [SpringApplicationShutdownHook] com.alibaba.nacos.common.remote.client   : Shutdown client event executor java.util.concurrent.ScheduledThreadPoolExecutor@22a4fde5[Running, pool size = 2, active threads = 2, queued tasks = 0, completed tasks = 0]
10:49:34:259  INFO 8616 --- [SpringApplicationShutdownHook] com.alibaba.nacos.common.remote.client   : Close current connection 1700880421629_192.168.200.1_12081
10:49:34:262  INFO 8616 --- [nacos-grpc-client-executor-48] c.a.n.c.remote.client.grpc.GrpcClient    : [1700880421629_192.168.200.1_12081]Ignore complete event,isRunning:false,isAbandon=false
10:49:34:263  INFO 8616 --- [SpringApplicationShutdownHook] c.a.n.c.remote.client.grpc.GrpcClient    : Shutdown grpc executor java.util.concurrent.ThreadPoolExecutor@46b5b623[Running, pool size = 5, active threads = 0, queued tasks = 0, completed tasks = 49]
10:49:43:090  INFO 21448 --- [main] com.hmall.gateway.GatewayApplication     : Starting GatewayApplication using Java 11.0.15.1 on Liu with PID 21448 (D:\Code\service\day02\hmall\hm-gateway\target\classes started by 73789 in D:\Code\service\day02\hmall)
10:49:43:092 DEBUG 21448 --- [main] com.hmall.gateway.GatewayApplication     : Running with Spring Boot v2.7.12, Spring v5.3.27
10:49:43:092  INFO 21448 --- [main] com.hmall.gateway.GatewayApplication     : No active profile set, falling back to 1 default profile: "default"
10:49:43:788  INFO 21448 --- [main] o.s.cloud.context.scope.GenericScope     : BeanFactory id=e0999818-e6db-3115-be3a-66246bd18c96
10:49:43:873  INFO 21448 --- [main] trationDelegate$BeanPostProcessorChecker : Bean 'org.springframework.cloud.client.loadbalancer.reactive.LoadBalancerBeanPostProcessorAutoConfiguration' of type [org.springframework.cloud.client.loadbalancer.reactive.LoadBalancerBeanPostProcessorAutoConfiguration] is not eligible for getting processed by all BeanPostProcessors (for example: not eligible for auto-proxying)
10:49:43:875  INFO 21448 --- [main] trationDelegate$BeanPostProcessorChecker : Bean 'org.springframework.cloud.client.loadbalancer.reactive.LoadBalancerBeanPostProcessorAutoConfiguration$ReactorDeferringLoadBalancerFilterConfig' of type [org.springframework.cloud.client.loadbalancer.reactive.LoadBalancerBeanPostProcessorAutoConfiguration$ReactorDeferringLoadBalancerFilterConfig] is not eligible for getting processed by all BeanPostProcessors (for example: not eligible for auto-proxying)
10:49:43:877  INFO 21448 --- [main] trationDelegate$BeanPostProcessorChecker : Bean 'reactorDeferringLoadBalancerExchangeFilterFunction' of type [org.springframework.cloud.client.loadbalancer.reactive.DeferringLoadBalancerExchangeFilterFunction] is not eligible for getting processed by all BeanPostProcessors (for example: not eligible for auto-proxying)
10:49:45:775  INFO 21448 --- [main] o.s.cloud.commons.util.InetUtils         : Cannot determine local hostname
10:49:47:112  INFO 21448 --- [main] o.s.cloud.commons.util.InetUtils         : Cannot determine local hostname
10:49:47:326  INFO 21448 --- [main] o.s.c.g.r.RouteDefinitionRouteLocator    : Loaded RoutePredicateFactory [After]
10:49:47:326  INFO 21448 --- [main] o.s.c.g.r.RouteDefinitionRouteLocator    : Loaded RoutePredicateFactory [Before]
10:49:47:326  INFO 21448 --- [main] o.s.c.g.r.RouteDefinitionRouteLocator    : Loaded RoutePredicateFactory [Between]
10:49:47:326  INFO 21448 --- [main] o.s.c.g.r.RouteDefinitionRouteLocator    : Loaded RoutePredicateFactory [Cookie]
10:49:47:326  INFO 21448 --- [main] o.s.c.g.r.RouteDefinitionRouteLocator    : Loaded RoutePredicateFactory [Header]
10:49:47:326  INFO 21448 --- [main] o.s.c.g.r.RouteDefinitionRouteLocator    : Loaded RoutePredicateFactory [Host]
10:49:47:326  INFO 21448 --- [main] o.s.c.g.r.RouteDefinitionRouteLocator    : Loaded RoutePredicateFactory [Method]
10:49:47:326  INFO 21448 --- [main] o.s.c.g.r.RouteDefinitionRouteLocator    : Loaded RoutePredicateFactory [Path]
10:49:47:326  INFO 21448 --- [main] o.s.c.g.r.RouteDefinitionRouteLocator    : Loaded RoutePredicateFactory [Query]
10:49:47:327  INFO 21448 --- [main] o.s.c.g.r.RouteDefinitionRouteLocator    : Loaded RoutePredicateFactory [ReadBody]
10:49:47:327  INFO 21448 --- [main] o.s.c.g.r.RouteDefinitionRouteLocator    : Loaded RoutePredicateFactory [RemoteAddr]
10:49:47:327  INFO 21448 --- [main] o.s.c.g.r.RouteDefinitionRouteLocator    : Loaded RoutePredicateFactory [XForwardedRemoteAddr]
10:49:47:327  INFO 21448 --- [main] o.s.c.g.r.RouteDefinitionRouteLocator    : Loaded RoutePredicateFactory [Weight]
10:49:47:327  INFO 21448 --- [main] o.s.c.g.r.RouteDefinitionRouteLocator    : Loaded RoutePredicateFactory [CloudFoundryRouteService]
10:49:48:628  INFO 21448 --- [main] o.s.cloud.commons.util.InetUtils         : Cannot determine local hostname
10:49:48:827  INFO 21448 --- [main] com.alibaba.nacos.common.remote.client   : [RpcClientFactory] create a new rpc client of 712eb270-9d51-40aa-850a-87edc553eb72
10:49:48:868  INFO 21448 --- [main] org.reflections.Reflections              : Reflections took 27 ms to scan 1 urls, producing 3 keys and 6 values 
10:49:48:905  INFO 21448 --- [main] org.reflections.Reflections              : Reflections took 21 ms to scan 1 urls, producing 4 keys and 9 values 
10:49:48:917  INFO 21448 --- [main] org.reflections.Reflections              : Reflections took 9 ms to scan 1 urls, producing 3 keys and 10 values 
10:49:48:921  WARN 21448 --- [main] org.reflections.Reflections              : given scan urls are empty. set urls in the configuration
10:49:48:929  INFO 21448 --- [main] org.reflections.Reflections              : Reflections took 7 ms to scan 1 urls, producing 1 keys and 5 values 
10:49:48:941  INFO 21448 --- [main] org.reflections.Reflections              : Reflections took 9 ms to scan 1 urls, producing 1 keys and 7 values 
10:49:48:951  INFO 21448 --- [main] org.reflections.Reflections              : Reflections took 7 ms to scan 1 urls, producing 2 keys and 8 values 
10:49:48:953  WARN 21448 --- [main] org.reflections.Reflections              : given scan urls are empty. set urls in the configuration
10:49:48:954  INFO 21448 --- [main] com.alibaba.nacos.common.remote.client   : [712eb270-9d51-40aa-850a-87edc553eb72] RpcClient init label, labels = {module=naming, source=sdk}
10:49:48:956  INFO 21448 --- [main] com.alibaba.nacos.common.remote.client   : [712eb270-9d51-40aa-850a-87edc553eb72] RpcClient init, ServerListFactory = com.alibaba.nacos.client.naming.core.ServerListManager
10:49:48:956  INFO 21448 --- [main] com.alibaba.nacos.common.remote.client   : [712eb270-9d51-40aa-850a-87edc553eb72] Registry connection listener to current client:com.alibaba.nacos.client.naming.remote.gprc.redo.NamingGrpcRedoService
10:49:48:957  INFO 21448 --- [main] com.alibaba.nacos.common.remote.client   : [712eb270-9d51-40aa-850a-87edc553eb72] Register server push request handler:com.alibaba.nacos.client.naming.remote.gprc.NamingPushRequestHandler
10:49:48:959  INFO 21448 --- [main] com.alibaba.nacos.common.remote.client   : [712eb270-9d51-40aa-850a-87edc553eb72] Try to connect to server on start up, server: {serverIp = '192.168.200.146', server main port = 8848}
10:49:50:078  INFO 21448 --- [main] com.alibaba.nacos.common.remote.client   : [712eb270-9d51-40aa-850a-87edc553eb72] Success to connect to server [192.168.200.146:8848] on start up, connectionId = 1700880588965_192.168.200.1_12626
10:49:50:079  INFO 21448 --- [main] com.alibaba.nacos.common.remote.client   : [712eb270-9d51-40aa-850a-87edc553eb72] Register server push request handler:com.alibaba.nacos.common.remote.client.RpcClient$ConnectResetRequestHandler
10:49:50:079  INFO 21448 --- [com.alibaba.nacos.client.remote.worker] com.alibaba.nacos.common.remote.client   : [712eb270-9d51-40aa-850a-87edc553eb72] Notify connected event to listeners.
10:49:50:082  INFO 21448 --- [main] com.alibaba.nacos.common.remote.client   : [712eb270-9d51-40aa-850a-87edc553eb72] Register server push request handler:com.alibaba.nacos.common.remote.client.RpcClient$$Lambda$792/0x000000080064e440
10:49:50:345  INFO 21448 --- [main] o.s.b.web.embedded.netty.NettyWebServer  : Netty started on port 8080
10:49:50:661  INFO 21448 --- [nacos-grpc-client-executor-5] com.alibaba.nacos.common.remote.client   : [712eb270-9d51-40aa-850a-87edc553eb72] Receive server push request, request = NotifySubscriberRequest, requestId = 22
10:49:50:669  INFO 21448 --- [nacos-grpc-client-executor-5] com.alibaba.nacos.common.remote.client   : [712eb270-9d51-40aa-850a-87edc553eb72] Ack server push request, request = NotifySubscriberRequest, requestId = 22
10:49:51:574  INFO 21448 --- [main] o.s.cloud.commons.util.InetUtils         : Cannot determine local hostname
10:49:52:751  INFO 21448 --- [main] o.s.cloud.commons.util.InetUtils         : Cannot determine local hostname
10:49:52:761  INFO 21448 --- [main] c.a.c.n.registry.NacosServiceRegistry    : nacos registry, DEFAULT_GROUP hm-gateway 192.168.200.1:8080 register finished
10:49:52:784  INFO 21448 --- [main] com.hmall.gateway.GatewayApplication     : Started GatewayApplication in 11.408 seconds (JVM running for 12.072)
10:49:53:264  INFO 21448 --- [nacos-grpc-client-executor-10] com.alibaba.nacos.common.remote.client   : [712eb270-9d51-40aa-850a-87edc553eb72] Receive server push request, request = NotifySubscriberRequest, requestId = 23
10:49:53:275  INFO 21448 --- [nacos-grpc-client-executor-10] com.alibaba.nacos.common.remote.client   : [712eb270-9d51-40aa-850a-87edc553eb72] Ack server push request, request = NotifySubscriberRequest, requestId = 23
10:53:30:287  WARN 21448 --- [Thread-7] c.a.n.common.http.HttpClientBeanHolder   : [HttpClientBeanHolder] Start destroying common HttpClient
10:53:30:287  WARN 21448 --- [Thread-4] c.a.nacos.common.notify.NotifyCenter     : [NotifyCenter] Start destroying Publisher
10:53:30:288  WARN 21448 --- [Thread-4] c.a.nacos.common.notify.NotifyCenter     : [NotifyCenter] Destruction of the end
10:53:30:288  WARN 21448 --- [Thread-7] c.a.n.common.http.HttpClientBeanHolder   : [HttpClientBeanHolder] Destruction of the end
10:53:30:309  INFO 21448 --- [SpringApplicationShutdownHook] c.a.c.n.registry.NacosServiceRegistry    : De-registering from Nacos Server now...
10:53:30:316  INFO 21448 --- [SpringApplicationShutdownHook] c.a.c.n.registry.NacosServiceRegistry    : De-registration finished.
10:53:30:641  INFO 21448 --- [SpringApplicationShutdownHook] com.alibaba.nacos.common.remote.client   : Shutdown rpc client, set status to shutdown
10:53:30:641  INFO 21448 --- [SpringApplicationShutdownHook] com.alibaba.nacos.common.remote.client   : Shutdown client event executor java.util.concurrent.ScheduledThreadPoolExecutor@2c2c7cb0[Running, pool size = 2, active threads = 2, queued tasks = 0, completed tasks = 0]
10:53:30:641  INFO 21448 --- [SpringApplicationShutdownHook] com.alibaba.nacos.common.remote.client   : Close current connection 1700880588965_192.168.200.1_12626
10:53:30:643  INFO 21448 --- [nacos-grpc-client-executor-61] c.a.n.c.remote.client.grpc.GrpcClient    : [1700880588965_192.168.200.1_12626]Ignore complete event,isRunning:false,isAbandon=false
10:53:30:645  INFO 21448 --- [SpringApplicationShutdownHook] c.a.n.c.remote.client.grpc.GrpcClient    : Shutdown grpc executor java.util.concurrent.ThreadPoolExecutor@4a33b5df[Running, pool size = 5, active threads = 0, queued tasks = 0, completed tasks = 62]
10:54:01:279  INFO 16240 --- [main] com.hmall.gateway.GatewayApplication     : Starting GatewayApplication using Java 11.0.15.1 on Liu with PID 16240 (D:\Code\service\day02\hmall\hm-gateway\target\classes started by 73789 in D:\Code\service\day02\hmall)
10:54:01:283 DEBUG 16240 --- [main] com.hmall.gateway.GatewayApplication     : Running with Spring Boot v2.7.12, Spring v5.3.27
10:54:01:283  INFO 16240 --- [main] com.hmall.gateway.GatewayApplication     : No active profile set, falling back to 1 default profile: "default"
10:54:01:879  INFO 16240 --- [main] o.s.cloud.context.scope.GenericScope     : BeanFactory id=e0999818-e6db-3115-be3a-66246bd18c96
10:54:01:944  INFO 16240 --- [main] trationDelegate$BeanPostProcessorChecker : Bean 'org.springframework.cloud.client.loadbalancer.reactive.LoadBalancerBeanPostProcessorAutoConfiguration' of type [org.springframework.cloud.client.loadbalancer.reactive.LoadBalancerBeanPostProcessorAutoConfiguration] is not eligible for getting processed by all BeanPostProcessors (for example: not eligible for auto-proxying)
10:54:01:944  INFO 16240 --- [main] trationDelegate$BeanPostProcessorChecker : Bean 'org.springframework.cloud.client.loadbalancer.reactive.LoadBalancerBeanPostProcessorAutoConfiguration$ReactorDeferringLoadBalancerFilterConfig' of type [org.springframework.cloud.client.loadbalancer.reactive.LoadBalancerBeanPostProcessorAutoConfiguration$ReactorDeferringLoadBalancerFilterConfig] is not eligible for getting processed by all BeanPostProcessors (for example: not eligible for auto-proxying)
10:54:01:945  INFO 16240 --- [main] trationDelegate$BeanPostProcessorChecker : Bean 'reactorDeferringLoadBalancerExchangeFilterFunction' of type [org.springframework.cloud.client.loadbalancer.reactive.DeferringLoadBalancerExchangeFilterFunction] is not eligible for getting processed by all BeanPostProcessors (for example: not eligible for auto-proxying)
10:54:03:796  INFO 16240 --- [main] o.s.cloud.commons.util.InetUtils         : Cannot determine local hostname
10:54:05:009  INFO 16240 --- [main] o.s.cloud.commons.util.InetUtils         : Cannot determine local hostname
10:54:05:224  INFO 16240 --- [main] o.s.c.g.r.RouteDefinitionRouteLocator    : Loaded RoutePredicateFactory [After]
10:54:05:225  INFO 16240 --- [main] o.s.c.g.r.RouteDefinitionRouteLocator    : Loaded RoutePredicateFactory [Before]
10:54:05:225  INFO 16240 --- [main] o.s.c.g.r.RouteDefinitionRouteLocator    : Loaded RoutePredicateFactory [Between]
10:54:05:225  INFO 16240 --- [main] o.s.c.g.r.RouteDefinitionRouteLocator    : Loaded RoutePredicateFactory [Cookie]
10:54:05:225  INFO 16240 --- [main] o.s.c.g.r.RouteDefinitionRouteLocator    : Loaded RoutePredicateFactory [Header]
10:54:05:225  INFO 16240 --- [main] o.s.c.g.r.RouteDefinitionRouteLocator    : Loaded RoutePredicateFactory [Host]
10:54:05:225  INFO 16240 --- [main] o.s.c.g.r.RouteDefinitionRouteLocator    : Loaded RoutePredicateFactory [Method]
10:54:05:225  INFO 16240 --- [main] o.s.c.g.r.RouteDefinitionRouteLocator    : Loaded RoutePredicateFactory [Path]
10:54:05:225  INFO 16240 --- [main] o.s.c.g.r.RouteDefinitionRouteLocator    : Loaded RoutePredicateFactory [Query]
10:54:05:225  INFO 16240 --- [main] o.s.c.g.r.RouteDefinitionRouteLocator    : Loaded RoutePredicateFactory [ReadBody]
10:54:05:225  INFO 16240 --- [main] o.s.c.g.r.RouteDefinitionRouteLocator    : Loaded RoutePredicateFactory [RemoteAddr]
10:54:05:225  INFO 16240 --- [main] o.s.c.g.r.RouteDefinitionRouteLocator    : Loaded RoutePredicateFactory [XForwardedRemoteAddr]
10:54:05:225  INFO 16240 --- [main] o.s.c.g.r.RouteDefinitionRouteLocator    : Loaded RoutePredicateFactory [Weight]
10:54:05:225  INFO 16240 --- [main] o.s.c.g.r.RouteDefinitionRouteLocator    : Loaded RoutePredicateFactory [CloudFoundryRouteService]
10:54:06:482  INFO 16240 --- [main] o.s.cloud.commons.util.InetUtils         : Cannot determine local hostname
10:54:06:661  INFO 16240 --- [main] com.alibaba.nacos.common.remote.client   : [RpcClientFactory] create a new rpc client of 89c42086-8a76-4eac-ac10-a7232073ee43
10:54:06:687  INFO 16240 --- [main] org.reflections.Reflections              : Reflections took 15 ms to scan 1 urls, producing 3 keys and 6 values 
10:54:06:704  INFO 16240 --- [main] org.reflections.Reflections              : Reflections took 7 ms to scan 1 urls, producing 4 keys and 9 values 
10:54:06:710  INFO 16240 --- [main] org.reflections.Reflections              : Reflections took 5 ms to scan 1 urls, producing 3 keys and 10 values 
10:54:06:713  WARN 16240 --- [main] org.reflections.Reflections              : given scan urls are empty. set urls in the configuration
10:54:06:718  INFO 16240 --- [main] org.reflections.Reflections              : Reflections took 5 ms to scan 1 urls, producing 1 keys and 5 values 
10:54:06:724  INFO 16240 --- [main] org.reflections.Reflections              : Reflections took 4 ms to scan 1 urls, producing 1 keys and 7 values 
10:54:06:731  INFO 16240 --- [main] org.reflections.Reflections              : Reflections took 4 ms to scan 1 urls, producing 2 keys and 8 values 
10:54:06:732  WARN 16240 --- [main] org.reflections.Reflections              : given scan urls are empty. set urls in the configuration
10:54:06:733  INFO 16240 --- [main] com.alibaba.nacos.common.remote.client   : [89c42086-8a76-4eac-ac10-a7232073ee43] RpcClient init label, labels = {module=naming, source=sdk}
10:54:06:735  INFO 16240 --- [main] com.alibaba.nacos.common.remote.client   : [89c42086-8a76-4eac-ac10-a7232073ee43] RpcClient init, ServerListFactory = com.alibaba.nacos.client.naming.core.ServerListManager
10:54:06:736  INFO 16240 --- [main] com.alibaba.nacos.common.remote.client   : [89c42086-8a76-4eac-ac10-a7232073ee43] Registry connection listener to current client:com.alibaba.nacos.client.naming.remote.gprc.redo.NamingGrpcRedoService
10:54:06:736  INFO 16240 --- [main] com.alibaba.nacos.common.remote.client   : [89c42086-8a76-4eac-ac10-a7232073ee43] Register server push request handler:com.alibaba.nacos.client.naming.remote.gprc.NamingPushRequestHandler
10:54:06:737  INFO 16240 --- [main] com.alibaba.nacos.common.remote.client   : [89c42086-8a76-4eac-ac10-a7232073ee43] Try to connect to server on start up, server: {serverIp = '192.168.200.146', server main port = 8848}
10:54:07:756  INFO 16240 --- [main] com.alibaba.nacos.common.remote.client   : [89c42086-8a76-4eac-ac10-a7232073ee43] Success to connect to server [192.168.200.146:8848] on start up, connectionId = 1700880846612_192.168.200.1_13500
10:54:07:757  INFO 16240 --- [com.alibaba.nacos.client.remote.worker] com.alibaba.nacos.common.remote.client   : [89c42086-8a76-4eac-ac10-a7232073ee43] Notify connected event to listeners.
10:54:07:759  INFO 16240 --- [main] com.alibaba.nacos.common.remote.client   : [89c42086-8a76-4eac-ac10-a7232073ee43] Register server push request handler:com.alibaba.nacos.common.remote.client.RpcClient$ConnectResetRequestHandler
10:54:07:762  INFO 16240 --- [main] com.alibaba.nacos.common.remote.client   : [89c42086-8a76-4eac-ac10-a7232073ee43] Register server push request handler:com.alibaba.nacos.common.remote.client.RpcClient$$Lambda$792/0x000000080064e040
10:54:08:233  INFO 16240 --- [main] o.s.b.web.embedded.netty.NettyWebServer  : Netty started on port 8080
10:54:08:350  INFO 16240 --- [nacos-grpc-client-executor-6] com.alibaba.nacos.common.remote.client   : [89c42086-8a76-4eac-ac10-a7232073ee43] Receive server push request, request = NotifySubscriberRequest, requestId = 34
10:54:08:355  INFO 16240 --- [nacos-grpc-client-executor-6] com.alibaba.nacos.common.remote.client   : [89c42086-8a76-4eac-ac10-a7232073ee43] Ack server push request, request = NotifySubscriberRequest, requestId = 34
10:54:09:446  INFO 16240 --- [main] o.s.cloud.commons.util.InetUtils         : Cannot determine local hostname
10:54:10:651  INFO 16240 --- [main] o.s.cloud.commons.util.InetUtils         : Cannot determine local hostname
10:54:10:663  INFO 16240 --- [main] c.a.c.n.registry.NacosServiceRegistry    : nacos registry, DEFAULT_GROUP hm-gateway 192.168.200.1:8080 register finished
10:54:10:689  INFO 16240 --- [main] com.hmall.gateway.GatewayApplication     : Started GatewayApplication in 11.109 seconds (JVM running for 12.431)
10:54:11:251  INFO 16240 --- [nacos-grpc-client-executor-11] com.alibaba.nacos.common.remote.client   : [89c42086-8a76-4eac-ac10-a7232073ee43] Receive server push request, request = NotifySubscriberRequest, requestId = 35
10:54:11:258  INFO 16240 --- [nacos-grpc-client-executor-11] com.alibaba.nacos.common.remote.client   : [89c42086-8a76-4eac-ac10-a7232073ee43] Ack server push request, request = NotifySubscriberRequest, requestId = 35
10:54:23:991  INFO 16240 --- [nacos-grpc-client-executor-16] com.alibaba.nacos.common.remote.client   : [89c42086-8a76-4eac-ac10-a7232073ee43] Receive server push request, request = NotifySubscriberRequest, requestId = 36
10:54:23:992  INFO 16240 --- [nacos-grpc-client-executor-16] com.alibaba.nacos.common.remote.client   : [89c42086-8a76-4eac-ac10-a7232073ee43] Ack server push request, request = NotifySubscriberRequest, requestId = 36
10:54:25:194  INFO 16240 --- [nacos-grpc-client-executor-19] com.alibaba.nacos.common.remote.client   : [89c42086-8a76-4eac-ac10-a7232073ee43] Receive server push request, request = NotifySubscriberRequest, requestId = 37
10:54:25:197  INFO 16240 --- [nacos-grpc-client-executor-19] com.alibaba.nacos.common.remote.client   : [89c42086-8a76-4eac-ac10-a7232073ee43] Ack server push request, request = NotifySubscriberRequest, requestId = 37
10:54:59:803  INFO 16240 --- [nacos-grpc-client-executor-31] com.alibaba.nacos.common.remote.client   : [89c42086-8a76-4eac-ac10-a7232073ee43] Receive server push request, request = NotifySubscriberRequest, requestId = 39
10:54:59:803  INFO 16240 --- [nacos-grpc-client-executor-31] com.alibaba.nacos.common.remote.client   : [89c42086-8a76-4eac-ac10-a7232073ee43] Ack server push request, request = NotifySubscriberRequest, requestId = 39
11:29:25:092  INFO 16240 --- [com.alibaba.nacos.client.remote.worker] com.alibaba.nacos.common.remote.client   : [89c42086-8a76-4eac-ac10-a7232073ee43] Server healthy check fail, currentConnection = 1700880846612_192.168.200.1_13500
11:29:25:093  INFO 16240 --- [com.alibaba.nacos.client.remote.worker] com.alibaba.nacos.common.remote.client   : [89c42086-8a76-4eac-ac10-a7232073ee43] Try to reconnect to a new server, server is  not appointed, will choose a random server.
11:29:26:316 ERROR 16240 --- [com.alibaba.nacos.client.naming.updater.2] com.alibaba.nacos.common.remote.client   : Send request fail, request = ServiceQueryRequest{headers={app=unknown}, requestId='null'}, retryTimes = 0, errorMessage = Client not connected, current status:UNHEALTHY
11:29:26:425 ERROR 16240 --- [com.alibaba.nacos.client.naming.updater.2] com.alibaba.nacos.common.remote.client   : Send request fail, request = ServiceQueryRequest{headers={app=unknown}, requestId='null'}, retryTimes = 1, errorMessage = Client not connected, current status:UNHEALTHY
11:29:26:536 ERROR 16240 --- [com.alibaba.nacos.client.naming.updater.2] com.alibaba.nacos.common.remote.client   : Send request fail, request = ServiceQueryRequest{headers={app=unknown}, requestId='null'}, retryTimes = 2, errorMessage = Client not connected, current status:UNHEALTHY
11:29:28:099 ERROR 16240 --- [com.alibaba.nacos.client.remote.worker] c.a.n.c.remote.client.grpc.GrpcClient    : Server check fail, please check server 192.168.200.146 ,port 9848 is available , error ={}

java.util.concurrent.TimeoutException: Waited 3000 milliseconds (plus 2 milliseconds, 552600 nanoseconds delay) for com.alibaba.nacos.shaded.io.grpc.stub.ClientCalls$GrpcFuture@7496ce2a[status=PENDING, info=[GrpcFuture{clientCall={delegate={delegate=ClientCallImpl{method=MethodDescriptor{fullMethodName=Request/request, type=UNARY, idempotent=false, safe=false, sampledToLocalTracing=true, requestMarshaller=com.alibaba.nacos.shaded.io.grpc.protobuf.lite.ProtoLiteUtils$MessageMarshaller@560a7b91, responseMarshaller=com.alibaba.nacos.shaded.io.grpc.protobuf.lite.ProtoLiteUtils$MessageMarshaller@9e2657f, schemaDescriptor=com.alibaba.nacos.api.grpc.auto.RequestGrpc$RequestMethodDescriptorSupplier@1feb8b7c}}}}}]]
	at com.alibaba.nacos.shaded.com.google.common.util.concurrent.AbstractFuture.get(AbstractFuture.java:508) ~[nacos-client-2.0.4.jar:na]
	at com.alibaba.nacos.common.remote.client.grpc.GrpcClient.serverCheck(GrpcClient.java:148) ~[nacos-client-2.0.4.jar:na]
	at com.alibaba.nacos.common.remote.client.grpc.GrpcClient.connectToServer(GrpcClient.java:264) ~[nacos-client-2.0.4.jar:na]
	at com.alibaba.nacos.common.remote.client.RpcClient.reconnect(RpcClient.java:522) ~[nacos-client-2.0.4.jar:na]
	at com.alibaba.nacos.common.remote.client.RpcClient.lambda$start$2(RpcClient.java:370) ~[nacos-client-2.0.4.jar:na]
	at java.base/java.util.concurrent.Executors$RunnableAdapter.call(Executors.java:515) ~[na:na]
	at java.base/java.util.concurrent.FutureTask.run$$$capture(FutureTask.java:264) ~[na:na]
	at java.base/java.util.concurrent.FutureTask.run(FutureTask.java) ~[na:na]
	at java.base/java.util.concurrent.ScheduledThreadPoolExecutor$ScheduledFutureTask.run(ScheduledThreadPoolExecutor.java:304) ~[na:na]
	at java.base/java.util.concurrent.ThreadPoolExecutor.runWorker(ThreadPoolExecutor.java:1128) ~[na:na]
	at java.base/java.util.concurrent.ThreadPoolExecutor$Worker.run(ThreadPoolExecutor.java:628) ~[na:na]
	at java.base/java.lang.Thread.run(Thread.java:834) ~[na:na]

11:29:28:665 ERROR 16240 --- [com.alibaba.nacos.client.naming.updater.2] com.alibaba.nacos.common.remote.client   : Send request fail, request = ServiceQueryRequest{headers={app=unknown}, requestId='null'}, retryTimes = 0, errorMessage = Client not connected, current status:UNHEALTHY
11:29:28:775 ERROR 16240 --- [com.alibaba.nacos.client.naming.updater.2] com.alibaba.nacos.common.remote.client   : Send request fail, request = ServiceQueryRequest{headers={app=unknown}, requestId='null'}, retryTimes = 1, errorMessage = Client not connected, current status:UNHEALTHY
11:29:28:886 ERROR 16240 --- [com.alibaba.nacos.client.naming.updater.2] com.alibaba.nacos.common.remote.client   : Send request fail, request = ServiceQueryRequest{headers={app=unknown}, requestId='null'}, retryTimes = 2, errorMessage = Client not connected, current status:UNHEALTHY
11:29:29:769  INFO 16240 --- [com.alibaba.nacos.client.remote.worker] com.alibaba.nacos.common.remote.client   : [89c42086-8a76-4eac-ac10-a7232073ee43] Success to connect a server [192.168.200.146:8848], connectionId = 1700882968680_192.168.200.1_10558
11:29:29:770  INFO 16240 --- [com.alibaba.nacos.client.remote.worker] com.alibaba.nacos.common.remote.client   : [89c42086-8a76-4eac-ac10-a7232073ee43] Abandon prev connection, server is 192.168.200.146:8848, connectionId is 1700880846612_192.168.200.1_13500
11:29:29:770  INFO 16240 --- [com.alibaba.nacos.client.remote.worker] com.alibaba.nacos.common.remote.client   : Close current connection 1700880846612_192.168.200.1_13500
11:29:29:771  INFO 16240 --- [com.alibaba.nacos.client.remote.worker] com.alibaba.nacos.common.remote.client   : [89c42086-8a76-4eac-ac10-a7232073ee43] Notify disconnected event to listeners
11:29:29:775  INFO 16240 --- [com.alibaba.nacos.client.remote.worker] com.alibaba.nacos.common.remote.client   : [89c42086-8a76-4eac-ac10-a7232073ee43] Notify connected event to listeners.
11:29:29:777  WARN 16240 --- [nacos-grpc-client-executor-504] c.a.n.c.remote.client.grpc.GrpcClient    : [1700880846612_192.168.200.1_13500]Ignore error event,isRunning:true,isAbandon=true
11:29:31:115  INFO 16240 --- [nacos-grpc-client-executor-510] com.alibaba.nacos.common.remote.client   : [89c42086-8a76-4eac-ac10-a7232073ee43] Receive server push request, request = NotifySubscriberRequest, requestId = 42
11:29:31:125  INFO 16240 --- [nacos-grpc-client-executor-510] com.alibaba.nacos.common.remote.client   : [89c42086-8a76-4eac-ac10-a7232073ee43] Ack server push request, request = NotifySubscriberRequest, requestId = 42
11:29:31:137  INFO 16240 --- [nacos-grpc-client-executor-511] com.alibaba.nacos.common.remote.client   : [89c42086-8a76-4eac-ac10-a7232073ee43] Receive server push request, request = NotifySubscriberRequest, requestId = 44
11:29:31:143  INFO 16240 --- [nacos-grpc-client-executor-511] com.alibaba.nacos.common.remote.client   : [89c42086-8a76-4eac-ac10-a7232073ee43] Ack server push request, request = NotifySubscriberRequest, requestId = 44
11:29:31:153  INFO 16240 --- [nacos-grpc-client-executor-512] com.alibaba.nacos.common.remote.client   : [89c42086-8a76-4eac-ac10-a7232073ee43] Receive server push request, request = NotifySubscriberRequest, requestId = 43
11:29:31:154  INFO 16240 --- [nacos-grpc-client-executor-512] com.alibaba.nacos.common.remote.client   : [89c42086-8a76-4eac-ac10-a7232073ee43] Ack server push request, request = NotifySubscriberRequest, requestId = 43
11:29:31:166  INFO 16240 --- [nacos-grpc-client-executor-513] com.alibaba.nacos.common.remote.client   : [89c42086-8a76-4eac-ac10-a7232073ee43] Receive server push request, request = NotifySubscriberRequest, requestId = 45
11:29:31:166  INFO 16240 --- [nacos-grpc-client-executor-513] com.alibaba.nacos.common.remote.client   : [89c42086-8a76-4eac-ac10-a7232073ee43] Ack server push request, request = NotifySubscriberRequest, requestId = 45
11:29:31:798  INFO 16240 --- [nacos-grpc-client-executor-514] com.alibaba.nacos.common.remote.client   : [89c42086-8a76-4eac-ac10-a7232073ee43] Receive server push request, request = NotifySubscriberRequest, requestId = 47
11:29:31:804  INFO 16240 --- [nacos-grpc-client-executor-514] com.alibaba.nacos.common.remote.client   : [89c42086-8a76-4eac-ac10-a7232073ee43] Ack server push request, request = NotifySubscriberRequest, requestId = 47
11:29:32:702  INFO 16240 --- [nacos-grpc-client-executor-515] com.alibaba.nacos.common.remote.client   : [89c42086-8a76-4eac-ac10-a7232073ee43] Receive server push request, request = NotifySubscriberRequest, requestId = 51
11:29:32:712  INFO 16240 --- [nacos-grpc-client-executor-515] com.alibaba.nacos.common.remote.client   : [89c42086-8a76-4eac-ac10-a7232073ee43] Ack server push request, request = NotifySubscriberRequest, requestId = 51
11:35:55:895  INFO 16240 --- [nacos-grpc-client-executor-599] com.alibaba.nacos.common.remote.client   : [89c42086-8a76-4eac-ac10-a7232073ee43] Receive server push request, request = NotifySubscriberRequest, requestId = 53
11:35:55:905  INFO 16240 --- [nacos-grpc-client-executor-599] com.alibaba.nacos.common.remote.client   : [89c42086-8a76-4eac-ac10-a7232073ee43] Ack server push request, request = NotifySubscriberRequest, requestId = 53
11:36:22:015  INFO 16240 --- [nacos-grpc-client-executor-608] com.alibaba.nacos.common.remote.client   : [89c42086-8a76-4eac-ac10-a7232073ee43] Receive server push request, request = NotifySubscriberRequest, requestId = 55
11:36:22:024  INFO 16240 --- [nacos-grpc-client-executor-608] com.alibaba.nacos.common.remote.client   : [89c42086-8a76-4eac-ac10-a7232073ee43] Ack server push request, request = NotifySubscriberRequest, requestId = 55
11:38:56:988  INFO 16240 --- [nacos-grpc-client-executor-644] com.alibaba.nacos.common.remote.client   : [89c42086-8a76-4eac-ac10-a7232073ee43] Receive server push request, request = NotifySubscriberRequest, requestId = 58
11:38:57:005  INFO 16240 --- [nacos-grpc-client-executor-644] com.alibaba.nacos.common.remote.client   : [89c42086-8a76-4eac-ac10-a7232073ee43] Ack server push request, request = NotifySubscriberRequest, requestId = 58
11:39:13:654  INFO 16240 --- [nacos-grpc-client-executor-647] com.alibaba.nacos.common.remote.client   : [89c42086-8a76-4eac-ac10-a7232073ee43] Receive server push request, request = NotifySubscriberRequest, requestId = 60
11:39:13:665  INFO 16240 --- [nacos-grpc-client-executor-647] com.alibaba.nacos.common.remote.client   : [89c42086-8a76-4eac-ac10-a7232073ee43] Ack server push request, request = NotifySubscriberRequest, requestId = 60
12:58:46:840  INFO 16240 --- [com.alibaba.nacos.client.remote.worker] com.alibaba.nacos.common.remote.client   : [89c42086-8a76-4eac-ac10-a7232073ee43] Server healthy check fail, currentConnection = 1700882968680_192.168.200.1_10558
12:58:46:844  INFO 16240 --- [com.alibaba.nacos.client.remote.worker] com.alibaba.nacos.common.remote.client   : [89c42086-8a76-4eac-ac10-a7232073ee43] Try to reconnect to a new server, server is  not appointed, will choose a random server.
12:58:49:826  INFO 16240 --- [com.alibaba.nacos.client.remote.worker] com.alibaba.nacos.common.remote.client   : [89c42086-8a76-4eac-ac10-a7232073ee43] Success to connect a server [192.168.200.146:8848], connectionId = 1700888328667_192.168.200.1_2385
12:58:49:827  INFO 16240 --- [com.alibaba.nacos.client.remote.worker] com.alibaba.nacos.common.remote.client   : [89c42086-8a76-4eac-ac10-a7232073ee43] Abandon prev connection, server is 192.168.200.146:8848, connectionId is 1700882968680_192.168.200.1_10558
12:58:49:827  INFO 16240 --- [com.alibaba.nacos.client.remote.worker] com.alibaba.nacos.common.remote.client   : Close current connection 1700882968680_192.168.200.1_10558
12:58:49:829  INFO 16240 --- [com.alibaba.nacos.client.remote.worker] com.alibaba.nacos.common.remote.client   : [89c42086-8a76-4eac-ac10-a7232073ee43] Notify disconnected event to listeners
12:58:49:832  INFO 16240 --- [com.alibaba.nacos.client.remote.worker] com.alibaba.nacos.common.remote.client   : [89c42086-8a76-4eac-ac10-a7232073ee43] Notify connected event to listeners.
12:58:49:834  WARN 16240 --- [nacos-grpc-client-executor-1757] c.a.n.c.remote.client.grpc.GrpcClient    : [1700882968680_192.168.200.1_10558]Ignore error event,isRunning:true,isAbandon=true
12:58:51:606  INFO 16240 --- [nacos-grpc-client-executor-1764] com.alibaba.nacos.common.remote.client   : [89c42086-8a76-4eac-ac10-a7232073ee43] Receive server push request, request = NotifySubscriberRequest, requestId = 63
12:58:51:606  INFO 16240 --- [nacos-grpc-client-executor-1764] com.alibaba.nacos.common.remote.client   : [89c42086-8a76-4eac-ac10-a7232073ee43] Ack server push request, request = NotifySubscriberRequest, requestId = 63
12:58:51:615  INFO 16240 --- [nacos-grpc-client-executor-1765] com.alibaba.nacos.common.remote.client   : [89c42086-8a76-4eac-ac10-a7232073ee43] Receive server push request, request = NotifySubscriberRequest, requestId = 64
12:58:51:615  INFO 16240 --- [nacos-grpc-client-executor-1765] com.alibaba.nacos.common.remote.client   : [89c42086-8a76-4eac-ac10-a7232073ee43] Ack server push request, request = NotifySubscriberRequest, requestId = 64
12:58:52:007  INFO 16240 --- [nacos-grpc-client-executor-1766] com.alibaba.nacos.common.remote.client   : [89c42086-8a76-4eac-ac10-a7232073ee43] Receive server push request, request = NotifySubscriberRequest, requestId = 67
12:58:52:014  INFO 16240 --- [nacos-grpc-client-executor-1766] com.alibaba.nacos.common.remote.client   : [89c42086-8a76-4eac-ac10-a7232073ee43] Ack server push request, request = NotifySubscriberRequest, requestId = 67
12:58:52:016  INFO 16240 --- [nacos-grpc-client-executor-1767] com.alibaba.nacos.common.remote.client   : [89c42086-8a76-4eac-ac10-a7232073ee43] Receive server push request, request = NotifySubscriberRequest, requestId = 68
12:58:52:016  INFO 16240 --- [nacos-grpc-client-executor-1767] com.alibaba.nacos.common.remote.client   : [89c42086-8a76-4eac-ac10-a7232073ee43] Ack server push request, request = NotifySubscriberRequest, requestId = 68
12:58:53:081  INFO 16240 --- [nacos-grpc-client-executor-1768] com.alibaba.nacos.common.remote.client   : [89c42086-8a76-4eac-ac10-a7232073ee43] Receive server push request, request = NotifySubscriberRequest, requestId = 70
12:58:53:086  INFO 16240 --- [nacos-grpc-client-executor-1768] com.alibaba.nacos.common.remote.client   : [89c42086-8a76-4eac-ac10-a7232073ee43] Ack server push request, request = NotifySubscriberRequest, requestId = 70
13:20:45:901  INFO 16240 --- [nacos-grpc-client-executor-2074] com.alibaba.nacos.common.remote.client   : [89c42086-8a76-4eac-ac10-a7232073ee43] Receive server push request, request = NotifySubscriberRequest, requestId = 72
13:20:45:906  INFO 16240 --- [nacos-grpc-client-executor-2074] com.alibaba.nacos.common.remote.client   : [89c42086-8a76-4eac-ac10-a7232073ee43] Ack server push request, request = NotifySubscriberRequest, requestId = 72
13:21:47:060  INFO 16240 --- [nacos-grpc-client-executor-2088] com.alibaba.nacos.common.remote.client   : [89c42086-8a76-4eac-ac10-a7232073ee43] Receive server push request, request = NotifySubscriberRequest, requestId = 74
13:21:47:068  INFO 16240 --- [nacos-grpc-client-executor-2088] com.alibaba.nacos.common.remote.client   : [89c42086-8a76-4eac-ac10-a7232073ee43] Ack server push request, request = NotifySubscriberRequest, requestId = 74
14:05:31:007  INFO 16240 --- [nacos-grpc-client-executor-2647] com.alibaba.nacos.common.remote.client   : [89c42086-8a76-4eac-ac10-a7232073ee43] Receive server push request, request = NotifySubscriberRequest, requestId = 77
14:05:31:017  INFO 16240 --- [nacos-grpc-client-executor-2647] com.alibaba.nacos.common.remote.client   : [89c42086-8a76-4eac-ac10-a7232073ee43] Ack server push request, request = NotifySubscriberRequest, requestId = 77
14:05:33:800  INFO 16240 --- [nacos-grpc-client-executor-2648] com.alibaba.nacos.common.remote.client   : [89c42086-8a76-4eac-ac10-a7232073ee43] Receive server push request, request = NotifySubscriberRequest, requestId = 82
14:05:33:809  INFO 16240 --- [nacos-grpc-client-executor-2648] com.alibaba.nacos.common.remote.client   : [89c42086-8a76-4eac-ac10-a7232073ee43] Ack server push request, request = NotifySubscriberRequest, requestId = 82
14:34:28:107  INFO 16240 --- [com.alibaba.nacos.client.remote.worker] com.alibaba.nacos.common.remote.client   : [89c42086-8a76-4eac-ac10-a7232073ee43] Server healthy check fail, currentConnection = 1700888328667_192.168.200.1_2385
14:34:28:108  INFO 16240 --- [com.alibaba.nacos.client.remote.worker] com.alibaba.nacos.common.remote.client   : [89c42086-8a76-4eac-ac10-a7232073ee43] Try to reconnect to a new server, server is  not appointed, will choose a random server.
14:34:30:535  INFO 16240 --- [com.alibaba.nacos.client.remote.worker] com.alibaba.nacos.common.remote.client   : [89c42086-8a76-4eac-ac10-a7232073ee43] Success to connect a server [192.168.200.146:8848], connectionId = 1700894069163_192.168.200.1_12746
14:34:30:535  INFO 16240 --- [com.alibaba.nacos.client.remote.worker] com.alibaba.nacos.common.remote.client   : [89c42086-8a76-4eac-ac10-a7232073ee43] Abandon prev connection, server is 192.168.200.146:8848, connectionId is 1700888328667_192.168.200.1_2385
14:34:30:535  INFO 16240 --- [com.alibaba.nacos.client.remote.worker] com.alibaba.nacos.common.remote.client   : Close current connection 1700888328667_192.168.200.1_2385
14:34:30:537  INFO 16240 --- [com.alibaba.nacos.client.remote.worker] com.alibaba.nacos.common.remote.client   : [89c42086-8a76-4eac-ac10-a7232073ee43] Notify disconnected event to listeners
14:34:30:537  INFO 16240 --- [com.alibaba.nacos.client.remote.worker] com.alibaba.nacos.common.remote.client   : [89c42086-8a76-4eac-ac10-a7232073ee43] Notify connected event to listeners.
14:34:30:539  WARN 16240 --- [nacos-grpc-client-executor-3138] c.a.n.c.remote.client.grpc.GrpcClient    : [1700888328667_192.168.200.1_2385]Ignore error event,isRunning:true,isAbandon=true
14:34:30:915  INFO 16240 --- [nacos-grpc-client-executor-3145] com.alibaba.nacos.common.remote.client   : [89c42086-8a76-4eac-ac10-a7232073ee43] Receive server push request, request = NotifySubscriberRequest, requestId = 84
14:34:30:926  INFO 16240 --- [nacos-grpc-client-executor-3145] com.alibaba.nacos.common.remote.client   : [89c42086-8a76-4eac-ac10-a7232073ee43] Ack server push request, request = NotifySubscriberRequest, requestId = 84
14:34:31:113  INFO 16240 --- [nacos-grpc-client-executor-3146] com.alibaba.nacos.common.remote.client   : [89c42086-8a76-4eac-ac10-a7232073ee43] Receive server push request, request = NotifySubscriberRequest, requestId = 86
14:34:31:120  INFO 16240 --- [nacos-grpc-client-executor-3146] com.alibaba.nacos.common.remote.client   : [89c42086-8a76-4eac-ac10-a7232073ee43] Ack server push request, request = NotifySubscriberRequest, requestId = 86
14:34:31:127  INFO 16240 --- [nacos-grpc-client-executor-3147] com.alibaba.nacos.common.remote.client   : [89c42086-8a76-4eac-ac10-a7232073ee43] Receive server push request, request = NotifySubscriberRequest, requestId = 87
14:34:31:127  INFO 16240 --- [nacos-grpc-client-executor-3147] com.alibaba.nacos.common.remote.client   : [89c42086-8a76-4eac-ac10-a7232073ee43] Ack server push request, request = NotifySubscriberRequest, requestId = 87
14:34:31:418  INFO 16240 --- [nacos-grpc-client-executor-3148] com.alibaba.nacos.common.remote.client   : [89c42086-8a76-4eac-ac10-a7232073ee43] Receive server push request, request = NotifySubscriberRequest, requestId = 88
14:34:31:419  INFO 16240 --- [nacos-grpc-client-executor-3148] com.alibaba.nacos.common.remote.client   : [89c42086-8a76-4eac-ac10-a7232073ee43] Ack server push request, request = NotifySubscriberRequest, requestId = 88
14:34:32:426  INFO 16240 --- [nacos-grpc-client-executor-3149] com.alibaba.nacos.common.remote.client   : [89c42086-8a76-4eac-ac10-a7232073ee43] Receive server push request, request = NotifySubscriberRequest, requestId = 91
14:34:32:432  INFO 16240 --- [nacos-grpc-client-executor-3149] com.alibaba.nacos.common.remote.client   : [89c42086-8a76-4eac-ac10-a7232073ee43] Ack server push request, request = NotifySubscriberRequest, requestId = 91
14:34:32:622  INFO 16240 --- [nacos-grpc-client-executor-3150] com.alibaba.nacos.common.remote.client   : [89c42086-8a76-4eac-ac10-a7232073ee43] Receive server push request, request = NotifySubscriberRequest, requestId = 93
14:34:32:628  INFO 16240 --- [nacos-grpc-client-executor-3150] com.alibaba.nacos.common.remote.client   : [89c42086-8a76-4eac-ac10-a7232073ee43] Ack server push request, request = NotifySubscriberRequest, requestId = 93
15:48:12:430  WARN 16240 --- [Thread-4] c.a.nacos.common.notify.NotifyCenter     : [NotifyCenter] Start destroying Publisher
15:48:12:430  WARN 16240 --- [Thread-7] c.a.n.common.http.HttpClientBeanHolder   : [HttpClientBeanHolder] Start destroying common HttpClient
15:48:12:434  WARN 16240 --- [Thread-4] c.a.nacos.common.notify.NotifyCenter     : [NotifyCenter] Destruction of the end
15:48:12:442  WARN 16240 --- [Thread-7] c.a.n.common.http.HttpClientBeanHolder   : [HttpClientBeanHolder] Destruction of the end
15:48:12:638  INFO 16240 --- [SpringApplicationShutdownHook] c.a.c.n.registry.NacosServiceRegistry    : De-registering from Nacos Server now...
15:48:12:651  INFO 16240 --- [SpringApplicationShutdownHook] c.a.c.n.registry.NacosServiceRegistry    : De-registration finished.
15:48:12:988  INFO 16240 --- [SpringApplicationShutdownHook] com.alibaba.nacos.common.remote.client   : Shutdown rpc client, set status to shutdown
15:48:12:988  INFO 16240 --- [SpringApplicationShutdownHook] com.alibaba.nacos.common.remote.client   : Shutdown client event executor java.util.concurrent.ScheduledThreadPoolExecutor@5501c3a3[Running, pool size = 2, active threads = 2, queued tasks = 0, completed tasks = 0]
15:48:12:990  INFO 16240 --- [SpringApplicationShutdownHook] com.alibaba.nacos.common.remote.client   : Close current connection 1700894069163_192.168.200.1_12746
15:48:12:996  INFO 16240 --- [nacos-grpc-client-executor-4372] c.a.n.c.remote.client.grpc.GrpcClient    : [1700894069163_192.168.200.1_12746]Ignore complete event,isRunning:false,isAbandon=false
15:48:12:999  INFO 16240 --- [SpringApplicationShutdownHook] c.a.n.c.remote.client.grpc.GrpcClient    : Shutdown grpc executor java.util.concurrent.ThreadPoolExecutor@520427bb[Running, pool size = 5, active threads = 0, queued tasks = 0, completed tasks = 4373]
